DEBUG [2024-01-23 15:52:52] asyncio - Using selector: KqueueSelector
DEBUG [2024-01-23 15:52:52] httpx - load_ssl_context verify=True cert=None trust_env=True http2=False
DEBUG [2024-01-23 15:52:52] httpx - load_verify_locations cafile='/Library/Frameworks/Python.framework/Versions/3.12/lib/python3.12/site-packages/certifi/cacert.pem'
DEBUG [2024-01-23 15:52:52] httpcore.connection - connect_tcp.started host='localhost' port=8888 local_address=None timeout=5.0 socket_options=None
DEBUG [2024-01-23 15:52:52] httpcore.connection - connect_tcp.started host='localhost' port=8888 local_address=None timeout=5.0 socket_options=None
DEBUG [2024-01-23 15:52:52] httpcore.connection - connect_tcp.complete return_value=<httpcore._backends.anyio.AnyIOStream object at 0x1053b7a40>
DEBUG [2024-01-23 15:52:52] httpcore.http11 - send_request_headers.started request=<Request [b'POST']>
DEBUG [2024-01-23 15:52:52] httpcore.http11 - send_request_headers.complete
DEBUG [2024-01-23 15:52:52] httpcore.http11 - send_request_body.started request=<Request [b'POST']>
DEBUG [2024-01-23 15:52:52] httpcore.connection - connect_tcp.complete return_value=<httpcore._backends.anyio.AnyIOStream object at 0x1066f6ff0>
DEBUG [2024-01-23 15:52:52] httpcore.http11 - send_request_body.complete
DEBUG [2024-01-23 15:52:52] httpcore.http11 - receive_response_headers.started request=<Request [b'POST']>
DEBUG [2024-01-23 15:52:52] httpcore.http11 - send_request_headers.started request=<Request [b'POST']>
DEBUG [2024-01-23 15:52:52] httpcore.http11 - send_request_headers.complete
DEBUG [2024-01-23 15:52:52] httpcore.http11 - send_request_body.started request=<Request [b'POST']>
DEBUG [2024-01-23 15:52:52] httpcore.http11 - send_request_body.complete
DEBUG [2024-01-23 15:52:52] httpcore.http11 - receive_response_headers.started request=<Request [b'POST']>
DEBUG [2024-01-23 15:52:52] httpcore.http11 - receive_response_headers.complete return_value=(b'HTTP/1.1', 500, b'Internal Server Error', [(b'Server', b'TornadoServer/6.4'), (b'Content-Type', b'text/html; charset=UTF-8'), (b'Date', b'Tue, 23 Jan 2024 10:22:52 GMT'), (b'Content-Length', b'93')])
INFO [2024-01-23 15:52:52] httpx - HTTP Request: POST http://localhost:8888 "HTTP/1.1 500 Internal Server Error"
DEBUG [2024-01-23 15:52:52] httpcore.http11 - receive_response_body.started request=<Request [b'POST']>
DEBUG [2024-01-23 15:52:52] httpcore.http11 - receive_response_body.complete
DEBUG [2024-01-23 15:52:52] httpcore.http11 - response_closed.started
DEBUG [2024-01-23 15:52:52] httpcore.http11 - response_closed.complete
DEBUG [2024-01-23 15:52:52] httpcore.http11 - receive_response_headers.complete return_value=(b'HTTP/1.1', 500, b'Internal Server Error', [(b'Server', b'TornadoServer/6.4'), (b'Content-Type', b'text/html; charset=UTF-8'), (b'Date', b'Tue, 23 Jan 2024 10:22:52 GMT'), (b'Content-Length', b'93')])
INFO [2024-01-23 15:52:52] httpx - HTTP Request: POST http://localhost:8888 "HTTP/1.1 500 Internal Server Error"
DEBUG [2024-01-23 15:52:52] httpcore.http11 - receive_response_body.started request=<Request [b'POST']>
DEBUG [2024-01-23 15:52:52] httpcore.http11 - receive_response_body.complete
DEBUG [2024-01-23 15:52:52] httpcore.http11 - response_closed.started
DEBUG [2024-01-23 15:52:52] httpcore.http11 - response_closed.complete
DEBUG [2024-01-23 15:52:52] httpcore.http11 - send_request_headers.started request=<Request [b'GET']>
DEBUG [2024-01-23 15:52:52] httpcore.http11 - send_request_headers.complete
DEBUG [2024-01-23 15:52:52] httpcore.http11 - send_request_body.started request=<Request [b'GET']>
DEBUG [2024-01-23 15:52:52] httpcore.http11 - send_request_body.complete
DEBUG [2024-01-23 15:52:52] httpcore.http11 - receive_response_headers.started request=<Request [b'GET']>
DEBUG [2024-01-23 15:52:52] httpcore.http11 - send_request_headers.started request=<Request [b'GET']>
DEBUG [2024-01-23 15:52:52] httpcore.http11 - send_request_headers.complete
DEBUG [2024-01-23 15:52:52] httpcore.http11 - send_request_body.started request=<Request [b'GET']>
DEBUG [2024-01-23 15:52:52] httpcore.http11 - send_request_body.complete
DEBUG [2024-01-23 15:52:52] httpcore.http11 - receive_response_headers.started request=<Request [b'GET']>
DEBUG [2024-01-23 15:52:52] httpcore.http11 - receive_response_headers.complete return_value=(b'HTTP/1.1', 500, b'Internal Server Error', [(b'Server', b'TornadoServer/6.4'), (b'Content-Type', b'text/html; charset=UTF-8'), (b'Date', b'Tue, 23 Jan 2024 10:22:52 GMT'), (b'Content-Length', b'93')])
INFO [2024-01-23 15:52:52] httpx - HTTP Request: GET http://localhost:8888?c_id=%3Chtml%3E%3Ctitle%3E500:%20Internal%20Server%20Error%3C/title%3E%3Cbody%3E500:%20Internal%20Server%20Error%3C/body%3E%3C/html%3E "HTTP/1.1 500 Internal Server Error"
DEBUG [2024-01-23 15:52:52] httpcore.http11 - receive_response_body.started request=<Request [b'GET']>
DEBUG [2024-01-23 15:52:52] httpcore.http11 - receive_response_body.complete
DEBUG [2024-01-23 15:52:52] httpcore.http11 - response_closed.started
DEBUG [2024-01-23 15:52:52] httpcore.http11 - response_closed.complete
DEBUG [2024-01-23 15:52:52] httpcore.http11 - receive_response_headers.complete return_value=(b'HTTP/1.1', 500, b'Internal Server Error', [(b'Server', b'TornadoServer/6.4'), (b'Content-Type', b'text/html; charset=UTF-8'), (b'Date', b'Tue, 23 Jan 2024 10:22:52 GMT'), (b'Content-Length', b'93')])
INFO [2024-01-23 15:52:52] httpx - HTTP Request: GET http://localhost:8888?c_id=%3Chtml%3E%3Ctitle%3E500:%20Internal%20Server%20Error%3C/title%3E%3Cbody%3E500:%20Internal%20Server%20Error%3C/body%3E%3C/html%3E "HTTP/1.1 500 Internal Server Error"
DEBUG [2024-01-23 15:52:52] httpcore.http11 - receive_response_body.started request=<Request [b'GET']>
DEBUG [2024-01-23 15:52:52] httpcore.http11 - receive_response_body.complete
DEBUG [2024-01-23 15:52:52] httpcore.http11 - response_closed.started
DEBUG [2024-01-23 15:52:52] httpcore.http11 - response_closed.complete
DEBUG [2024-01-23 15:52:52] httpcore.connection - close.started
DEBUG [2024-01-23 15:52:52] httpcore.connection - close.complete
DEBUG [2024-01-23 15:52:52] httpcore.connection - close.started
DEBUG [2024-01-23 15:52:52] httpcore.connection - close.complete
DEBUG [2024-01-23 15:55:41] asyncio - Using selector: KqueueSelector
DEBUG [2024-01-23 15:55:41] httpx - load_ssl_context verify=True cert=None trust_env=True http2=False
DEBUG [2024-01-23 15:55:41] httpx - load_verify_locations cafile='/Library/Frameworks/Python.framework/Versions/3.12/lib/python3.12/site-packages/certifi/cacert.pem'
DEBUG [2024-01-23 15:55:41] httpcore.connection - connect_tcp.started host='localhost' port=8888 local_address=None timeout=5.0 socket_options=None
DEBUG [2024-01-23 15:55:41] httpcore.connection - connect_tcp.started host='localhost' port=8888 local_address=None timeout=5.0 socket_options=None
DEBUG [2024-01-23 15:55:41] httpcore.connection - connect_tcp.complete return_value=<httpcore._backends.anyio.AnyIOStream object at 0x100ddba40>
DEBUG [2024-01-23 15:55:41] httpcore.http11 - send_request_headers.started request=<Request [b'POST']>
DEBUG [2024-01-23 15:55:41] httpcore.http11 - send_request_headers.complete
DEBUG [2024-01-23 15:55:41] httpcore.http11 - send_request_body.started request=<Request [b'POST']>
DEBUG [2024-01-23 15:55:41] httpcore.connection - connect_tcp.complete return_value=<httpcore._backends.anyio.AnyIOStream object at 0x10211aff0>
DEBUG [2024-01-23 15:55:41] httpcore.http11 - send_request_body.complete
DEBUG [2024-01-23 15:55:41] httpcore.http11 - receive_response_headers.started request=<Request [b'POST']>
DEBUG [2024-01-23 15:55:41] httpcore.http11 - send_request_headers.started request=<Request [b'POST']>
DEBUG [2024-01-23 15:55:41] httpcore.http11 - send_request_headers.complete
DEBUG [2024-01-23 15:55:41] httpcore.http11 - send_request_body.started request=<Request [b'POST']>
DEBUG [2024-01-23 15:55:41] httpcore.http11 - send_request_body.complete
DEBUG [2024-01-23 15:55:41] httpcore.http11 - receive_response_headers.started request=<Request [b'POST']>
DEBUG [2024-01-23 15:55:41] httpcore.http11 - receive_response_headers.complete return_value=(b'HTTP/1.1', 200, b'OK', [(b'Server', b'TornadoServer/6.4'), (b'Content-Type', b'text/html; charset=UTF-8'), (b'Date', b'Tue, 23 Jan 2024 10:25:41 GMT'), (b'Content-Length', b'36')])
INFO [2024-01-23 15:55:41] httpx - HTTP Request: POST http://localhost:8888 "HTTP/1.1 200 OK"
DEBUG [2024-01-23 15:55:41] httpcore.http11 - receive_response_body.started request=<Request [b'POST']>
DEBUG [2024-01-23 15:55:41] httpcore.http11 - receive_response_body.complete
DEBUG [2024-01-23 15:55:41] httpcore.http11 - response_closed.started
DEBUG [2024-01-23 15:55:41] httpcore.http11 - response_closed.complete
DEBUG [2024-01-23 15:55:41] httpcore.http11 - receive_response_headers.complete return_value=(b'HTTP/1.1', 200, b'OK', [(b'Server', b'TornadoServer/6.4'), (b'Content-Type', b'text/html; charset=UTF-8'), (b'Date', b'Tue, 23 Jan 2024 10:25:41 GMT'), (b'Content-Length', b'36')])
INFO [2024-01-23 15:55:41] httpx - HTTP Request: POST http://localhost:8888 "HTTP/1.1 200 OK"
DEBUG [2024-01-23 15:55:41] httpcore.http11 - receive_response_body.started request=<Request [b'POST']>
DEBUG [2024-01-23 15:55:41] httpcore.http11 - receive_response_body.complete
DEBUG [2024-01-23 15:55:41] httpcore.http11 - response_closed.started
DEBUG [2024-01-23 15:55:41] httpcore.http11 - response_closed.complete
DEBUG [2024-01-23 15:55:41] httpcore.http11 - send_request_headers.started request=<Request [b'GET']>
DEBUG [2024-01-23 15:55:41] httpcore.http11 - send_request_headers.complete
DEBUG [2024-01-23 15:55:41] httpcore.http11 - send_request_body.started request=<Request [b'GET']>
DEBUG [2024-01-23 15:55:41] httpcore.http11 - send_request_body.complete
DEBUG [2024-01-23 15:55:41] httpcore.http11 - receive_response_headers.started request=<Request [b'GET']>
DEBUG [2024-01-23 15:55:41] httpcore.http11 - send_request_headers.started request=<Request [b'GET']>
DEBUG [2024-01-23 15:55:41] httpcore.http11 - send_request_headers.complete
DEBUG [2024-01-23 15:55:41] httpcore.http11 - send_request_body.started request=<Request [b'GET']>
DEBUG [2024-01-23 15:55:41] httpcore.http11 - send_request_body.complete
DEBUG [2024-01-23 15:55:41] httpcore.http11 - receive_response_headers.started request=<Request [b'GET']>
DEBUG [2024-01-23 15:55:41] httpcore.http11 - receive_response_headers.complete return_value=(b'HTTP/1.1', 500, b'Internal Server Error', [(b'Server', b'TornadoServer/6.4'), (b'Content-Type', b'text/html; charset=UTF-8'), (b'Date', b'Tue, 23 Jan 2024 10:25:41 GMT'), (b'Content-Length', b'93')])
INFO [2024-01-23 15:55:41] httpx - HTTP Request: GET http://localhost:8888?c_id=e5fd29ab-4827-4bd0-8966-caff8460e862 "HTTP/1.1 500 Internal Server Error"
DEBUG [2024-01-23 15:55:41] httpcore.http11 - receive_response_body.started request=<Request [b'GET']>
DEBUG [2024-01-23 15:55:41] httpcore.http11 - receive_response_body.complete
DEBUG [2024-01-23 15:55:41] httpcore.http11 - response_closed.started
DEBUG [2024-01-23 15:55:41] httpcore.http11 - response_closed.complete
DEBUG [2024-01-23 15:55:41] httpcore.http11 - receive_response_headers.complete return_value=(b'HTTP/1.1', 500, b'Internal Server Error', [(b'Server', b'TornadoServer/6.4'), (b'Content-Type', b'text/html; charset=UTF-8'), (b'Date', b'Tue, 23 Jan 2024 10:25:41 GMT'), (b'Content-Length', b'93')])
INFO [2024-01-23 15:55:41] httpx - HTTP Request: GET http://localhost:8888?c_id=df63644a-ead0-4859-a4fa-13eb2e36f12c "HTTP/1.1 500 Internal Server Error"
DEBUG [2024-01-23 15:55:41] httpcore.http11 - receive_response_body.started request=<Request [b'GET']>
DEBUG [2024-01-23 15:55:41] httpcore.http11 - receive_response_body.complete
DEBUG [2024-01-23 15:55:41] httpcore.http11 - response_closed.started
DEBUG [2024-01-23 15:55:41] httpcore.http11 - response_closed.complete
DEBUG [2024-01-23 15:55:41] httpcore.connection - close.started
DEBUG [2024-01-23 15:55:41] httpcore.connection - close.complete
DEBUG [2024-01-23 15:55:41] httpcore.connection - close.started
DEBUG [2024-01-23 15:55:41] httpcore.connection - close.complete
DEBUG [2024-01-23 16:00:12] asyncio - Using selector: KqueueSelector
DEBUG [2024-01-23 16:00:12] httpx - load_ssl_context verify=True cert=None trust_env=True http2=False
DEBUG [2024-01-23 16:00:12] httpx - load_verify_locations cafile='/Library/Frameworks/Python.framework/Versions/3.12/lib/python3.12/site-packages/certifi/cacert.pem'
DEBUG [2024-01-23 16:00:12] httpcore.connection - connect_tcp.started host='localhost' port=8888 local_address=None timeout=5.0 socket_options=None
DEBUG [2024-01-23 16:00:12] httpcore.connection - connect_tcp.started host='localhost' port=8888 local_address=None timeout=5.0 socket_options=None
DEBUG [2024-01-23 16:00:12] httpcore.connection - connect_tcp.complete return_value=<httpcore._backends.anyio.AnyIOStream object at 0x106ae8f50>
DEBUG [2024-01-23 16:00:12] httpcore.http11 - send_request_headers.started request=<Request [b'POST']>
DEBUG [2024-01-23 16:00:12] httpcore.http11 - send_request_headers.complete
DEBUG [2024-01-23 16:00:12] httpcore.http11 - send_request_body.started request=<Request [b'POST']>
DEBUG [2024-01-23 16:00:12] httpcore.connection - connect_tcp.complete return_value=<httpcore._backends.anyio.AnyIOStream object at 0x105837a40>
DEBUG [2024-01-23 16:00:12] httpcore.http11 - send_request_body.complete
DEBUG [2024-01-23 16:00:12] httpcore.http11 - receive_response_headers.started request=<Request [b'POST']>
DEBUG [2024-01-23 16:00:12] httpcore.http11 - send_request_headers.started request=<Request [b'POST']>
DEBUG [2024-01-23 16:00:12] httpcore.http11 - send_request_headers.complete
DEBUG [2024-01-23 16:00:12] httpcore.http11 - send_request_body.started request=<Request [b'POST']>
DEBUG [2024-01-23 16:00:12] httpcore.http11 - send_request_body.complete
DEBUG [2024-01-23 16:00:12] httpcore.http11 - receive_response_headers.started request=<Request [b'POST']>
DEBUG [2024-01-23 16:00:12] httpcore.http11 - receive_response_headers.complete return_value=(b'HTTP/1.1', 200, b'OK', [(b'Server', b'TornadoServer/6.4'), (b'Content-Type', b'text/html; charset=UTF-8'), (b'Date', b'Tue, 23 Jan 2024 10:30:12 GMT'), (b'Content-Length', b'36')])
INFO [2024-01-23 16:00:12] httpx - HTTP Request: POST http://localhost:8888 "HTTP/1.1 200 OK"
DEBUG [2024-01-23 16:00:12] httpcore.http11 - receive_response_body.started request=<Request [b'POST']>
DEBUG [2024-01-23 16:00:12] httpcore.http11 - receive_response_body.complete
DEBUG [2024-01-23 16:00:12] httpcore.http11 - response_closed.started
DEBUG [2024-01-23 16:00:12] httpcore.http11 - response_closed.complete
DEBUG [2024-01-23 16:00:12] httpcore.http11 - receive_response_headers.complete return_value=(b'HTTP/1.1', 200, b'OK', [(b'Server', b'TornadoServer/6.4'), (b'Content-Type', b'text/html; charset=UTF-8'), (b'Date', b'Tue, 23 Jan 2024 10:30:12 GMT'), (b'Content-Length', b'36')])
INFO [2024-01-23 16:00:12] httpx - HTTP Request: POST http://localhost:8888 "HTTP/1.1 200 OK"
DEBUG [2024-01-23 16:00:12] httpcore.http11 - receive_response_body.started request=<Request [b'POST']>
DEBUG [2024-01-23 16:00:12] httpcore.http11 - receive_response_body.complete
DEBUG [2024-01-23 16:00:12] httpcore.http11 - response_closed.started
DEBUG [2024-01-23 16:00:12] httpcore.http11 - response_closed.complete
DEBUG [2024-01-23 16:00:12] httpcore.http11 - send_request_headers.started request=<Request [b'GET']>
DEBUG [2024-01-23 16:00:12] httpcore.http11 - send_request_headers.complete
DEBUG [2024-01-23 16:00:12] httpcore.http11 - send_request_body.started request=<Request [b'GET']>
DEBUG [2024-01-23 16:00:12] httpcore.http11 - send_request_body.complete
DEBUG [2024-01-23 16:00:12] httpcore.http11 - receive_response_headers.started request=<Request [b'GET']>
DEBUG [2024-01-23 16:00:12] httpcore.http11 - send_request_headers.started request=<Request [b'GET']>
DEBUG [2024-01-23 16:00:12] httpcore.http11 - send_request_headers.complete
DEBUG [2024-01-23 16:00:12] httpcore.http11 - send_request_body.started request=<Request [b'GET']>
DEBUG [2024-01-23 16:00:12] httpcore.http11 - send_request_body.complete
DEBUG [2024-01-23 16:00:12] httpcore.http11 - receive_response_headers.started request=<Request [b'GET']>
DEBUG [2024-01-23 16:00:12] httpcore.http11 - receive_response_headers.complete return_value=(b'HTTP/1.1', 500, b'Internal Server Error', [(b'Server', b'TornadoServer/6.4'), (b'Content-Type', b'text/html; charset=UTF-8'), (b'Date', b'Tue, 23 Jan 2024 10:30:12 GMT'), (b'Content-Length', b'93')])
INFO [2024-01-23 16:00:12] httpx - HTTP Request: GET http://localhost:8888?c_id=074d3c10-94ab-4e65-af32-4b27e67a7621 "HTTP/1.1 500 Internal Server Error"
DEBUG [2024-01-23 16:00:12] httpcore.http11 - receive_response_body.started request=<Request [b'GET']>
DEBUG [2024-01-23 16:00:12] httpcore.http11 - receive_response_body.complete
DEBUG [2024-01-23 16:00:12] httpcore.http11 - response_closed.started
DEBUG [2024-01-23 16:00:12] httpcore.http11 - response_closed.complete
DEBUG [2024-01-23 16:00:12] httpcore.http11 - receive_response_headers.complete return_value=(b'HTTP/1.1', 500, b'Internal Server Error', [(b'Server', b'TornadoServer/6.4'), (b'Content-Type', b'text/html; charset=UTF-8'), (b'Date', b'Tue, 23 Jan 2024 10:30:12 GMT'), (b'Content-Length', b'93')])
INFO [2024-01-23 16:00:12] httpx - HTTP Request: GET http://localhost:8888?c_id=2e68ed6d-d61f-4d1d-883d-117856ded29c "HTTP/1.1 500 Internal Server Error"
DEBUG [2024-01-23 16:00:12] httpcore.http11 - receive_response_body.started request=<Request [b'GET']>
DEBUG [2024-01-23 16:00:12] httpcore.http11 - receive_response_body.complete
DEBUG [2024-01-23 16:00:12] httpcore.http11 - response_closed.started
DEBUG [2024-01-23 16:00:12] httpcore.http11 - response_closed.complete
DEBUG [2024-01-23 16:00:12] httpcore.connection - close.started
DEBUG [2024-01-23 16:00:12] httpcore.connection - close.complete
DEBUG [2024-01-23 16:00:12] httpcore.connection - close.started
DEBUG [2024-01-23 16:00:12] httpcore.connection - close.complete
DEBUG [2024-01-23 16:02:57] asyncio - Using selector: KqueueSelector
DEBUG [2024-01-23 16:02:57] httpx - load_ssl_context verify=True cert=None trust_env=True http2=False
DEBUG [2024-01-23 16:02:57] httpx - load_verify_locations cafile='/Library/Frameworks/Python.framework/Versions/3.12/lib/python3.12/site-packages/certifi/cacert.pem'
DEBUG [2024-01-23 16:02:57] httpcore.connection - connect_tcp.started host='localhost' port=8888 local_address=None timeout=5.0 socket_options=None
DEBUG [2024-01-23 16:02:57] httpcore.connection - connect_tcp.started host='localhost' port=8888 local_address=None timeout=5.0 socket_options=None
DEBUG [2024-01-23 16:02:57] httpcore.connection - connect_tcp.complete return_value=<httpcore._backends.anyio.AnyIOStream object at 0x105097a40>
DEBUG [2024-01-23 16:02:57] httpcore.http11 - send_request_headers.started request=<Request [b'POST']>
DEBUG [2024-01-23 16:02:57] httpcore.http11 - send_request_headers.complete
DEBUG [2024-01-23 16:02:57] httpcore.http11 - send_request_body.started request=<Request [b'POST']>
DEBUG [2024-01-23 16:02:57] httpcore.connection - connect_tcp.complete return_value=<httpcore._backends.anyio.AnyIOStream object at 0x1063d6ff0>
DEBUG [2024-01-23 16:02:57] httpcore.http11 - send_request_body.complete
DEBUG [2024-01-23 16:02:57] httpcore.http11 - receive_response_headers.started request=<Request [b'POST']>
DEBUG [2024-01-23 16:02:57] httpcore.http11 - send_request_headers.started request=<Request [b'POST']>
DEBUG [2024-01-23 16:02:57] httpcore.http11 - send_request_headers.complete
DEBUG [2024-01-23 16:02:57] httpcore.http11 - send_request_body.started request=<Request [b'POST']>
DEBUG [2024-01-23 16:02:57] httpcore.http11 - send_request_body.complete
DEBUG [2024-01-23 16:02:57] httpcore.http11 - receive_response_headers.started request=<Request [b'POST']>
DEBUG [2024-01-23 16:02:57] httpcore.http11 - receive_response_headers.complete return_value=(b'HTTP/1.1', 200, b'OK', [(b'Server', b'TornadoServer/6.4'), (b'Content-Type', b'text/html; charset=UTF-8'), (b'Date', b'Tue, 23 Jan 2024 10:32:57 GMT'), (b'Content-Length', b'36')])
INFO [2024-01-23 16:02:57] httpx - HTTP Request: POST http://localhost:8888 "HTTP/1.1 200 OK"
DEBUG [2024-01-23 16:02:57] httpcore.http11 - receive_response_body.started request=<Request [b'POST']>
DEBUG [2024-01-23 16:02:57] httpcore.http11 - receive_response_body.complete
DEBUG [2024-01-23 16:02:57] httpcore.http11 - response_closed.started
DEBUG [2024-01-23 16:02:57] httpcore.http11 - response_closed.complete
DEBUG [2024-01-23 16:02:57] httpcore.http11 - receive_response_headers.complete return_value=(b'HTTP/1.1', 200, b'OK', [(b'Server', b'TornadoServer/6.4'), (b'Content-Type', b'text/html; charset=UTF-8'), (b'Date', b'Tue, 23 Jan 2024 10:32:57 GMT'), (b'Content-Length', b'36')])
INFO [2024-01-23 16:02:57] httpx - HTTP Request: POST http://localhost:8888 "HTTP/1.1 200 OK"
DEBUG [2024-01-23 16:02:57] httpcore.http11 - receive_response_body.started request=<Request [b'POST']>
DEBUG [2024-01-23 16:02:57] httpcore.http11 - receive_response_body.complete
DEBUG [2024-01-23 16:02:57] httpcore.http11 - response_closed.started
DEBUG [2024-01-23 16:02:57] httpcore.http11 - response_closed.complete
DEBUG [2024-01-23 16:02:57] httpcore.http11 - send_request_headers.started request=<Request [b'GET']>
DEBUG [2024-01-23 16:02:57] httpcore.http11 - send_request_headers.complete
DEBUG [2024-01-23 16:02:57] httpcore.http11 - send_request_body.started request=<Request [b'GET']>
DEBUG [2024-01-23 16:02:57] httpcore.http11 - send_request_body.complete
DEBUG [2024-01-23 16:02:57] httpcore.http11 - receive_response_headers.started request=<Request [b'GET']>
DEBUG [2024-01-23 16:02:57] httpcore.http11 - send_request_headers.started request=<Request [b'GET']>
DEBUG [2024-01-23 16:02:57] httpcore.http11 - send_request_headers.complete
DEBUG [2024-01-23 16:02:57] httpcore.http11 - send_request_body.started request=<Request [b'GET']>
DEBUG [2024-01-23 16:02:57] httpcore.http11 - send_request_body.complete
DEBUG [2024-01-23 16:02:57] httpcore.http11 - receive_response_headers.started request=<Request [b'GET']>
DEBUG [2024-01-23 16:02:57] httpcore.http11 - receive_response_headers.complete return_value=(b'HTTP/1.1', 500, b'Internal Server Error', [(b'Server', b'TornadoServer/6.4'), (b'Content-Type', b'text/html; charset=UTF-8'), (b'Date', b'Tue, 23 Jan 2024 10:32:57 GMT'), (b'Content-Length', b'93')])
INFO [2024-01-23 16:02:57] httpx - HTTP Request: GET http://localhost:8888?c_id=1a6ef0e5-f7af-4f01-9f3d-19677e90128a "HTTP/1.1 500 Internal Server Error"
DEBUG [2024-01-23 16:02:57] httpcore.http11 - receive_response_body.started request=<Request [b'GET']>
DEBUG [2024-01-23 16:02:57] httpcore.http11 - receive_response_body.complete
DEBUG [2024-01-23 16:02:57] httpcore.http11 - response_closed.started
DEBUG [2024-01-23 16:02:57] httpcore.http11 - response_closed.complete
DEBUG [2024-01-23 16:02:57] httpcore.http11 - receive_response_headers.complete return_value=(b'HTTP/1.1', 500, b'Internal Server Error', [(b'Server', b'TornadoServer/6.4'), (b'Content-Type', b'text/html; charset=UTF-8'), (b'Date', b'Tue, 23 Jan 2024 10:32:57 GMT'), (b'Content-Length', b'93')])
INFO [2024-01-23 16:02:57] httpx - HTTP Request: GET http://localhost:8888?c_id=a9537e8d-40c1-41cc-8388-82f789ed4393 "HTTP/1.1 500 Internal Server Error"
DEBUG [2024-01-23 16:02:57] httpcore.http11 - receive_response_body.started request=<Request [b'GET']>
DEBUG [2024-01-23 16:02:57] httpcore.http11 - receive_response_body.complete
DEBUG [2024-01-23 16:02:57] httpcore.http11 - response_closed.started
DEBUG [2024-01-23 16:02:57] httpcore.http11 - response_closed.complete
DEBUG [2024-01-23 16:02:57] httpcore.connection - close.started
DEBUG [2024-01-23 16:02:57] httpcore.connection - close.complete
DEBUG [2024-01-23 16:02:57] httpcore.connection - close.started
DEBUG [2024-01-23 16:02:57] httpcore.connection - close.complete
DEBUG [2024-01-23 16:05:01] asyncio - Using selector: KqueueSelector
DEBUG [2024-01-23 16:05:01] httpx - load_ssl_context verify=True cert=None trust_env=True http2=False
DEBUG [2024-01-23 16:05:01] httpx - load_verify_locations cafile='/Library/Frameworks/Python.framework/Versions/3.12/lib/python3.12/site-packages/certifi/cacert.pem'
DEBUG [2024-01-23 16:05:01] httpcore.connection - connect_tcp.started host='localhost' port=8888 local_address=None timeout=5.0 socket_options=None
DEBUG [2024-01-23 16:05:01] httpcore.connection - connect_tcp.started host='localhost' port=8888 local_address=None timeout=5.0 socket_options=None
DEBUG [2024-01-23 16:05:01] httpcore.connection - connect_tcp.complete return_value=<httpcore._backends.anyio.AnyIOStream object at 0x1050a7a40>
DEBUG [2024-01-23 16:05:01] httpcore.http11 - send_request_headers.started request=<Request [b'POST']>
DEBUG [2024-01-23 16:05:01] httpcore.http11 - send_request_headers.complete
DEBUG [2024-01-23 16:05:01] httpcore.http11 - send_request_body.started request=<Request [b'POST']>
DEBUG [2024-01-23 16:05:01] httpcore.connection - connect_tcp.complete return_value=<httpcore._backends.anyio.AnyIOStream object at 0x1063e6ff0>
DEBUG [2024-01-23 16:05:01] httpcore.http11 - send_request_body.complete
DEBUG [2024-01-23 16:05:01] httpcore.http11 - receive_response_headers.started request=<Request [b'POST']>
DEBUG [2024-01-23 16:05:01] httpcore.http11 - send_request_headers.started request=<Request [b'POST']>
DEBUG [2024-01-23 16:05:01] httpcore.http11 - send_request_headers.complete
DEBUG [2024-01-23 16:05:01] httpcore.http11 - send_request_body.started request=<Request [b'POST']>
DEBUG [2024-01-23 16:05:01] httpcore.http11 - send_request_body.complete
DEBUG [2024-01-23 16:05:01] httpcore.http11 - receive_response_headers.started request=<Request [b'POST']>
DEBUG [2024-01-23 16:05:01] httpcore.http11 - receive_response_headers.complete return_value=(b'HTTP/1.1', 200, b'OK', [(b'Server', b'TornadoServer/6.4'), (b'Content-Type', b'text/html; charset=UTF-8'), (b'Date', b'Tue, 23 Jan 2024 10:35:01 GMT'), (b'Content-Length', b'36')])
INFO [2024-01-23 16:05:01] httpx - HTTP Request: POST http://localhost:8888 "HTTP/1.1 200 OK"
DEBUG [2024-01-23 16:05:01] httpcore.http11 - receive_response_body.started request=<Request [b'POST']>
DEBUG [2024-01-23 16:05:01] httpcore.http11 - receive_response_body.complete
DEBUG [2024-01-23 16:05:01] httpcore.http11 - response_closed.started
DEBUG [2024-01-23 16:05:01] httpcore.http11 - response_closed.complete
DEBUG [2024-01-23 16:05:01] httpcore.http11 - receive_response_headers.complete return_value=(b'HTTP/1.1', 200, b'OK', [(b'Server', b'TornadoServer/6.4'), (b'Content-Type', b'text/html; charset=UTF-8'), (b'Date', b'Tue, 23 Jan 2024 10:35:01 GMT'), (b'Content-Length', b'36')])
INFO [2024-01-23 16:05:01] httpx - HTTP Request: POST http://localhost:8888 "HTTP/1.1 200 OK"
DEBUG [2024-01-23 16:05:01] httpcore.http11 - receive_response_body.started request=<Request [b'POST']>
DEBUG [2024-01-23 16:05:01] httpcore.http11 - receive_response_body.complete
DEBUG [2024-01-23 16:05:01] httpcore.http11 - response_closed.started
DEBUG [2024-01-23 16:05:01] httpcore.http11 - response_closed.complete
DEBUG [2024-01-23 16:05:01] httpcore.http11 - send_request_headers.started request=<Request [b'GET']>
DEBUG [2024-01-23 16:05:01] httpcore.http11 - send_request_headers.complete
DEBUG [2024-01-23 16:05:01] httpcore.http11 - send_request_body.started request=<Request [b'GET']>
DEBUG [2024-01-23 16:05:01] httpcore.http11 - send_request_body.complete
DEBUG [2024-01-23 16:05:01] httpcore.http11 - receive_response_headers.started request=<Request [b'GET']>
DEBUG [2024-01-23 16:05:01] httpcore.http11 - send_request_headers.started request=<Request [b'GET']>
DEBUG [2024-01-23 16:05:01] httpcore.http11 - send_request_headers.complete
DEBUG [2024-01-23 16:05:01] httpcore.http11 - send_request_body.started request=<Request [b'GET']>
DEBUG [2024-01-23 16:05:01] httpcore.http11 - send_request_body.complete
DEBUG [2024-01-23 16:05:01] httpcore.http11 - receive_response_headers.started request=<Request [b'GET']>
DEBUG [2024-01-23 16:05:01] httpcore.http11 - receive_response_headers.complete return_value=(b'HTTP/1.1', 500, b'Internal Server Error', [(b'Server', b'TornadoServer/6.4'), (b'Content-Type', b'text/html; charset=UTF-8'), (b'Date', b'Tue, 23 Jan 2024 10:35:01 GMT'), (b'Content-Length', b'93')])
INFO [2024-01-23 16:05:01] httpx - HTTP Request: GET http://localhost:8888?c_id=568011b1-5cd2-4071-83e8-53161650257c "HTTP/1.1 500 Internal Server Error"
DEBUG [2024-01-23 16:05:01] httpcore.http11 - receive_response_body.started request=<Request [b'GET']>
DEBUG [2024-01-23 16:05:01] httpcore.http11 - receive_response_body.complete
DEBUG [2024-01-23 16:05:01] httpcore.http11 - response_closed.started
DEBUG [2024-01-23 16:05:01] httpcore.http11 - response_closed.complete
DEBUG [2024-01-23 16:05:01] httpcore.http11 - receive_response_headers.complete return_value=(b'HTTP/1.1', 500, b'Internal Server Error', [(b'Server', b'TornadoServer/6.4'), (b'Content-Type', b'text/html; charset=UTF-8'), (b'Date', b'Tue, 23 Jan 2024 10:35:01 GMT'), (b'Content-Length', b'93')])
INFO [2024-01-23 16:05:01] httpx - HTTP Request: GET http://localhost:8888?c_id=e79b6647-21ab-4434-8886-df67aa36e70c "HTTP/1.1 500 Internal Server Error"
DEBUG [2024-01-23 16:05:01] httpcore.http11 - receive_response_body.started request=<Request [b'GET']>
DEBUG [2024-01-23 16:05:01] httpcore.http11 - receive_response_body.complete
DEBUG [2024-01-23 16:05:01] httpcore.http11 - response_closed.started
DEBUG [2024-01-23 16:05:01] httpcore.http11 - response_closed.complete
DEBUG [2024-01-23 16:05:01] httpcore.connection - close.started
DEBUG [2024-01-23 16:05:01] httpcore.connection - close.complete
DEBUG [2024-01-23 16:05:01] httpcore.connection - close.started
DEBUG [2024-01-23 16:05:01] httpcore.connection - close.complete
DEBUG [2024-01-23 16:05:24] asyncio - Using selector: KqueueSelector
DEBUG [2024-01-23 16:05:24] httpx - load_ssl_context verify=True cert=None trust_env=True http2=False
DEBUG [2024-01-23 16:05:24] httpx - load_verify_locations cafile='/Library/Frameworks/Python.framework/Versions/3.12/lib/python3.12/site-packages/certifi/cacert.pem'
DEBUG [2024-01-23 16:05:24] httpcore.connection - connect_tcp.started host='localhost' port=8888 local_address=None timeout=5.0 socket_options=None
DEBUG [2024-01-23 16:05:24] httpcore.connection - connect_tcp.started host='localhost' port=8888 local_address=None timeout=5.0 socket_options=None
DEBUG [2024-01-23 16:05:24] httpcore.connection - connect_tcp.complete return_value=<httpcore._backends.anyio.AnyIOStream object at 0x1056ffa40>
DEBUG [2024-01-23 16:05:24] httpcore.http11 - send_request_headers.started request=<Request [b'POST']>
DEBUG [2024-01-23 16:05:24] httpcore.http11 - send_request_headers.complete
DEBUG [2024-01-23 16:05:24] httpcore.http11 - send_request_body.started request=<Request [b'POST']>
DEBUG [2024-01-23 16:05:24] httpcore.connection - connect_tcp.complete return_value=<httpcore._backends.anyio.AnyIOStream object at 0x106a3eff0>
DEBUG [2024-01-23 16:05:24] httpcore.http11 - send_request_body.complete
DEBUG [2024-01-23 16:05:24] httpcore.http11 - receive_response_headers.started request=<Request [b'POST']>
DEBUG [2024-01-23 16:05:24] httpcore.http11 - send_request_headers.started request=<Request [b'POST']>
DEBUG [2024-01-23 16:05:24] httpcore.http11 - send_request_headers.complete
DEBUG [2024-01-23 16:05:24] httpcore.http11 - send_request_body.started request=<Request [b'POST']>
DEBUG [2024-01-23 16:05:24] httpcore.http11 - send_request_body.complete
DEBUG [2024-01-23 16:05:24] httpcore.http11 - receive_response_headers.started request=<Request [b'POST']>
DEBUG [2024-01-23 16:05:24] httpcore.http11 - receive_response_headers.complete return_value=(b'HTTP/1.1', 200, b'OK', [(b'Server', b'TornadoServer/6.4'), (b'Content-Type', b'text/html; charset=UTF-8'), (b'Date', b'Tue, 23 Jan 2024 10:35:24 GMT'), (b'Content-Length', b'36')])
INFO [2024-01-23 16:05:24] httpx - HTTP Request: POST http://localhost:8888 "HTTP/1.1 200 OK"
DEBUG [2024-01-23 16:05:24] httpcore.http11 - receive_response_body.started request=<Request [b'POST']>
DEBUG [2024-01-23 16:05:24] httpcore.http11 - receive_response_body.complete
DEBUG [2024-01-23 16:05:24] httpcore.http11 - response_closed.started
DEBUG [2024-01-23 16:05:24] httpcore.http11 - response_closed.complete
DEBUG [2024-01-23 16:05:24] httpcore.http11 - receive_response_headers.complete return_value=(b'HTTP/1.1', 200, b'OK', [(b'Server', b'TornadoServer/6.4'), (b'Content-Type', b'text/html; charset=UTF-8'), (b'Date', b'Tue, 23 Jan 2024 10:35:24 GMT'), (b'Content-Length', b'36')])
INFO [2024-01-23 16:05:24] httpx - HTTP Request: POST http://localhost:8888 "HTTP/1.1 200 OK"
DEBUG [2024-01-23 16:05:24] httpcore.http11 - receive_response_body.started request=<Request [b'POST']>
DEBUG [2024-01-23 16:05:24] httpcore.http11 - receive_response_body.complete
DEBUG [2024-01-23 16:05:24] httpcore.http11 - response_closed.started
DEBUG [2024-01-23 16:05:24] httpcore.http11 - response_closed.complete
DEBUG [2024-01-23 16:05:24] httpcore.http11 - send_request_headers.started request=<Request [b'GET']>
DEBUG [2024-01-23 16:05:24] httpcore.http11 - send_request_headers.complete
DEBUG [2024-01-23 16:05:24] httpcore.http11 - send_request_body.started request=<Request [b'GET']>
DEBUG [2024-01-23 16:05:24] httpcore.http11 - send_request_body.complete
DEBUG [2024-01-23 16:05:24] httpcore.http11 - receive_response_headers.started request=<Request [b'GET']>
DEBUG [2024-01-23 16:05:24] httpcore.http11 - send_request_headers.started request=<Request [b'GET']>
DEBUG [2024-01-23 16:05:24] httpcore.http11 - send_request_headers.complete
DEBUG [2024-01-23 16:05:24] httpcore.http11 - send_request_body.started request=<Request [b'GET']>
DEBUG [2024-01-23 16:05:24] httpcore.http11 - send_request_body.complete
DEBUG [2024-01-23 16:05:24] httpcore.http11 - receive_response_headers.started request=<Request [b'GET']>
DEBUG [2024-01-23 16:05:25] httpcore.http11 - receive_response_headers.complete return_value=(b'HTTP/1.1', 500, b'Internal Server Error', [(b'Server', b'TornadoServer/6.4'), (b'Content-Type', b'text/html; charset=UTF-8'), (b'Date', b'Tue, 23 Jan 2024 10:35:25 GMT'), (b'Content-Length', b'93')])
INFO [2024-01-23 16:05:25] httpx - HTTP Request: GET http://localhost:8888?c_id=c26e597a-d114-40aa-93c2-6fb1040fd7f2 "HTTP/1.1 500 Internal Server Error"
DEBUG [2024-01-23 16:05:25] httpcore.http11 - receive_response_body.started request=<Request [b'GET']>
DEBUG [2024-01-23 16:05:25] httpcore.http11 - receive_response_body.complete
DEBUG [2024-01-23 16:05:25] httpcore.http11 - response_closed.started
DEBUG [2024-01-23 16:05:25] httpcore.http11 - response_closed.complete
DEBUG [2024-01-23 16:05:25] httpcore.http11 - receive_response_headers.complete return_value=(b'HTTP/1.1', 500, b'Internal Server Error', [(b'Server', b'TornadoServer/6.4'), (b'Content-Type', b'text/html; charset=UTF-8'), (b'Date', b'Tue, 23 Jan 2024 10:35:25 GMT'), (b'Content-Length', b'93')])
INFO [2024-01-23 16:05:25] httpx - HTTP Request: GET http://localhost:8888?c_id=1401d11b-cfb0-4ecb-91a9-d7382612b292 "HTTP/1.1 500 Internal Server Error"
DEBUG [2024-01-23 16:05:25] httpcore.http11 - receive_response_body.started request=<Request [b'GET']>
DEBUG [2024-01-23 16:05:25] httpcore.http11 - receive_response_body.complete
DEBUG [2024-01-23 16:05:25] httpcore.http11 - response_closed.started
DEBUG [2024-01-23 16:05:25] httpcore.http11 - response_closed.complete
DEBUG [2024-01-23 16:05:25] httpcore.connection - close.started
DEBUG [2024-01-23 16:05:25] httpcore.connection - close.complete
DEBUG [2024-01-23 16:05:25] httpcore.connection - close.started
DEBUG [2024-01-23 16:05:25] httpcore.connection - close.complete
DEBUG [2024-01-23 16:25:59] asyncio - Using selector: KqueueSelector
DEBUG [2024-01-23 16:25:59] httpx - load_ssl_context verify=True cert=None trust_env=True http2=False
DEBUG [2024-01-23 16:25:59] httpx - load_verify_locations cafile='/Library/Frameworks/Python.framework/Versions/3.12/lib/python3.12/site-packages/certifi/cacert.pem'
DEBUG [2024-01-23 16:25:59] httpcore.connection - connect_tcp.started host='localhost' port=8888 local_address=None timeout=5.0 socket_options=None
DEBUG [2024-01-23 16:25:59] httpcore.connection - connect_tcp.started host='localhost' port=8888 local_address=None timeout=5.0 socket_options=None
DEBUG [2024-01-23 16:25:59] httpcore.connection - connect_tcp.complete return_value=<httpcore._backends.anyio.AnyIOStream object at 0x104f33a40>
DEBUG [2024-01-23 16:25:59] httpcore.http11 - send_request_headers.started request=<Request [b'POST']>
DEBUG [2024-01-23 16:25:59] httpcore.http11 - send_request_headers.complete
DEBUG [2024-01-23 16:25:59] httpcore.http11 - send_request_body.started request=<Request [b'POST']>
DEBUG [2024-01-23 16:25:59] httpcore.connection - connect_tcp.complete return_value=<httpcore._backends.anyio.AnyIOStream object at 0x106272ff0>
DEBUG [2024-01-23 16:25:59] httpcore.http11 - send_request_body.complete
DEBUG [2024-01-23 16:25:59] httpcore.http11 - receive_response_headers.started request=<Request [b'POST']>
DEBUG [2024-01-23 16:25:59] httpcore.http11 - send_request_headers.started request=<Request [b'POST']>
DEBUG [2024-01-23 16:25:59] httpcore.http11 - send_request_headers.complete
DEBUG [2024-01-23 16:25:59] httpcore.http11 - send_request_body.started request=<Request [b'POST']>
DEBUG [2024-01-23 16:25:59] httpcore.http11 - send_request_body.complete
DEBUG [2024-01-23 16:25:59] httpcore.http11 - receive_response_headers.started request=<Request [b'POST']>
DEBUG [2024-01-23 16:25:59] httpcore.http11 - receive_response_headers.complete return_value=(b'HTTP/1.1', 200, b'OK', [(b'Server', b'TornadoServer/6.4'), (b'Content-Type', b'text/html; charset=UTF-8'), (b'Date', b'Tue, 23 Jan 2024 10:55:59 GMT'), (b'Content-Length', b'36')])
INFO [2024-01-23 16:25:59] httpx - HTTP Request: POST http://localhost:8888 "HTTP/1.1 200 OK"
DEBUG [2024-01-23 16:25:59] httpcore.http11 - receive_response_body.started request=<Request [b'POST']>
DEBUG [2024-01-23 16:25:59] httpcore.http11 - receive_response_body.complete
DEBUG [2024-01-23 16:25:59] httpcore.http11 - response_closed.started
DEBUG [2024-01-23 16:25:59] httpcore.http11 - response_closed.complete
DEBUG [2024-01-23 16:25:59] httpcore.http11 - receive_response_headers.complete return_value=(b'HTTP/1.1', 200, b'OK', [(b'Server', b'TornadoServer/6.4'), (b'Content-Type', b'text/html; charset=UTF-8'), (b'Date', b'Tue, 23 Jan 2024 10:55:59 GMT'), (b'Content-Length', b'36')])
INFO [2024-01-23 16:25:59] httpx - HTTP Request: POST http://localhost:8888 "HTTP/1.1 200 OK"
DEBUG [2024-01-23 16:25:59] httpcore.http11 - receive_response_body.started request=<Request [b'POST']>
DEBUG [2024-01-23 16:25:59] httpcore.http11 - receive_response_body.complete
DEBUG [2024-01-23 16:25:59] httpcore.http11 - response_closed.started
DEBUG [2024-01-23 16:25:59] httpcore.http11 - response_closed.complete
DEBUG [2024-01-23 16:25:59] httpcore.http11 - send_request_headers.started request=<Request [b'GET']>
DEBUG [2024-01-23 16:25:59] httpcore.http11 - send_request_headers.complete
DEBUG [2024-01-23 16:25:59] httpcore.http11 - send_request_body.started request=<Request [b'GET']>
DEBUG [2024-01-23 16:25:59] httpcore.http11 - send_request_body.complete
DEBUG [2024-01-23 16:25:59] httpcore.http11 - receive_response_headers.started request=<Request [b'GET']>
DEBUG [2024-01-23 16:25:59] httpcore.http11 - send_request_headers.started request=<Request [b'GET']>
DEBUG [2024-01-23 16:25:59] httpcore.http11 - send_request_headers.complete
DEBUG [2024-01-23 16:25:59] httpcore.http11 - send_request_body.started request=<Request [b'GET']>
DEBUG [2024-01-23 16:25:59] httpcore.http11 - send_request_body.complete
DEBUG [2024-01-23 16:25:59] httpcore.http11 - receive_response_headers.started request=<Request [b'GET']>
DEBUG [2024-01-23 16:25:59] httpcore.http11 - receive_response_headers.complete return_value=(b'HTTP/1.1', 200, b'OK', [(b'Server', b'TornadoServer/6.4'), (b'Content-Type', b'text/html; charset=UTF-8'), (b'Date', b'Tue, 23 Jan 2024 10:55:59 GMT'), (b'Etag', b'"c60ea3d89e8bbc1e48e20a08a64efc8ee5b1c396"'), (b'Content-Length', b'156')])
INFO [2024-01-23 16:25:59] httpx - HTTP Request: GET http://localhost:8888?c_id=6c703ca4-6d26-4f51-949c-77e42099f139 "HTTP/1.1 200 OK"
DEBUG [2024-01-23 16:25:59] httpcore.http11 - receive_response_body.started request=<Request [b'GET']>
DEBUG [2024-01-23 16:25:59] httpcore.http11 - receive_response_body.complete
DEBUG [2024-01-23 16:25:59] httpcore.http11 - response_closed.started
DEBUG [2024-01-23 16:25:59] httpcore.http11 - response_closed.complete
DEBUG [2024-01-23 16:25:59] httpcore.http11 - receive_response_headers.complete return_value=(b'HTTP/1.1', 200, b'OK', [(b'Server', b'TornadoServer/6.4'), (b'Content-Type', b'text/html; charset=UTF-8'), (b'Date', b'Tue, 23 Jan 2024 10:55:59 GMT'), (b'Etag', b'"ebd3a302f39b3736d54baba35ae9d1c809868265"'), (b'Content-Length', b'156')])
INFO [2024-01-23 16:25:59] httpx - HTTP Request: GET http://localhost:8888?c_id=c18fc120-6f41-4ec4-99d3-f4e76b781af0 "HTTP/1.1 200 OK"
DEBUG [2024-01-23 16:25:59] httpcore.http11 - receive_response_body.started request=<Request [b'GET']>
DEBUG [2024-01-23 16:25:59] httpcore.http11 - receive_response_body.complete
DEBUG [2024-01-23 16:25:59] httpcore.http11 - response_closed.started
DEBUG [2024-01-23 16:25:59] httpcore.http11 - response_closed.complete
DEBUG [2024-01-23 16:25:59] httpcore.connection - close.started
DEBUG [2024-01-23 16:25:59] httpcore.connection - close.complete
DEBUG [2024-01-23 16:25:59] httpcore.connection - close.started
DEBUG [2024-01-23 16:25:59] httpcore.connection - close.complete
