2024-01-31 11:31:52,763 — __main__ — INFO — Response 1: <html><title>500: Internal Server Error</title><body>500: Internal Server Error</body></html>
2024-01-31 11:31:52,764 — __main__ — INFO — Response 2: <html><title>500: Internal Server Error</title><body>500: Internal Server Error</body></html>
2024-01-31 11:31:52,764 — __main__ — INFO — Response 3: <html><title>500: Internal Server Error</title><body>500: Internal Server Error</body></html>
2024-01-31 11:31:52,764 — __main__ — INFO — Response 4: <html><title>500: Internal Server Error</title><body>500: Internal Server Error</body></html>
2024-01-31 11:31:52,764 — __main__ — INFO — Response 5: <html><title>500: Internal Server Error</title><body>500: Internal Server Error</body></html>
2024-01-31 11:31:52,764 — __main__ — INFO — Response 6: <html><title>500: Internal Server Error</title><body>500: Internal Server Error</body></html>
2024-01-31 11:31:52,764 — __main__ — INFO — Response 7: <html><title>500: Internal Server Error</title><body>500: Internal Server Error</body></html>
2024-01-31 11:31:52,764 — __main__ — INFO — Response 8: <html><title>500: Internal Server Error</title><body>500: Internal Server Error</body></html>
2024-01-31 11:31:52,764 — __main__ — INFO — Response 9: <html><title>500: Internal Server Error</title><body>500: Internal Server Error</body></html>
2024-01-31 11:31:52,764 — __main__ — INFO — Response 10: <html><title>500: Internal Server Error</title><body>500: Internal Server Error</body></html>
2024-01-31 11:31:52,764 — __main__ — INFO — Response 11: <html><title>500: Internal Server Error</title><body>500: Internal Server Error</body></html>
2024-01-31 11:31:52,764 — __main__ — INFO — Response 12: <html><title>500: Internal Server Error</title><body>500: Internal Server Error</body></html>
2024-01-31 11:31:52,764 — __main__ — INFO — Response 13: <html><title>500: Internal Server Error</title><body>500: Internal Server Error</body></html>
2024-01-31 11:31:52,764 — __main__ — INFO — Response 14: <html><title>500: Internal Server Error</title><body>500: Internal Server Error</body></html>
2024-01-31 11:31:52,764 — __main__ — INFO — Response 15: <html><title>500: Internal Server Error</title><body>500: Internal Server Error</body></html>
2024-01-31 11:31:52,764 — __main__ — INFO — Response 16: <html><title>500: Internal Server Error</title><body>500: Internal Server Error</body></html>
2024-01-31 11:31:52,764 — __main__ — INFO — Response 17: <html><title>500: Internal Server Error</title><body>500: Internal Server Error</body></html>
2024-01-31 11:31:52,764 — __main__ — INFO — Response 18: <html><title>500: Internal Server Error</title><body>500: Internal Server Error</body></html>
2024-01-31 11:31:52,764 — __main__ — INFO — Response 19: <html><title>500: Internal Server Error</title><body>500: Internal Server Error</body></html>
2024-01-31 11:31:52,764 — __main__ — INFO — Response 20: <html><title>500: Internal Server Error</title><body>500: Internal Server Error</body></html>
2024-01-31 11:31:52,764 — __main__ — INFO — Response 21: <html><title>500: Internal Server Error</title><body>500: Internal Server Error</body></html>
2024-01-31 11:31:52,764 — __main__ — INFO — Response 22: <html><title>500: Internal Server Error</title><body>500: Internal Server Error</body></html>
2024-01-31 11:31:52,764 — __main__ — INFO — Response 23: <html><title>500: Internal Server Error</title><body>500: Internal Server Error</body></html>
2024-01-31 11:31:52,764 — __main__ — INFO — Response 24: <html><title>500: Internal Server Error</title><body>500: Internal Server Error</body></html>
2024-01-31 11:31:52,764 — __main__ — INFO — Response 25: <html><title>500: Internal Server Error</title><body>500: Internal Server Error</body></html>
2024-01-31 11:31:52,764 — __main__ — INFO — Response 26: <html><title>500: Internal Server Error</title><body>500: Internal Server Error</body></html>
2024-01-31 11:31:52,764 — __main__ — INFO — Response 27: <html><title>500: Internal Server Error</title><body>500: Internal Server Error</body></html>
2024-01-31 11:31:52,764 — __main__ — INFO — Response 28: <html><title>500: Internal Server Error</title><body>500: Internal Server Error</body></html>
2024-01-31 11:31:52,764 — __main__ — INFO — Response 29: <html><title>500: Internal Server Error</title><body>500: Internal Server Error</body></html>
2024-01-31 11:31:52,764 — __main__ — INFO — Response 30: <html><title>500: Internal Server Error</title><body>500: Internal Server Error</body></html>
2024-01-31 11:31:52,764 — __main__ — INFO — Response 31: <html><title>500: Internal Server Error</title><body>500: Internal Server Error</body></html>
2024-01-31 11:31:52,764 — __main__ — INFO — Response 32: <html><title>500: Internal Server Error</title><body>500: Internal Server Error</body></html>
2024-01-31 11:31:52,764 — __main__ — INFO — Response 33: <html><title>500: Internal Server Error</title><body>500: Internal Server Error</body></html>
2024-01-31 11:31:52,764 — __main__ — INFO — Response 34: <html><title>500: Internal Server Error</title><body>500: Internal Server Error</body></html>
2024-01-31 11:31:52,764 — __main__ — INFO — Response 35: <html><title>500: Internal Server Error</title><body>500: Internal Server Error</body></html>
2024-01-31 11:31:52,764 — __main__ — INFO — Response 36: <html><title>500: Internal Server Error</title><body>500: Internal Server Error</body></html>
2024-01-31 11:31:52,764 — __main__ — INFO — Response 37: <html><title>500: Internal Server Error</title><body>500: Internal Server Error</body></html>
2024-01-31 11:31:52,764 — __main__ — INFO — Response 38: <html><title>500: Internal Server Error</title><body>500: Internal Server Error</body></html>
2024-01-31 11:31:52,764 — __main__ — INFO — Response 39: <html><title>500: Internal Server Error</title><body>500: Internal Server Error</body></html>
2024-01-31 11:31:52,764 — __main__ — INFO — Response 40: <html><title>500: Internal Server Error</title><body>500: Internal Server Error</body></html>
2024-01-31 11:31:52,765 — __main__ — INFO — Response 41: <html><title>500: Internal Server Error</title><body>500: Internal Server Error</body></html>
2024-01-31 11:31:52,765 — __main__ — INFO — Response 42: <html><title>500: Internal Server Error</title><body>500: Internal Server Error</body></html>
2024-01-31 11:31:52,765 — __main__ — INFO — Response 43: <html><title>500: Internal Server Error</title><body>500: Internal Server Error</body></html>
2024-01-31 11:31:52,765 — __main__ — INFO — Response 44: <html><title>500: Internal Server Error</title><body>500: Internal Server Error</body></html>
2024-01-31 11:31:52,765 — __main__ — INFO — Response 45: <html><title>500: Internal Server Error</title><body>500: Internal Server Error</body></html>
2024-01-31 11:31:52,765 — __main__ — INFO — Response 46: <html><title>500: Internal Server Error</title><body>500: Internal Server Error</body></html>
2024-01-31 11:31:52,765 — __main__ — INFO — Response 47: <html><title>500: Internal Server Error</title><body>500: Internal Server Error</body></html>
2024-01-31 11:31:52,765 — __main__ — INFO — Response 48: <html><title>500: Internal Server Error</title><body>500: Internal Server Error</body></html>
2024-01-31 11:31:52,765 — __main__ — INFO — Response 49: <html><title>500: Internal Server Error</title><body>500: Internal Server Error</body></html>
2024-01-31 11:31:52,765 — __main__ — INFO — Response 50: <html><title>500: Internal Server Error</title><body>500: Internal Server Error</body></html>
2024-01-31 11:31:52,765 — __main__ — INFO — Response 51: <html><title>500: Internal Server Error</title><body>500: Internal Server Error</body></html>
2024-01-31 11:31:52,765 — __main__ — INFO — Response 52: <html><title>500: Internal Server Error</title><body>500: Internal Server Error</body></html>
2024-01-31 11:31:52,765 — __main__ — INFO — Response 53: <html><title>500: Internal Server Error</title><body>500: Internal Server Error</body></html>
2024-01-31 11:31:52,765 — __main__ — INFO — Response 54: <html><title>500: Internal Server Error</title><body>500: Internal Server Error</body></html>
2024-01-31 11:31:52,765 — __main__ — INFO — Response 55: <html><title>500: Internal Server Error</title><body>500: Internal Server Error</body></html>
2024-01-31 11:31:52,765 — __main__ — INFO — Response 56: <html><title>500: Internal Server Error</title><body>500: Internal Server Error</body></html>
2024-01-31 11:31:52,765 — __main__ — INFO — Response 57: <html><title>500: Internal Server Error</title><body>500: Internal Server Error</body></html>
2024-01-31 11:31:52,765 — __main__ — INFO — Response 58: <html><title>500: Internal Server Error</title><body>500: Internal Server Error</body></html>
2024-01-31 11:31:52,765 — __main__ — INFO — Response 59: <html><title>500: Internal Server Error</title><body>500: Internal Server Error</body></html>
2024-01-31 11:31:52,765 — __main__ — INFO — Response 60: <html><title>500: Internal Server Error</title><body>500: Internal Server Error</body></html>
2024-01-31 11:31:52,765 — __main__ — INFO — Response 61: <html><title>500: Internal Server Error</title><body>500: Internal Server Error</body></html>
2024-01-31 11:31:52,765 — __main__ — INFO — Response 62: <html><title>500: Internal Server Error</title><body>500: Internal Server Error</body></html>
2024-01-31 11:31:52,765 — __main__ — INFO — Response 63: <html><title>500: Internal Server Error</title><body>500: Internal Server Error</body></html>
2024-01-31 11:31:52,765 — __main__ — INFO — Response 64: <html><title>500: Internal Server Error</title><body>500: Internal Server Error</body></html>
2024-01-31 11:31:52,765 — __main__ — INFO — Response 65: <html><title>500: Internal Server Error</title><body>500: Internal Server Error</body></html>
2024-01-31 11:31:52,765 — __main__ — INFO — Response 66: <html><title>500: Internal Server Error</title><body>500: Internal Server Error</body></html>
2024-01-31 11:31:52,765 — __main__ — INFO — Response 67: <html><title>500: Internal Server Error</title><body>500: Internal Server Error</body></html>
2024-01-31 11:31:52,765 — __main__ — INFO — Response 68: <html><title>500: Internal Server Error</title><body>500: Internal Server Error</body></html>
2024-01-31 11:31:52,765 — __main__ — INFO — Response 69: <html><title>500: Internal Server Error</title><body>500: Internal Server Error</body></html>
2024-01-31 11:31:52,765 — __main__ — INFO — Response 70: <html><title>500: Internal Server Error</title><body>500: Internal Server Error</body></html>
2024-01-31 11:31:52,765 — __main__ — INFO — Response 71: <html><title>500: Internal Server Error</title><body>500: Internal Server Error</body></html>
2024-01-31 11:31:52,765 — __main__ — INFO — Response 72: <html><title>500: Internal Server Error</title><body>500: Internal Server Error</body></html>
2024-01-31 11:31:52,765 — __main__ — INFO — Response 73: <html><title>500: Internal Server Error</title><body>500: Internal Server Error</body></html>
2024-01-31 11:31:52,765 — __main__ — INFO — Response 74: <html><title>500: Internal Server Error</title><body>500: Internal Server Error</body></html>
2024-01-31 11:31:52,765 — __main__ — INFO — Response 75: <html><title>500: Internal Server Error</title><body>500: Internal Server Error</body></html>
2024-01-31 11:31:52,765 — __main__ — INFO — Response 76: <html><title>500: Internal Server Error</title><body>500: Internal Server Error</body></html>
2024-01-31 11:31:52,765 — __main__ — INFO — Response 77: <html><title>500: Internal Server Error</title><body>500: Internal Server Error</body></html>
2024-01-31 11:31:52,765 — __main__ — INFO — Response 78: <html><title>500: Internal Server Error</title><body>500: Internal Server Error</body></html>
2024-01-31 11:31:52,765 — __main__ — INFO — Response 79: <html><title>500: Internal Server Error</title><body>500: Internal Server Error</body></html>
2024-01-31 11:31:52,765 — __main__ — INFO — Response 80: <html><title>500: Internal Server Error</title><body>500: Internal Server Error</body></html>
2024-01-31 11:31:52,765 — __main__ — INFO — Response 81: <html><title>500: Internal Server Error</title><body>500: Internal Server Error</body></html>
2024-01-31 11:31:52,765 — __main__ — INFO — Response 82: <html><title>500: Internal Server Error</title><body>500: Internal Server Error</body></html>
2024-01-31 11:31:52,765 — __main__ — INFO — Response 83: <html><title>500: Internal Server Error</title><body>500: Internal Server Error</body></html>
2024-01-31 11:31:52,765 — __main__ — INFO — Response 84: <html><title>500: Internal Server Error</title><body>500: Internal Server Error</body></html>
2024-01-31 11:31:52,765 — __main__ — INFO — Response 85: <html><title>500: Internal Server Error</title><body>500: Internal Server Error</body></html>
2024-01-31 11:31:52,765 — __main__ — INFO — Response 86: <html><title>500: Internal Server Error</title><body>500: Internal Server Error</body></html>
2024-01-31 11:31:52,765 — __main__ — INFO — Response 87: <html><title>500: Internal Server Error</title><body>500: Internal Server Error</body></html>
2024-01-31 11:31:52,765 — __main__ — INFO — Response 88: <html><title>500: Internal Server Error</title><body>500: Internal Server Error</body></html>
2024-01-31 11:31:52,765 — __main__ — INFO — Response 89: <html><title>500: Internal Server Error</title><body>500: Internal Server Error</body></html>
2024-01-31 11:31:52,765 — __main__ — INFO — Response 90: <html><title>500: Internal Server Error</title><body>500: Internal Server Error</body></html>
2024-01-31 11:31:52,766 — __main__ — INFO — Response 91: <html><title>500: Internal Server Error</title><body>500: Internal Server Error</body></html>
2024-01-31 11:31:52,766 — __main__ — INFO — Response 92: <html><title>500: Internal Server Error</title><body>500: Internal Server Error</body></html>
2024-01-31 11:31:52,766 — __main__ — INFO — Response 93: <html><title>500: Internal Server Error</title><body>500: Internal Server Error</body></html>
2024-01-31 11:31:52,766 — __main__ — INFO — Response 94: <html><title>500: Internal Server Error</title><body>500: Internal Server Error</body></html>
2024-01-31 11:31:52,766 — __main__ — INFO — Response 95: <html><title>500: Internal Server Error</title><body>500: Internal Server Error</body></html>
2024-01-31 11:31:52,766 — __main__ — INFO — Response 96: <html><title>500: Internal Server Error</title><body>500: Internal Server Error</body></html>
2024-01-31 11:31:52,766 — __main__ — INFO — Response 97: <html><title>500: Internal Server Error</title><body>500: Internal Server Error</body></html>
2024-01-31 11:31:52,766 — __main__ — INFO — Response 98: <html><title>500: Internal Server Error</title><body>500: Internal Server Error</body></html>
2024-01-31 11:31:52,766 — __main__ — INFO — Response 99: <html><title>500: Internal Server Error</title><body>500: Internal Server Error</body></html>
2024-01-31 11:31:52,766 — __main__ — INFO — Response 100: <html><title>500: Internal Server Error</title><body>500: Internal Server Error</body></html>
2024-01-31 11:31:52,860 — __main__ — INFO — Response 1: <html><title>500: Internal Server Error</title><body>500: Internal Server Error</body></html>
2024-01-31 11:31:52,861 — __main__ — INFO — Response 2: <html><title>500: Internal Server Error</title><body>500: Internal Server Error</body></html>
2024-01-31 11:31:52,861 — __main__ — INFO — Response 3: <html><title>500: Internal Server Error</title><body>500: Internal Server Error</body></html>
2024-01-31 11:31:52,861 — __main__ — INFO — Response 4: <html><title>500: Internal Server Error</title><body>500: Internal Server Error</body></html>
2024-01-31 11:31:52,861 — __main__ — INFO — Response 5: <html><title>500: Internal Server Error</title><body>500: Internal Server Error</body></html>
2024-01-31 11:31:52,861 — __main__ — INFO — Response 6: <html><title>500: Internal Server Error</title><body>500: Internal Server Error</body></html>
2024-01-31 11:31:52,861 — __main__ — INFO — Response 7: <html><title>500: Internal Server Error</title><body>500: Internal Server Error</body></html>
2024-01-31 11:31:52,861 — __main__ — INFO — Response 8: <html><title>500: Internal Server Error</title><body>500: Internal Server Error</body></html>
2024-01-31 11:31:52,861 — __main__ — INFO — Response 9: <html><title>500: Internal Server Error</title><body>500: Internal Server Error</body></html>
2024-01-31 11:31:52,861 — __main__ — INFO — Response 10: <html><title>500: Internal Server Error</title><body>500: Internal Server Error</body></html>
2024-01-31 11:31:52,861 — __main__ — INFO — Response 11: <html><title>500: Internal Server Error</title><body>500: Internal Server Error</body></html>
2024-01-31 11:31:52,861 — __main__ — INFO — Response 12: <html><title>500: Internal Server Error</title><body>500: Internal Server Error</body></html>
2024-01-31 11:31:52,861 — __main__ — INFO — Response 13: <html><title>500: Internal Server Error</title><body>500: Internal Server Error</body></html>
2024-01-31 11:31:52,861 — __main__ — INFO — Response 14: <html><title>500: Internal Server Error</title><body>500: Internal Server Error</body></html>
2024-01-31 11:31:52,861 — __main__ — INFO — Response 15: <html><title>500: Internal Server Error</title><body>500: Internal Server Error</body></html>
2024-01-31 11:31:52,861 — __main__ — INFO — Response 16: <html><title>500: Internal Server Error</title><body>500: Internal Server Error</body></html>
2024-01-31 11:31:52,861 — __main__ — INFO — Response 17: <html><title>500: Internal Server Error</title><body>500: Internal Server Error</body></html>
2024-01-31 11:31:52,861 — __main__ — INFO — Response 18: <html><title>500: Internal Server Error</title><body>500: Internal Server Error</body></html>
2024-01-31 11:31:52,861 — __main__ — INFO — Response 19: <html><title>500: Internal Server Error</title><body>500: Internal Server Error</body></html>
2024-01-31 11:31:52,861 — __main__ — INFO — Response 20: <html><title>500: Internal Server Error</title><body>500: Internal Server Error</body></html>
2024-01-31 11:31:52,861 — __main__ — INFO — Response 21: <html><title>500: Internal Server Error</title><body>500: Internal Server Error</body></html>
2024-01-31 11:31:52,861 — __main__ — INFO — Response 22: <html><title>500: Internal Server Error</title><body>500: Internal Server Error</body></html>
2024-01-31 11:31:52,861 — __main__ — INFO — Response 23: <html><title>500: Internal Server Error</title><body>500: Internal Server Error</body></html>
2024-01-31 11:31:52,861 — __main__ — INFO — Response 24: <html><title>500: Internal Server Error</title><body>500: Internal Server Error</body></html>
2024-01-31 11:31:52,861 — __main__ — INFO — Response 25: <html><title>500: Internal Server Error</title><body>500: Internal Server Error</body></html>
2024-01-31 11:31:52,861 — __main__ — INFO — Response 26: <html><title>500: Internal Server Error</title><body>500: Internal Server Error</body></html>
2024-01-31 11:31:52,861 — __main__ — INFO — Response 27: <html><title>500: Internal Server Error</title><body>500: Internal Server Error</body></html>
2024-01-31 11:31:52,861 — __main__ — INFO — Response 28: <html><title>500: Internal Server Error</title><body>500: Internal Server Error</body></html>
2024-01-31 11:31:52,861 — __main__ — INFO — Response 29: <html><title>500: Internal Server Error</title><body>500: Internal Server Error</body></html>
2024-01-31 11:31:52,861 — __main__ — INFO — Response 30: <html><title>500: Internal Server Error</title><body>500: Internal Server Error</body></html>
2024-01-31 11:31:52,861 — __main__ — INFO — Response 31: <html><title>500: Internal Server Error</title><body>500: Internal Server Error</body></html>
2024-01-31 11:31:52,861 — __main__ — INFO — Response 32: <html><title>500: Internal Server Error</title><body>500: Internal Server Error</body></html>
2024-01-31 11:31:52,861 — __main__ — INFO — Response 33: <html><title>500: Internal Server Error</title><body>500: Internal Server Error</body></html>
2024-01-31 11:31:52,861 — __main__ — INFO — Response 34: <html><title>500: Internal Server Error</title><body>500: Internal Server Error</body></html>
2024-01-31 11:31:52,861 — __main__ — INFO — Response 35: <html><title>500: Internal Server Error</title><body>500: Internal Server Error</body></html>
2024-01-31 11:31:52,861 — __main__ — INFO — Response 36: <html><title>500: Internal Server Error</title><body>500: Internal Server Error</body></html>
2024-01-31 11:31:52,861 — __main__ — INFO — Response 37: <html><title>500: Internal Server Error</title><body>500: Internal Server Error</body></html>
2024-01-31 11:31:52,861 — __main__ — INFO — Response 38: <html><title>500: Internal Server Error</title><body>500: Internal Server Error</body></html>
2024-01-31 11:31:52,861 — __main__ — INFO — Response 39: <html><title>500: Internal Server Error</title><body>500: Internal Server Error</body></html>
2024-01-31 11:31:52,861 — __main__ — INFO — Response 40: <html><title>500: Internal Server Error</title><body>500: Internal Server Error</body></html>
2024-01-31 11:31:52,861 — __main__ — INFO — Response 41: <html><title>500: Internal Server Error</title><body>500: Internal Server Error</body></html>
2024-01-31 11:31:52,861 — __main__ — INFO — Response 42: <html><title>500: Internal Server Error</title><body>500: Internal Server Error</body></html>
2024-01-31 11:31:52,861 — __main__ — INFO — Response 43: <html><title>500: Internal Server Error</title><body>500: Internal Server Error</body></html>
2024-01-31 11:31:52,861 — __main__ — INFO — Response 44: <html><title>500: Internal Server Error</title><body>500: Internal Server Error</body></html>
2024-01-31 11:31:52,861 — __main__ — INFO — Response 45: <html><title>500: Internal Server Error</title><body>500: Internal Server Error</body></html>
2024-01-31 11:31:52,861 — __main__ — INFO — Response 46: <html><title>500: Internal Server Error</title><body>500: Internal Server Error</body></html>
2024-01-31 11:31:52,861 — __main__ — INFO — Response 47: <html><title>500: Internal Server Error</title><body>500: Internal Server Error</body></html>
2024-01-31 11:31:52,861 — __main__ — INFO — Response 48: <html><title>500: Internal Server Error</title><body>500: Internal Server Error</body></html>
2024-01-31 11:31:52,861 — __main__ — INFO — Response 49: <html><title>500: Internal Server Error</title><body>500: Internal Server Error</body></html>
2024-01-31 11:31:52,861 — __main__ — INFO — Response 50: <html><title>500: Internal Server Error</title><body>500: Internal Server Error</body></html>
2024-01-31 11:31:52,861 — __main__ — INFO — Response 51: <html><title>500: Internal Server Error</title><body>500: Internal Server Error</body></html>
2024-01-31 11:31:52,861 — __main__ — INFO — Response 52: <html><title>500: Internal Server Error</title><body>500: Internal Server Error</body></html>
2024-01-31 11:31:52,861 — __main__ — INFO — Response 53: <html><title>500: Internal Server Error</title><body>500: Internal Server Error</body></html>
2024-01-31 11:31:52,861 — __main__ — INFO — Response 54: <html><title>500: Internal Server Error</title><body>500: Internal Server Error</body></html>
2024-01-31 11:31:52,861 — __main__ — INFO — Response 55: <html><title>500: Internal Server Error</title><body>500: Internal Server Error</body></html>
2024-01-31 11:31:52,861 — __main__ — INFO — Response 56: <html><title>500: Internal Server Error</title><body>500: Internal Server Error</body></html>
2024-01-31 11:31:52,861 — __main__ — INFO — Response 57: <html><title>500: Internal Server Error</title><body>500: Internal Server Error</body></html>
2024-01-31 11:31:52,862 — __main__ — INFO — Response 58: <html><title>500: Internal Server Error</title><body>500: Internal Server Error</body></html>
2024-01-31 11:31:52,862 — __main__ — INFO — Response 59: <html><title>500: Internal Server Error</title><body>500: Internal Server Error</body></html>
2024-01-31 11:31:52,862 — __main__ — INFO — Response 60: <html><title>500: Internal Server Error</title><body>500: Internal Server Error</body></html>
2024-01-31 11:31:52,862 — __main__ — INFO — Response 61: <html><title>500: Internal Server Error</title><body>500: Internal Server Error</body></html>
2024-01-31 11:31:52,862 — __main__ — INFO — Response 62: <html><title>500: Internal Server Error</title><body>500: Internal Server Error</body></html>
2024-01-31 11:31:52,862 — __main__ — INFO — Response 63: <html><title>500: Internal Server Error</title><body>500: Internal Server Error</body></html>
2024-01-31 11:31:52,862 — __main__ — INFO — Response 64: <html><title>500: Internal Server Error</title><body>500: Internal Server Error</body></html>
2024-01-31 11:31:52,862 — __main__ — INFO — Response 65: <html><title>500: Internal Server Error</title><body>500: Internal Server Error</body></html>
2024-01-31 11:31:52,862 — __main__ — INFO — Response 66: <html><title>500: Internal Server Error</title><body>500: Internal Server Error</body></html>
2024-01-31 11:31:52,862 — __main__ — INFO — Response 67: <html><title>500: Internal Server Error</title><body>500: Internal Server Error</body></html>
2024-01-31 11:31:52,862 — __main__ — INFO — Response 68: <html><title>500: Internal Server Error</title><body>500: Internal Server Error</body></html>
2024-01-31 11:31:52,862 — __main__ — INFO — Response 69: <html><title>500: Internal Server Error</title><body>500: Internal Server Error</body></html>
2024-01-31 11:31:52,862 — __main__ — INFO — Response 70: <html><title>500: Internal Server Error</title><body>500: Internal Server Error</body></html>
2024-01-31 11:31:52,862 — __main__ — INFO — Response 71: <html><title>500: Internal Server Error</title><body>500: Internal Server Error</body></html>
2024-01-31 11:31:52,862 — __main__ — INFO — Response 72: <html><title>500: Internal Server Error</title><body>500: Internal Server Error</body></html>
2024-01-31 11:31:52,862 — __main__ — INFO — Response 73: <html><title>500: Internal Server Error</title><body>500: Internal Server Error</body></html>
2024-01-31 11:31:52,862 — __main__ — INFO — Response 74: <html><title>500: Internal Server Error</title><body>500: Internal Server Error</body></html>
2024-01-31 11:31:52,862 — __main__ — INFO — Response 75: <html><title>500: Internal Server Error</title><body>500: Internal Server Error</body></html>
2024-01-31 11:31:52,862 — __main__ — INFO — Response 76: <html><title>500: Internal Server Error</title><body>500: Internal Server Error</body></html>
2024-01-31 11:31:52,862 — __main__ — INFO — Response 77: <html><title>500: Internal Server Error</title><body>500: Internal Server Error</body></html>
2024-01-31 11:31:52,862 — __main__ — INFO — Response 78: <html><title>500: Internal Server Error</title><body>500: Internal Server Error</body></html>
2024-01-31 11:31:52,862 — __main__ — INFO — Response 79: <html><title>500: Internal Server Error</title><body>500: Internal Server Error</body></html>
2024-01-31 11:31:52,862 — __main__ — INFO — Response 80: <html><title>500: Internal Server Error</title><body>500: Internal Server Error</body></html>
2024-01-31 11:31:52,862 — __main__ — INFO — Response 81: <html><title>500: Internal Server Error</title><body>500: Internal Server Error</body></html>
2024-01-31 11:31:52,862 — __main__ — INFO — Response 82: <html><title>500: Internal Server Error</title><body>500: Internal Server Error</body></html>
2024-01-31 11:31:52,862 — __main__ — INFO — Response 83: <html><title>500: Internal Server Error</title><body>500: Internal Server Error</body></html>
2024-01-31 11:31:52,862 — __main__ — INFO — Response 84: <html><title>500: Internal Server Error</title><body>500: Internal Server Error</body></html>
2024-01-31 11:31:52,862 — __main__ — INFO — Response 85: <html><title>500: Internal Server Error</title><body>500: Internal Server Error</body></html>
2024-01-31 11:31:52,862 — __main__ — INFO — Response 86: <html><title>500: Internal Server Error</title><body>500: Internal Server Error</body></html>
2024-01-31 11:31:52,862 — __main__ — INFO — Response 87: <html><title>500: Internal Server Error</title><body>500: Internal Server Error</body></html>
2024-01-31 11:31:52,862 — __main__ — INFO — Response 88: <html><title>500: Internal Server Error</title><body>500: Internal Server Error</body></html>
2024-01-31 11:31:52,862 — __main__ — INFO — Response 89: <html><title>500: Internal Server Error</title><body>500: Internal Server Error</body></html>
2024-01-31 11:31:52,862 — __main__ — INFO — Response 90: <html><title>500: Internal Server Error</title><body>500: Internal Server Error</body></html>
2024-01-31 11:31:52,862 — __main__ — INFO — Response 91: <html><title>500: Internal Server Error</title><body>500: Internal Server Error</body></html>
2024-01-31 11:31:52,862 — __main__ — INFO — Response 92: <html><title>500: Internal Server Error</title><body>500: Internal Server Error</body></html>
2024-01-31 11:31:52,862 — __main__ — INFO — Response 93: <html><title>500: Internal Server Error</title><body>500: Internal Server Error</body></html>
2024-01-31 11:31:52,862 — __main__ — INFO — Response 94: <html><title>500: Internal Server Error</title><body>500: Internal Server Error</body></html>
2024-01-31 11:31:52,862 — __main__ — INFO — Response 95: <html><title>500: Internal Server Error</title><body>500: Internal Server Error</body></html>
2024-01-31 11:31:52,862 — __main__ — INFO — Response 96: <html><title>500: Internal Server Error</title><body>500: Internal Server Error</body></html>
2024-01-31 11:31:52,862 — __main__ — INFO — Response 97: <html><title>500: Internal Server Error</title><body>500: Internal Server Error</body></html>
2024-01-31 11:31:52,862 — __main__ — INFO — Response 98: <html><title>500: Internal Server Error</title><body>500: Internal Server Error</body></html>
2024-01-31 11:31:52,862 — __main__ — INFO — Response 99: <html><title>500: Internal Server Error</title><body>500: Internal Server Error</body></html>
2024-01-31 11:31:52,862 — __main__ — INFO — Response 100: <html><title>500: Internal Server Error</title><body>500: Internal Server Error</body></html>
2024-01-31 11:35:01,575 — __main__ — INFO — Response 1: 6e23428c-dc65-4da3-8078-024a0131a6ef
2024-01-31 11:35:01,575 — __main__ — INFO — Response 2: aa3fb9a2-415d-4df9-9dbd-e0a0c5c4f0c9
2024-01-31 11:35:01,575 — __main__ — INFO — Response 3: 4a905803-eb13-4925-9793-257ecf36afbd
2024-01-31 11:35:01,575 — __main__ — INFO — Response 4: 55906495-758d-4bf0-848f-eb4e95e64df4
2024-01-31 11:35:01,575 — __main__ — INFO — Response 5: 994d7df5-a6f0-4d65-aab6-debe776689c8
2024-01-31 11:35:01,575 — __main__ — INFO — Response 6: 30f076f8-e6c8-4dc0-ad26-15e3c842b00d
2024-01-31 11:35:01,575 — __main__ — INFO — Response 7: 01b2eac9-4d7a-4fd9-94de-1eea0d6982a4
2024-01-31 11:35:01,575 — __main__ — INFO — Response 8: a786d090-d673-48f5-a286-a31a5971fd22
2024-01-31 11:35:01,575 — __main__ — INFO — Response 9: 13728057-77f2-4a99-92a2-55c56f4af0af
2024-01-31 11:35:01,575 — __main__ — INFO — Response 10: e36e8b49-3ece-40b1-b6d6-edfa6578cce1
2024-01-31 11:35:01,575 — __main__ — INFO — Response 11: df1bb383-3256-43e5-b9b2-a46ae50f7e86
2024-01-31 11:35:01,576 — __main__ — INFO — Response 12: c5e97cde-3be5-48f3-a3a3-ab729bb1aa89
2024-01-31 11:35:01,576 — __main__ — INFO — Response 13: 964d17d4-4f1d-4780-9f0e-d891569602ab
2024-01-31 11:35:01,576 — __main__ — INFO — Response 14: 4581146c-1ea2-43fc-8477-dd5f56c3a088
2024-01-31 11:35:01,576 — __main__ — INFO — Response 15: 859170ac-57a9-4b30-be90-17e4034de945
2024-01-31 11:35:01,576 — __main__ — INFO — Response 16: 78cc43cb-dc5e-4fb7-b3f2-7f19cadd5996
2024-01-31 11:35:01,576 — __main__ — INFO — Response 17: 90c3de49-4c42-4410-baad-ccf66fca3d49
2024-01-31 11:35:01,576 — __main__ — INFO — Response 18: a3773d87-97a9-4d1f-b900-288d63dc7c88
2024-01-31 11:35:01,576 — __main__ — INFO — Response 19: 3f2cfd17-819e-48d1-9bc3-b1b28981de4e
2024-01-31 11:35:01,576 — __main__ — INFO — Response 20: 6b92976c-7c19-4571-bc04-32f11fee4968
2024-01-31 11:35:01,576 — __main__ — INFO — Response 21: c8d0c77e-74e3-4b19-b2b5-cd5e65e6cc70
2024-01-31 11:35:01,576 — __main__ — INFO — Response 22: ee40ad3c-f164-4cbb-8623-b812b4f64472
2024-01-31 11:35:01,576 — __main__ — INFO — Response 23: c4345660-fafe-49a0-a58a-a4766619819e
2024-01-31 11:35:01,576 — __main__ — INFO — Response 24: b8e3c4db-58c6-40ec-9f02-ff1d06fe02ad
2024-01-31 11:35:01,576 — __main__ — INFO — Response 25: d06736aa-ae40-4ebd-9f93-b416f3e58ef5
2024-01-31 11:35:01,576 — __main__ — INFO — Response 26: fca8b6bd-3595-4efa-8f22-2ca9673b4d9e
2024-01-31 11:35:01,576 — __main__ — INFO — Response 27: f595b3a8-f164-468c-806f-cbb8bebd3719
2024-01-31 11:35:01,576 — __main__ — INFO — Response 28: 0f11fbb8-2ad2-4cfd-b161-9aba387dfd67
2024-01-31 11:35:01,576 — __main__ — INFO — Response 29: dae82226-91d5-48b0-ac7c-d4808aa53fd4
2024-01-31 11:35:01,576 — __main__ — INFO — Response 30: 28c56413-53c5-4607-937e-0ee7c2357d1e
2024-01-31 11:35:01,576 — __main__ — INFO — Response 31: 351f5762-d45d-4c61-a1ab-f0532b8c8b38
2024-01-31 11:35:01,576 — __main__ — INFO — Response 32: f9b37a57-b034-4159-81c1-fb97080b5889
2024-01-31 11:35:01,576 — __main__ — INFO — Response 33: baf82203-b9e3-4da1-96f8-b74c7edbf84c
2024-01-31 11:35:01,576 — __main__ — INFO — Response 34: 69000c81-1013-4264-8fb5-174cbb4d5de6
2024-01-31 11:35:01,576 — __main__ — INFO — Response 35: 3b153168-a267-4fb4-835b-87535db612d3
2024-01-31 11:35:01,576 — __main__ — INFO — Response 36: 427df971-05df-44a5-8121-ee7bb8a38f6c
2024-01-31 11:35:01,576 — __main__ — INFO — Response 37: a6caf928-c299-4506-997a-7e0841bd34d4
2024-01-31 11:35:01,576 — __main__ — INFO — Response 38: 880d769c-c1ef-4dce-91c6-236b0bcc75ef
2024-01-31 11:35:01,576 — __main__ — INFO — Response 39: 991405de-e1f8-4a99-86ea-bd9d7049a9ec
2024-01-31 11:35:01,576 — __main__ — INFO — Response 40: 4e27b88a-9b18-47b9-934c-5fb37af2d1a6
2024-01-31 11:35:01,576 — __main__ — INFO — Response 41: a8629882-4c95-4b77-a7b4-1379885c5064
2024-01-31 11:35:01,576 — __main__ — INFO — Response 42: 9d25c7bd-b8a4-4e12-92ea-b09e7884da71
2024-01-31 11:35:01,576 — __main__ — INFO — Response 43: 2c53f518-4559-4c78-80ef-cdc05019fcd4
2024-01-31 11:35:01,576 — __main__ — INFO — Response 44: 62e3adfe-23a1-4c2c-86fe-3d1f60f371f0
2024-01-31 11:35:01,576 — __main__ — INFO — Response 45: 322b7e00-a98d-49bd-a1b0-9f6c33653ab8
2024-01-31 11:35:01,576 — __main__ — INFO — Response 46: 13c35b53-f8fb-4258-86da-523befecb4e2
2024-01-31 11:35:01,576 — __main__ — INFO — Response 47: 06a11f7e-5203-4764-ae22-5d0a8fce0ba8
2024-01-31 11:35:01,576 — __main__ — INFO — Response 48: fd6feb1a-9fb4-4a82-aaa2-5c3a9c8aa16a
2024-01-31 11:35:01,576 — __main__ — INFO — Response 49: f759b5de-0fb3-4268-b906-ae859319e7d1
2024-01-31 11:35:01,576 — __main__ — INFO — Response 50: 0d9e42b7-ffe7-4469-be0d-3a90e8004fe5
2024-01-31 11:35:01,576 — __main__ — INFO — Response 51: 5aabc39e-c34c-4a82-a108-687174117ac2
2024-01-31 11:35:01,576 — __main__ — INFO — Response 52: aab4876b-2f6f-4762-b94d-29d07db7a713
2024-01-31 11:35:01,576 — __main__ — INFO — Response 53: 09eb8cb2-ae4d-453b-8b49-95a6c399e515
2024-01-31 11:35:01,576 — __main__ — INFO — Response 54: 08148322-9f9f-44c7-b97d-0c31a539c715
2024-01-31 11:35:01,576 — __main__ — INFO — Response 55: d7247622-07b7-4cb4-98ec-76381abefe49
2024-01-31 11:35:01,576 — __main__ — INFO — Response 56: 525847c8-db55-4a81-931f-71d2c866a01e
2024-01-31 11:35:01,576 — __main__ — INFO — Response 57: 29f8832a-0b19-414f-a917-5a6af8f17666
2024-01-31 11:35:01,576 — __main__ — INFO — Response 58: bcddb539-ff01-4335-a432-a07421840190
2024-01-31 11:35:01,576 — __main__ — INFO — Response 59: a719c92e-52c4-4336-be1f-2e35f600f30c
2024-01-31 11:35:01,576 — __main__ — INFO — Response 60: 0b6d79a1-3046-48a6-926c-1ff1c0fc9a70
2024-01-31 11:35:01,576 — __main__ — INFO — Response 61: 0bd3dae8-256f-4073-88a0-894109b476c9
2024-01-31 11:35:01,576 — __main__ — INFO — Response 62: dbc3463c-aa3c-4a84-8f33-37987d19fdfe
2024-01-31 11:35:01,576 — __main__ — INFO — Response 63: 21232f19-e809-4ac7-b73a-7cbc8b1b7e4f
2024-01-31 11:35:01,576 — __main__ — INFO — Response 64: 7444d961-710a-4ed8-afc5-241e20d2a3af
2024-01-31 11:35:01,576 — __main__ — INFO — Response 65: f7f0c637-30a5-4441-a1ef-dbd48f1844de
2024-01-31 11:35:01,576 — __main__ — INFO — Response 66: bfffb983-6375-4c96-8728-8d0ae805f8d0
2024-01-31 11:35:01,576 — __main__ — INFO — Response 67: 1d8324fa-0d36-4067-966d-f450abc795a2
2024-01-31 11:35:01,577 — __main__ — INFO — Response 68: 1e7b7ecd-9779-4ab0-8085-44cdde94651d
2024-01-31 11:35:01,577 — __main__ — INFO — Response 69: 8913394a-ec50-4ebe-a19e-0a391f201a61
2024-01-31 11:35:01,577 — __main__ — INFO — Response 70: 8d5fc0d9-0e24-408d-b0a8-d9cbbd66bc39
2024-01-31 11:35:01,577 — __main__ — INFO — Response 71: f5f16e47-3224-469b-b482-70a308e515c9
2024-01-31 11:35:01,577 — __main__ — INFO — Response 72: 7e86c214-c92c-418c-b43d-cdee75d4de21
2024-01-31 11:35:01,577 — __main__ — INFO — Response 73: ecbd3de4-1491-4493-a484-65dccb8c4057
2024-01-31 11:35:01,577 — __main__ — INFO — Response 74: 5696d7bc-26a9-4234-bf2e-9410f8a83ce8
2024-01-31 11:35:01,577 — __main__ — INFO — Response 75: fe27e9f8-e671-41ec-b62f-230aa6a5e118
2024-01-31 11:35:01,577 — __main__ — INFO — Response 76: 6dff16b2-f69b-480d-8c90-313134434f50
2024-01-31 11:35:01,577 — __main__ — INFO — Response 77: 40354748-6569-4881-a0aa-665bac447805
2024-01-31 11:35:01,577 — __main__ — INFO — Response 78: a97946fa-ccee-48b2-a2c3-18e26d886be6
2024-01-31 11:35:01,577 — __main__ — INFO — Response 79: 5b824cf9-352a-494a-a7fe-86061f9be566
2024-01-31 11:35:01,577 — __main__ — INFO — Response 80: b7b4bd1b-7a82-46b7-a07f-27ad307910bf
2024-01-31 11:35:01,577 — __main__ — INFO — Response 81: 5f243054-4f37-455e-8c6d-d09b1c214c4b
2024-01-31 11:35:01,577 — __main__ — INFO — Response 82: abb59ccd-464b-491b-b6ce-f70c458967ab
2024-01-31 11:35:01,577 — __main__ — INFO — Response 83: 0aaed572-3102-4ad7-91a5-fa71a105c95b
2024-01-31 11:35:01,577 — __main__ — INFO — Response 84: e68c4b7e-fba5-4153-ad6e-1cce899e628a
2024-01-31 11:35:01,577 — __main__ — INFO — Response 85: c3fbdba4-ac12-4b1b-87cd-63fbec469ec2
2024-01-31 11:35:01,577 — __main__ — INFO — Response 86: 9db7656b-2f4f-4344-9609-00ffd050d469
2024-01-31 11:35:01,577 — __main__ — INFO — Response 87: 7de758b3-0f94-45e8-a42a-a7067d82d9d3
2024-01-31 11:35:01,577 — __main__ — INFO — Response 88: cce84de7-5578-46b4-900c-a2b44a2ae14e
2024-01-31 11:35:01,577 — __main__ — INFO — Response 89: 182fb3d9-8766-4b1c-ac53-02106722eb81
2024-01-31 11:35:01,577 — __main__ — INFO — Response 90: 4ec645e5-3790-4ef1-915d-0a082e5cc8ff
2024-01-31 11:35:01,577 — __main__ — INFO — Response 91: b8da1f9b-da62-4305-93c2-c6b0a706ecba
2024-01-31 11:35:01,577 — __main__ — INFO — Response 92: 6ed426dd-8b44-45f9-8ac3-1c7a8942be52
2024-01-31 11:35:01,577 — __main__ — INFO — Response 93: 48549911-71e2-422d-86e0-89f85af8589f
2024-01-31 11:35:01,577 — __main__ — INFO — Response 94: d4744d8d-9fb2-41a1-8291-a7b76fcc003a
2024-01-31 11:35:01,577 — __main__ — INFO — Response 95: 5c374337-f84b-49db-992c-61350fd46fc5
2024-01-31 11:35:01,577 — __main__ — INFO — Response 96: 8b3d5bb8-541f-414d-9717-b5087452e690
2024-01-31 11:35:01,577 — __main__ — INFO — Response 97: 47c9b0e4-cb46-4e64-ac3c-9e308f078808
2024-01-31 11:35:01,577 — __main__ — INFO — Response 98: c6c41ca4-dcf4-44f7-ae27-81137f5a6ca9
2024-01-31 11:35:01,577 — __main__ — INFO — Response 99: 4a284959-f55a-4586-8bf1-9e82c78b9bd1
2024-01-31 11:35:01,577 — __main__ — INFO — Response 100: 3a09d26a-3a8a-4046-9890-f113680e731a
2024-01-31 11:35:01,673 — __main__ — INFO — Response 1: (('{"age": "70", "city": "Chennai", "name": "Vidoosh", "salary": "INR2734.2105263157896", "industry": "publiccvb", "client_id": "6e23428c-dc65-4da3-8078-024a0131a6ef"}',),)
2024-01-31 11:35:01,673 — __main__ — INFO — Response 2: (('{"age": "70", "city": "Chennai", "name": "Vidoosh", "salary": "INR2734.2105263157896", "industry": "publiccvb", "client_id": "aa3fb9a2-415d-4df9-9dbd-e0a0c5c4f0c9"}',),)
2024-01-31 11:35:01,673 — __main__ — INFO — Response 3: (('{"age": "70", "city": "Chennai", "name": "Vidoosh", "salary": "INR2734.2105263157896", "industry": "publiccvb", "client_id": "4a905803-eb13-4925-9793-257ecf36afbd"}',),)
2024-01-31 11:35:01,673 — __main__ — INFO — Response 4: (('{"age": "70", "city": "Chennai", "name": "Vidoosh", "salary": "INR2734.2105263157896", "industry": "publiccvb", "client_id": "55906495-758d-4bf0-848f-eb4e95e64df4"}',),)
2024-01-31 11:35:01,673 — __main__ — INFO — Response 5: (('{"age": "70", "city": "Chennai", "name": "Vidoosh", "salary": "INR2734.2105263157896", "industry": "publiccvb", "client_id": "994d7df5-a6f0-4d65-aab6-debe776689c8"}',),)
2024-01-31 11:35:01,673 — __main__ — INFO — Response 6: (('{"age": "70", "city": "Chennai", "name": "Vidoosh", "salary": "INR2734.2105263157896", "industry": "publiccvb", "client_id": "30f076f8-e6c8-4dc0-ad26-15e3c842b00d"}',),)
2024-01-31 11:35:01,673 — __main__ — INFO — Response 7: (('{"age": "70", "city": "Chennai", "name": "Vidoosh", "salary": "INR2734.2105263157896", "industry": "publiccvb", "client_id": "01b2eac9-4d7a-4fd9-94de-1eea0d6982a4"}',),)
2024-01-31 11:35:01,673 — __main__ — INFO — Response 8: (('{"age": "70", "city": "Chennai", "name": "Vidoosh", "salary": "INR2734.2105263157896", "industry": "publiccvb", "client_id": "a786d090-d673-48f5-a286-a31a5971fd22"}',),)
2024-01-31 11:35:01,673 — __main__ — INFO — Response 9: (('{"age": "70", "city": "Chennai", "name": "Vidoosh", "salary": "INR2734.2105263157896", "industry": "publiccvb", "client_id": "13728057-77f2-4a99-92a2-55c56f4af0af"}',),)
2024-01-31 11:35:01,673 — __main__ — INFO — Response 10: (('{"age": "70", "city": "Chennai", "name": "Vidoosh", "salary": "INR2734.2105263157896", "industry": "publiccvb", "client_id": "e36e8b49-3ece-40b1-b6d6-edfa6578cce1"}',),)
2024-01-31 11:35:01,673 — __main__ — INFO — Response 11: (('{"age": "70", "city": "Chennai", "name": "Vidoosh", "salary": "INR2734.2105263157896", "industry": "publiccvb", "client_id": "df1bb383-3256-43e5-b9b2-a46ae50f7e86"}',),)
2024-01-31 11:35:01,673 — __main__ — INFO — Response 12: (('{"age": "70", "city": "Chennai", "name": "Vidoosh", "salary": "INR2734.2105263157896", "industry": "publiccvb", "client_id": "c5e97cde-3be5-48f3-a3a3-ab729bb1aa89"}',),)
2024-01-31 11:35:01,673 — __main__ — INFO — Response 13: (('{"age": "70", "city": "Chennai", "name": "Vidoosh", "salary": "INR2734.2105263157896", "industry": "publiccvb", "client_id": "964d17d4-4f1d-4780-9f0e-d891569602ab"}',),)
2024-01-31 11:35:01,673 — __main__ — INFO — Response 14: (('{"age": "70", "city": "Chennai", "name": "Vidoosh", "salary": "INR2734.2105263157896", "industry": "publiccvb", "client_id": "4581146c-1ea2-43fc-8477-dd5f56c3a088"}',),)
2024-01-31 11:35:01,673 — __main__ — INFO — Response 15: (('{"age": "70", "city": "Chennai", "name": "Vidoosh", "salary": "INR2734.2105263157896", "industry": "publiccvb", "client_id": "859170ac-57a9-4b30-be90-17e4034de945"}',),)
2024-01-31 11:35:01,673 — __main__ — INFO — Response 16: (('{"age": "70", "city": "Chennai", "name": "Vidoosh", "salary": "INR2734.2105263157896", "industry": "publiccvb", "client_id": "78cc43cb-dc5e-4fb7-b3f2-7f19cadd5996"}',),)
2024-01-31 11:35:01,674 — __main__ — INFO — Response 17: (('{"age": "70", "city": "Chennai", "name": "Vidoosh", "salary": "INR2734.2105263157896", "industry": "publiccvb", "client_id": "90c3de49-4c42-4410-baad-ccf66fca3d49"}',),)
2024-01-31 11:35:01,674 — __main__ — INFO — Response 18: (('{"age": "70", "city": "Chennai", "name": "Vidoosh", "salary": "INR2734.2105263157896", "industry": "publiccvb", "client_id": "a3773d87-97a9-4d1f-b900-288d63dc7c88"}',),)
2024-01-31 11:35:01,674 — __main__ — INFO — Response 19: (('{"age": "70", "city": "Chennai", "name": "Vidoosh", "salary": "INR2734.2105263157896", "industry": "publiccvb", "client_id": "3f2cfd17-819e-48d1-9bc3-b1b28981de4e"}',),)
2024-01-31 11:35:01,674 — __main__ — INFO — Response 20: (('{"age": "70", "city": "Chennai", "name": "Vidoosh", "salary": "INR2734.2105263157896", "industry": "publiccvb", "client_id": "6b92976c-7c19-4571-bc04-32f11fee4968"}',),)
2024-01-31 11:35:01,674 — __main__ — INFO — Response 21: (('{"age": "70", "city": "Chennai", "name": "Vidoosh", "salary": "INR2734.2105263157896", "industry": "publiccvb", "client_id": "c8d0c77e-74e3-4b19-b2b5-cd5e65e6cc70"}',),)
2024-01-31 11:35:01,674 — __main__ — INFO — Response 22: (('{"age": "70", "city": "Chennai", "name": "Vidoosh", "salary": "INR2734.2105263157896", "industry": "publiccvb", "client_id": "ee40ad3c-f164-4cbb-8623-b812b4f64472"}',),)
2024-01-31 11:35:01,674 — __main__ — INFO — Response 23: (('{"age": "70", "city": "Chennai", "name": "Vidoosh", "salary": "INR2734.2105263157896", "industry": "publiccvb", "client_id": "c4345660-fafe-49a0-a58a-a4766619819e"}',),)
2024-01-31 11:35:01,674 — __main__ — INFO — Response 24: (('{"age": "70", "city": "Chennai", "name": "Vidoosh", "salary": "INR2734.2105263157896", "industry": "publiccvb", "client_id": "b8e3c4db-58c6-40ec-9f02-ff1d06fe02ad"}',),)
2024-01-31 11:35:01,674 — __main__ — INFO — Response 25: (('{"age": "70", "city": "Chennai", "name": "Vidoosh", "salary": "INR2734.2105263157896", "industry": "publiccvb", "client_id": "d06736aa-ae40-4ebd-9f93-b416f3e58ef5"}',),)
2024-01-31 11:35:01,674 — __main__ — INFO — Response 26: (('{"age": "70", "city": "Chennai", "name": "Vidoosh", "salary": "INR2734.2105263157896", "industry": "publiccvb", "client_id": "fca8b6bd-3595-4efa-8f22-2ca9673b4d9e"}',),)
2024-01-31 11:35:01,674 — __main__ — INFO — Response 27: (('{"age": "70", "city": "Chennai", "name": "Vidoosh", "salary": "INR2734.2105263157896", "industry": "publiccvb", "client_id": "f595b3a8-f164-468c-806f-cbb8bebd3719"}',),)
2024-01-31 11:35:01,674 — __main__ — INFO — Response 28: (('{"age": "70", "city": "Chennai", "name": "Vidoosh", "salary": "INR2734.2105263157896", "industry": "publiccvb", "client_id": "0f11fbb8-2ad2-4cfd-b161-9aba387dfd67"}',),)
2024-01-31 11:35:01,674 — __main__ — INFO — Response 29: (('{"age": "70", "city": "Chennai", "name": "Vidoosh", "salary": "INR2734.2105263157896", "industry": "publiccvb", "client_id": "dae82226-91d5-48b0-ac7c-d4808aa53fd4"}',),)
2024-01-31 11:35:01,674 — __main__ — INFO — Response 30: (('{"age": "70", "city": "Chennai", "name": "Vidoosh", "salary": "INR2734.2105263157896", "industry": "publiccvb", "client_id": "28c56413-53c5-4607-937e-0ee7c2357d1e"}',),)
2024-01-31 11:35:01,674 — __main__ — INFO — Response 31: (('{"age": "70", "city": "Chennai", "name": "Vidoosh", "salary": "INR2734.2105263157896", "industry": "publiccvb", "client_id": "351f5762-d45d-4c61-a1ab-f0532b8c8b38"}',),)
2024-01-31 11:35:01,674 — __main__ — INFO — Response 32: (('{"age": "70", "city": "Chennai", "name": "Vidoosh", "salary": "INR2734.2105263157896", "industry": "publiccvb", "client_id": "f9b37a57-b034-4159-81c1-fb97080b5889"}',),)
2024-01-31 11:35:01,674 — __main__ — INFO — Response 33: (('{"age": "70", "city": "Chennai", "name": "Vidoosh", "salary": "INR2734.2105263157896", "industry": "publiccvb", "client_id": "baf82203-b9e3-4da1-96f8-b74c7edbf84c"}',),)
2024-01-31 11:35:01,674 — __main__ — INFO — Response 34: (('{"age": "70", "city": "Chennai", "name": "Vidoosh", "salary": "INR2734.2105263157896", "industry": "publiccvb", "client_id": "69000c81-1013-4264-8fb5-174cbb4d5de6"}',),)
2024-01-31 11:35:01,674 — __main__ — INFO — Response 35: (('{"age": "70", "city": "Chennai", "name": "Vidoosh", "salary": "INR2734.2105263157896", "industry": "publiccvb", "client_id": "3b153168-a267-4fb4-835b-87535db612d3"}',),)
2024-01-31 11:35:01,674 — __main__ — INFO — Response 36: (('{"age": "70", "city": "Chennai", "name": "Vidoosh", "salary": "INR2734.2105263157896", "industry": "publiccvb", "client_id": "427df971-05df-44a5-8121-ee7bb8a38f6c"}',),)
2024-01-31 11:35:01,674 — __main__ — INFO — Response 37: (('{"age": "70", "city": "Chennai", "name": "Vidoosh", "salary": "INR2734.2105263157896", "industry": "publiccvb", "client_id": "a6caf928-c299-4506-997a-7e0841bd34d4"}',),)
2024-01-31 11:35:01,674 — __main__ — INFO — Response 38: (('{"age": "70", "city": "Chennai", "name": "Vidoosh", "salary": "INR2734.2105263157896", "industry": "publiccvb", "client_id": "880d769c-c1ef-4dce-91c6-236b0bcc75ef"}',),)
2024-01-31 11:35:01,674 — __main__ — INFO — Response 39: (('{"age": "70", "city": "Chennai", "name": "Vidoosh", "salary": "INR2734.2105263157896", "industry": "publiccvb", "client_id": "991405de-e1f8-4a99-86ea-bd9d7049a9ec"}',),)
2024-01-31 11:35:01,674 — __main__ — INFO — Response 40: (('{"age": "70", "city": "Chennai", "name": "Vidoosh", "salary": "INR2734.2105263157896", "industry": "publiccvb", "client_id": "4e27b88a-9b18-47b9-934c-5fb37af2d1a6"}',),)
2024-01-31 11:35:01,674 — __main__ — INFO — Response 41: (('{"age": "70", "city": "Chennai", "name": "Vidoosh", "salary": "INR2734.2105263157896", "industry": "publiccvb", "client_id": "a8629882-4c95-4b77-a7b4-1379885c5064"}',),)
2024-01-31 11:35:01,674 — __main__ — INFO — Response 42: (('{"age": "70", "city": "Chennai", "name": "Vidoosh", "salary": "INR2734.2105263157896", "industry": "publiccvb", "client_id": "9d25c7bd-b8a4-4e12-92ea-b09e7884da71"}',),)
2024-01-31 11:35:01,674 — __main__ — INFO — Response 43: (('{"age": "70", "city": "Chennai", "name": "Vidoosh", "salary": "INR2734.2105263157896", "industry": "publiccvb", "client_id": "2c53f518-4559-4c78-80ef-cdc05019fcd4"}',),)
2024-01-31 11:35:01,674 — __main__ — INFO — Response 44: (('{"age": "70", "city": "Chennai", "name": "Vidoosh", "salary": "INR2734.2105263157896", "industry": "publiccvb", "client_id": "62e3adfe-23a1-4c2c-86fe-3d1f60f371f0"}',),)
2024-01-31 11:35:01,674 — __main__ — INFO — Response 45: (('{"age": "70", "city": "Chennai", "name": "Vidoosh", "salary": "INR2734.2105263157896", "industry": "publiccvb", "client_id": "322b7e00-a98d-49bd-a1b0-9f6c33653ab8"}',),)
2024-01-31 11:35:01,674 — __main__ — INFO — Response 46: (('{"age": "70", "city": "Chennai", "name": "Vidoosh", "salary": "INR2734.2105263157896", "industry": "publiccvb", "client_id": "13c35b53-f8fb-4258-86da-523befecb4e2"}',),)
2024-01-31 11:35:01,674 — __main__ — INFO — Response 47: (('{"age": "70", "city": "Chennai", "name": "Vidoosh", "salary": "INR2734.2105263157896", "industry": "publiccvb", "client_id": "06a11f7e-5203-4764-ae22-5d0a8fce0ba8"}',),)
2024-01-31 11:35:01,674 — __main__ — INFO — Response 48: (('{"age": "70", "city": "Chennai", "name": "Vidoosh", "salary": "INR2734.2105263157896", "industry": "publiccvb", "client_id": "fd6feb1a-9fb4-4a82-aaa2-5c3a9c8aa16a"}',),)
2024-01-31 11:35:01,674 — __main__ — INFO — Response 49: (('{"age": "70", "city": "Chennai", "name": "Vidoosh", "salary": "INR2734.2105263157896", "industry": "publiccvb", "client_id": "f759b5de-0fb3-4268-b906-ae859319e7d1"}',),)
2024-01-31 11:35:01,674 — __main__ — INFO — Response 50: (('{"age": "70", "city": "Chennai", "name": "Vidoosh", "salary": "INR2734.2105263157896", "industry": "publiccvb", "client_id": "0d9e42b7-ffe7-4469-be0d-3a90e8004fe5"}',),)
2024-01-31 11:35:01,674 — __main__ — INFO — Response 51: (('{"age": "70", "city": "Chennai", "name": "Vidoosh", "salary": "INR2734.2105263157896", "industry": "publiccvb", "client_id": "5aabc39e-c34c-4a82-a108-687174117ac2"}',),)
2024-01-31 11:35:01,674 — __main__ — INFO — Response 52: (('{"age": "70", "city": "Chennai", "name": "Vidoosh", "salary": "INR2734.2105263157896", "industry": "publiccvb", "client_id": "aab4876b-2f6f-4762-b94d-29d07db7a713"}',),)
2024-01-31 11:35:01,674 — __main__ — INFO — Response 53: (('{"age": "70", "city": "Chennai", "name": "Vidoosh", "salary": "INR2734.2105263157896", "industry": "publiccvb", "client_id": "09eb8cb2-ae4d-453b-8b49-95a6c399e515"}',),)
2024-01-31 11:35:01,674 — __main__ — INFO — Response 54: (('{"age": "70", "city": "Chennai", "name": "Vidoosh", "salary": "INR2734.2105263157896", "industry": "publiccvb", "client_id": "08148322-9f9f-44c7-b97d-0c31a539c715"}',),)
2024-01-31 11:35:01,674 — __main__ — INFO — Response 55: (('{"age": "70", "city": "Chennai", "name": "Vidoosh", "salary": "INR2734.2105263157896", "industry": "publiccvb", "client_id": "d7247622-07b7-4cb4-98ec-76381abefe49"}',),)
2024-01-31 11:35:01,674 — __main__ — INFO — Response 56: (('{"age": "70", "city": "Chennai", "name": "Vidoosh", "salary": "INR2734.2105263157896", "industry": "publiccvb", "client_id": "525847c8-db55-4a81-931f-71d2c866a01e"}',),)
2024-01-31 11:35:01,674 — __main__ — INFO — Response 57: (('{"age": "70", "city": "Chennai", "name": "Vidoosh", "salary": "INR2734.2105263157896", "industry": "publiccvb", "client_id": "29f8832a-0b19-414f-a917-5a6af8f17666"}',),)
2024-01-31 11:35:01,674 — __main__ — INFO — Response 58: (('{"age": "70", "city": "Chennai", "name": "Vidoosh", "salary": "INR2734.2105263157896", "industry": "publiccvb", "client_id": "bcddb539-ff01-4335-a432-a07421840190"}',),)
2024-01-31 11:35:01,674 — __main__ — INFO — Response 59: (('{"age": "70", "city": "Chennai", "name": "Vidoosh", "salary": "INR2734.2105263157896", "industry": "publiccvb", "client_id": "a719c92e-52c4-4336-be1f-2e35f600f30c"}',),)
2024-01-31 11:35:01,674 — __main__ — INFO — Response 60: (('{"age": "70", "city": "Chennai", "name": "Vidoosh", "salary": "INR2734.2105263157896", "industry": "publiccvb", "client_id": "0b6d79a1-3046-48a6-926c-1ff1c0fc9a70"}',),)
2024-01-31 11:35:01,674 — __main__ — INFO — Response 61: (('{"age": "70", "city": "Chennai", "name": "Vidoosh", "salary": "INR2734.2105263157896", "industry": "publiccvb", "client_id": "0bd3dae8-256f-4073-88a0-894109b476c9"}',),)
2024-01-31 11:35:01,674 — __main__ — INFO — Response 62: (('{"age": "70", "city": "Chennai", "name": "Vidoosh", "salary": "INR2734.2105263157896", "industry": "publiccvb", "client_id": "dbc3463c-aa3c-4a84-8f33-37987d19fdfe"}',),)
2024-01-31 11:35:01,674 — __main__ — INFO — Response 63: (('{"age": "70", "city": "Chennai", "name": "Vidoosh", "salary": "INR2734.2105263157896", "industry": "publiccvb", "client_id": "21232f19-e809-4ac7-b73a-7cbc8b1b7e4f"}',),)
2024-01-31 11:35:01,674 — __main__ — INFO — Response 64: (('{"age": "70", "city": "Chennai", "name": "Vidoosh", "salary": "INR2734.2105263157896", "industry": "publiccvb", "client_id": "7444d961-710a-4ed8-afc5-241e20d2a3af"}',),)
2024-01-31 11:35:01,674 — __main__ — INFO — Response 65: (('{"age": "70", "city": "Chennai", "name": "Vidoosh", "salary": "INR2734.2105263157896", "industry": "publiccvb", "client_id": "f7f0c637-30a5-4441-a1ef-dbd48f1844de"}',),)
2024-01-31 11:35:01,675 — __main__ — INFO — Response 66: (('{"age": "70", "city": "Chennai", "name": "Vidoosh", "salary": "INR2734.2105263157896", "industry": "publiccvb", "client_id": "bfffb983-6375-4c96-8728-8d0ae805f8d0"}',),)
2024-01-31 11:35:01,675 — __main__ — INFO — Response 67: (('{"age": "70", "city": "Chennai", "name": "Vidoosh", "salary": "INR2734.2105263157896", "industry": "publiccvb", "client_id": "1d8324fa-0d36-4067-966d-f450abc795a2"}',),)
2024-01-31 11:35:01,675 — __main__ — INFO — Response 68: (('{"age": "70", "city": "Chennai", "name": "Vidoosh", "salary": "INR2734.2105263157896", "industry": "publiccvb", "client_id": "1e7b7ecd-9779-4ab0-8085-44cdde94651d"}',),)
2024-01-31 11:35:01,675 — __main__ — INFO — Response 69: (('{"age": "70", "city": "Chennai", "name": "Vidoosh", "salary": "INR2734.2105263157896", "industry": "publiccvb", "client_id": "8913394a-ec50-4ebe-a19e-0a391f201a61"}',),)
2024-01-31 11:35:01,675 — __main__ — INFO — Response 70: (('{"age": "70", "city": "Chennai", "name": "Vidoosh", "salary": "INR2734.2105263157896", "industry": "publiccvb", "client_id": "8d5fc0d9-0e24-408d-b0a8-d9cbbd66bc39"}',),)
2024-01-31 11:35:01,675 — __main__ — INFO — Response 71: (('{"age": "70", "city": "Chennai", "name": "Vidoosh", "salary": "INR2734.2105263157896", "industry": "publiccvb", "client_id": "f5f16e47-3224-469b-b482-70a308e515c9"}',),)
2024-01-31 11:35:01,675 — __main__ — INFO — Response 72: (('{"age": "70", "city": "Chennai", "name": "Vidoosh", "salary": "INR2734.2105263157896", "industry": "publiccvb", "client_id": "7e86c214-c92c-418c-b43d-cdee75d4de21"}',),)
2024-01-31 11:35:01,675 — __main__ — INFO — Response 73: (('{"age": "70", "city": "Chennai", "name": "Vidoosh", "salary": "INR2734.2105263157896", "industry": "publiccvb", "client_id": "ecbd3de4-1491-4493-a484-65dccb8c4057"}',),)
2024-01-31 11:35:01,675 — __main__ — INFO — Response 74: (('{"age": "70", "city": "Chennai", "name": "Vidoosh", "salary": "INR2734.2105263157896", "industry": "publiccvb", "client_id": "5696d7bc-26a9-4234-bf2e-9410f8a83ce8"}',),)
2024-01-31 11:35:01,675 — __main__ — INFO — Response 75: (('{"age": "70", "city": "Chennai", "name": "Vidoosh", "salary": "INR2734.2105263157896", "industry": "publiccvb", "client_id": "fe27e9f8-e671-41ec-b62f-230aa6a5e118"}',),)
2024-01-31 11:35:01,675 — __main__ — INFO — Response 76: (('{"age": "70", "city": "Chennai", "name": "Vidoosh", "salary": "INR2734.2105263157896", "industry": "publiccvb", "client_id": "6dff16b2-f69b-480d-8c90-313134434f50"}',),)
2024-01-31 11:35:01,675 — __main__ — INFO — Response 77: (('{"age": "70", "city": "Chennai", "name": "Vidoosh", "salary": "INR2734.2105263157896", "industry": "publiccvb", "client_id": "40354748-6569-4881-a0aa-665bac447805"}',),)
2024-01-31 11:35:01,675 — __main__ — INFO — Response 78: (('{"age": "70", "city": "Chennai", "name": "Vidoosh", "salary": "INR2734.2105263157896", "industry": "publiccvb", "client_id": "a97946fa-ccee-48b2-a2c3-18e26d886be6"}',),)
2024-01-31 11:35:01,675 — __main__ — INFO — Response 79: (('{"age": "70", "city": "Chennai", "name": "Vidoosh", "salary": "INR2734.2105263157896", "industry": "publiccvb", "client_id": "5b824cf9-352a-494a-a7fe-86061f9be566"}',),)
2024-01-31 11:35:01,675 — __main__ — INFO — Response 80: (('{"age": "70", "city": "Chennai", "name": "Vidoosh", "salary": "INR2734.2105263157896", "industry": "publiccvb", "client_id": "b7b4bd1b-7a82-46b7-a07f-27ad307910bf"}',),)
2024-01-31 11:35:01,675 — __main__ — INFO — Response 81: (('{"age": "70", "city": "Chennai", "name": "Vidoosh", "salary": "INR2734.2105263157896", "industry": "publiccvb", "client_id": "5f243054-4f37-455e-8c6d-d09b1c214c4b"}',),)
2024-01-31 11:35:01,675 — __main__ — INFO — Response 82: (('{"age": "70", "city": "Chennai", "name": "Vidoosh", "salary": "INR2734.2105263157896", "industry": "publiccvb", "client_id": "abb59ccd-464b-491b-b6ce-f70c458967ab"}',),)
2024-01-31 11:35:01,675 — __main__ — INFO — Response 83: (('{"age": "70", "city": "Chennai", "name": "Vidoosh", "salary": "INR2734.2105263157896", "industry": "publiccvb", "client_id": "0aaed572-3102-4ad7-91a5-fa71a105c95b"}',),)
2024-01-31 11:35:01,675 — __main__ — INFO — Response 84: (('{"age": "70", "city": "Chennai", "name": "Vidoosh", "salary": "INR2734.2105263157896", "industry": "publiccvb", "client_id": "e68c4b7e-fba5-4153-ad6e-1cce899e628a"}',),)
2024-01-31 11:35:01,675 — __main__ — INFO — Response 85: (('{"age": "70", "city": "Chennai", "name": "Vidoosh", "salary": "INR2734.2105263157896", "industry": "publiccvb", "client_id": "c3fbdba4-ac12-4b1b-87cd-63fbec469ec2"}',),)
2024-01-31 11:35:01,675 — __main__ — INFO — Response 86: (('{"age": "70", "city": "Chennai", "name": "Vidoosh", "salary": "INR2734.2105263157896", "industry": "publiccvb", "client_id": "9db7656b-2f4f-4344-9609-00ffd050d469"}',),)
2024-01-31 11:35:01,675 — __main__ — INFO — Response 87: (('{"age": "70", "city": "Chennai", "name": "Vidoosh", "salary": "INR2734.2105263157896", "industry": "publiccvb", "client_id": "7de758b3-0f94-45e8-a42a-a7067d82d9d3"}',),)
2024-01-31 11:35:01,675 — __main__ — INFO — Response 88: (('{"age": "70", "city": "Chennai", "name": "Vidoosh", "salary": "INR2734.2105263157896", "industry": "publiccvb", "client_id": "cce84de7-5578-46b4-900c-a2b44a2ae14e"}',),)
2024-01-31 11:35:01,675 — __main__ — INFO — Response 89: (('{"age": "70", "city": "Chennai", "name": "Vidoosh", "salary": "INR2734.2105263157896", "industry": "publiccvb", "client_id": "182fb3d9-8766-4b1c-ac53-02106722eb81"}',),)
2024-01-31 11:35:01,675 — __main__ — INFO — Response 90: (('{"age": "70", "city": "Chennai", "name": "Vidoosh", "salary": "INR2734.2105263157896", "industry": "publiccvb", "client_id": "4ec645e5-3790-4ef1-915d-0a082e5cc8ff"}',),)
2024-01-31 11:35:01,675 — __main__ — INFO — Response 91: (('{"age": "70", "city": "Chennai", "name": "Vidoosh", "salary": "INR2734.2105263157896", "industry": "publiccvb", "client_id": "b8da1f9b-da62-4305-93c2-c6b0a706ecba"}',),)
2024-01-31 11:35:01,675 — __main__ — INFO — Response 92: (('{"age": "70", "city": "Chennai", "name": "Vidoosh", "salary": "INR2734.2105263157896", "industry": "publiccvb", "client_id": "6ed426dd-8b44-45f9-8ac3-1c7a8942be52"}',),)
2024-01-31 11:35:01,675 — __main__ — INFO — Response 93: (('{"age": "70", "city": "Chennai", "name": "Vidoosh", "salary": "INR2734.2105263157896", "industry": "publiccvb", "client_id": "48549911-71e2-422d-86e0-89f85af8589f"}',),)
2024-01-31 11:35:01,675 — __main__ — INFO — Response 94: (('{"age": "70", "city": "Chennai", "name": "Vidoosh", "salary": "INR2734.2105263157896", "industry": "publiccvb", "client_id": "d4744d8d-9fb2-41a1-8291-a7b76fcc003a"}',),)
2024-01-31 11:35:01,675 — __main__ — INFO — Response 95: (('{"age": "70", "city": "Chennai", "name": "Vidoosh", "salary": "INR2734.2105263157896", "industry": "publiccvb", "client_id": "5c374337-f84b-49db-992c-61350fd46fc5"}',),)
2024-01-31 11:35:01,675 — __main__ — INFO — Response 96: (('{"age": "70", "city": "Chennai", "name": "Vidoosh", "salary": "INR2734.2105263157896", "industry": "publiccvb", "client_id": "8b3d5bb8-541f-414d-9717-b5087452e690"}',),)
2024-01-31 11:35:01,675 — __main__ — INFO — Response 97: (('{"age": "70", "city": "Chennai", "name": "Vidoosh", "salary": "INR2734.2105263157896", "industry": "publiccvb", "client_id": "47c9b0e4-cb46-4e64-ac3c-9e308f078808"}',),)
2024-01-31 11:35:01,675 — __main__ — INFO — Response 98: (('{"age": "70", "city": "Chennai", "name": "Vidoosh", "salary": "INR2734.2105263157896", "industry": "publiccvb", "client_id": "c6c41ca4-dcf4-44f7-ae27-81137f5a6ca9"}',),)
2024-01-31 11:35:01,675 — __main__ — INFO — Response 99: (('{"age": "70", "city": "Chennai", "name": "Vidoosh", "salary": "INR2734.2105263157896", "industry": "publiccvb", "client_id": "4a284959-f55a-4586-8bf1-9e82c78b9bd1"}',),)
2024-01-31 11:35:01,675 — __main__ — INFO — Response 100: (('{"age": "70", "city": "Chennai", "name": "Vidoosh", "salary": "INR2734.2105263157896", "industry": "publiccvb", "client_id": "3a09d26a-3a8a-4046-9890-f113680e731a"}',),)
2024-01-31 11:36:39,562 — __main__ — INFO — Response 1: ecb97c47-2f8e-46ce-8417-22b85d311569
2024-01-31 11:36:39,562 — __main__ — INFO — Response 2: 33e95538-88a5-4c2e-ac2a-04405df4453b
2024-01-31 11:36:39,562 — __main__ — INFO — Response 3: 67f98c3a-ffdf-47ec-8fc9-c2266169c6fe
2024-01-31 11:36:39,562 — __main__ — INFO — Response 4: 5e52645e-d5ff-48aa-ba17-ac6b7f71d809
2024-01-31 11:36:39,562 — __main__ — INFO — Response 5: da5b5059-81bc-4ab5-af59-a21ca0d695ed
2024-01-31 11:36:39,562 — __main__ — INFO — Response 6: 2ceb4936-c48b-4fe4-9c77-731c74f89baf
2024-01-31 11:36:39,562 — __main__ — INFO — Response 7: 2e0f8364-b835-431f-ba07-b8b23d941860
2024-01-31 11:36:39,562 — __main__ — INFO — Response 8: 493105a6-f6f5-4b97-9301-a2afac3b0daf
2024-01-31 11:36:39,562 — __main__ — INFO — Response 9: 63402194-043c-4480-aa58-f060550ef241
2024-01-31 11:36:39,562 — __main__ — INFO — Response 10: 101e2ef4-e439-4836-a88b-326d344171ce
2024-01-31 11:36:39,562 — __main__ — INFO — Response 11: b0057add-4277-47c8-b50c-c4b7260c383e
2024-01-31 11:36:39,562 — __main__ — INFO — Response 12: 2a939ca7-ce83-4156-b853-9243ef24056b
2024-01-31 11:36:39,562 — __main__ — INFO — Response 13: 6f024320-e2ce-4511-abcb-75e3017071e8
2024-01-31 11:36:39,563 — __main__ — INFO — Response 14: 393989b8-a8f4-42a3-9040-d874a4dcfda7
2024-01-31 11:36:39,563 — __main__ — INFO — Response 15: d5ace47d-53c0-42f7-8ba1-2176f532dd5f
2024-01-31 11:36:39,563 — __main__ — INFO — Response 16: 59d0462a-fe5d-4d30-b30b-d20658c10740
2024-01-31 11:36:39,563 — __main__ — INFO — Response 17: c59b2ddc-5afb-43f2-9c12-43b508393e39
2024-01-31 11:36:39,563 — __main__ — INFO — Response 18: 5710d895-3301-42dd-8408-b3cd92175c39
2024-01-31 11:36:39,563 — __main__ — INFO — Response 19: c055060e-ae14-4de8-b689-d59431896e5f
2024-01-31 11:36:39,563 — __main__ — INFO — Response 20: fc7e9037-f1df-4243-a051-834616be5df1
2024-01-31 11:36:39,563 — __main__ — INFO — Response 21: 01abf4be-d1d8-44c3-ba44-cc741f3b0e7f
2024-01-31 11:36:39,563 — __main__ — INFO — Response 22: a5561a5e-6765-4a1f-b899-5bfe545506d3
2024-01-31 11:36:39,563 — __main__ — INFO — Response 23: f51f4982-3723-4d4b-a9c1-1bf3d2902354
2024-01-31 11:36:39,563 — __main__ — INFO — Response 24: 92c66641-654e-4844-930b-49ad632d6e47
2024-01-31 11:36:39,563 — __main__ — INFO — Response 25: b9bd16be-8cac-4295-b3fb-f040adcd902a
2024-01-31 11:36:39,563 — __main__ — INFO — Response 26: 8863b263-1801-42ae-8424-0d2b9d4a0a24
2024-01-31 11:36:39,563 — __main__ — INFO — Response 27: 46ecbafd-0040-4d74-a76e-5196981e791c
2024-01-31 11:36:39,563 — __main__ — INFO — Response 28: 890c889d-d55e-465d-8f41-8492f4a6bf1b
2024-01-31 11:36:39,563 — __main__ — INFO — Response 29: 4f301fe5-92f0-468d-a047-2cc716bbd52c
2024-01-31 11:36:39,563 — __main__ — INFO — Response 30: 7e61005c-5d46-4287-87d4-aa05e7635dbc
2024-01-31 11:36:39,563 — __main__ — INFO — Response 31: 3ab3234a-3083-4715-9cf1-3701d4d40430
2024-01-31 11:36:39,563 — __main__ — INFO — Response 32: a944bd6e-3527-4b5d-9ecc-372b5835a64b
2024-01-31 11:36:39,563 — __main__ — INFO — Response 33: 37ce9aa7-9cfe-4df6-82ec-c9fdd755813a
2024-01-31 11:36:39,563 — __main__ — INFO — Response 34: cfb967cf-f506-4fb7-b576-dc8bcbd75266
2024-01-31 11:36:39,563 — __main__ — INFO — Response 35: 39f2c12c-df8d-49af-8dc9-066761f75054
2024-01-31 11:36:39,563 — __main__ — INFO — Response 36: 2121ffa8-d046-445e-9408-3d07c545b768
2024-01-31 11:36:39,563 — __main__ — INFO — Response 37: 96870fc1-504a-4056-95d0-6ddbbe566f01
2024-01-31 11:36:39,563 — __main__ — INFO — Response 38: 3f752916-75f3-4608-961c-e6f9484a5a42
2024-01-31 11:36:39,563 — __main__ — INFO — Response 39: 3ec8b534-c16d-45d4-b82f-658d06ec17a0
2024-01-31 11:36:39,563 — __main__ — INFO — Response 40: 0fb78128-a9f9-4063-865f-7e81fb446dd9
2024-01-31 11:36:39,563 — __main__ — INFO — Response 41: d068c279-fda5-470a-95ac-eadcc3de4421
2024-01-31 11:36:39,563 — __main__ — INFO — Response 42: 25bc2256-2e54-41dc-80af-fe9f075d1c40
2024-01-31 11:36:39,563 — __main__ — INFO — Response 43: 03494373-edd8-471e-9d3b-2f4ffc7078a5
2024-01-31 11:36:39,563 — __main__ — INFO — Response 44: 2b6ddc4c-8ded-45d3-a3a2-23bbaf9aa972
2024-01-31 11:36:39,563 — __main__ — INFO — Response 45: eb1e21c1-7afc-40fa-b1bd-ea1a0cdfa2ec
2024-01-31 11:36:39,563 — __main__ — INFO — Response 46: ed37ed72-a851-4beb-9564-8250da4382d8
2024-01-31 11:36:39,563 — __main__ — INFO — Response 47: 40f3fed2-1596-4acf-a8ce-40763d8d62c2
2024-01-31 11:36:39,563 — __main__ — INFO — Response 48: cf1d5692-ac37-49fc-bb89-c5e386628f9c
2024-01-31 11:36:39,563 — __main__ — INFO — Response 49: 40f61c6a-0f2e-4e76-a2e4-6dc0dc3522f4
2024-01-31 11:36:39,563 — __main__ — INFO — Response 50: 937dad68-ab8e-4500-88e6-54fa5e5b4aeb
2024-01-31 11:36:39,563 — __main__ — INFO — Response 51: 099d956f-fe5d-488f-94dc-59692220b6e1
2024-01-31 11:36:39,563 — __main__ — INFO — Response 52: 6c787492-2820-42ba-89ce-33776c56bcf3
2024-01-31 11:36:39,563 — __main__ — INFO — Response 53: 748c5da7-dbc4-49b0-8674-c61a4f9ca5ec
2024-01-31 11:36:39,563 — __main__ — INFO — Response 54: 7034d356-036c-473a-88fd-314476576742
2024-01-31 11:36:39,563 — __main__ — INFO — Response 55: 222cdd11-3902-4400-b723-a5fc9c35ae13
2024-01-31 11:36:39,563 — __main__ — INFO — Response 56: a050cf90-810c-4915-81a6-6b4b73d16b04
2024-01-31 11:36:39,563 — __main__ — INFO — Response 57: de37833c-9835-4878-9f4e-b4e9299900a6
2024-01-31 11:36:39,563 — __main__ — INFO — Response 58: c8950c74-e86e-4171-9616-ee2a34c8f46b
2024-01-31 11:36:39,563 — __main__ — INFO — Response 59: 3ad716d6-899a-4ab2-ae08-8261482b6ba3
2024-01-31 11:36:39,563 — __main__ — INFO — Response 60: e9a5a224-94aa-4de4-a90b-99dec120fc5d
2024-01-31 11:36:39,563 — __main__ — INFO — Response 61: c6a3641c-edc2-46af-a89a-5d26617e2795
2024-01-31 11:36:39,563 — __main__ — INFO — Response 62: 779f53f5-bed6-4527-9292-2cacd03c7ad4
2024-01-31 11:36:39,563 — __main__ — INFO — Response 63: 1b7ef15b-b389-4a48-8607-dea75f58a79b
2024-01-31 11:36:39,563 — __main__ — INFO — Response 64: f2d38452-1299-43f6-a596-f14e0d3aefc3
2024-01-31 11:36:39,563 — __main__ — INFO — Response 65: 2a47b0c6-a63a-4b86-ae6a-53a8cc9a67da
2024-01-31 11:36:39,563 — __main__ — INFO — Response 66: 8d523295-43bc-4cff-a4a9-302fe21a4e00
2024-01-31 11:36:39,563 — __main__ — INFO — Response 67: fc7be6b1-0675-4ff2-ad67-87ed155f6b9c
2024-01-31 11:36:39,563 — __main__ — INFO — Response 68: a03bac68-21ec-41b4-b237-9c16addc9a86
2024-01-31 11:36:39,564 — __main__ — INFO — Response 69: 45eb085a-7aa5-4a5b-89ce-3d04e0dc9d0d
2024-01-31 11:36:39,564 — __main__ — INFO — Response 70: 17a2ac1f-ef54-4695-bc33-5dd17eefa3c9
2024-01-31 11:36:39,564 — __main__ — INFO — Response 71: 4954b71d-cfe6-47a9-b9b6-50cb4627d7f8
2024-01-31 11:36:39,564 — __main__ — INFO — Response 72: 5d7c7150-7788-4a70-b2dc-99e4c3e068eb
2024-01-31 11:36:39,564 — __main__ — INFO — Response 73: f76f14b4-7eb6-4dfa-bad1-7c74b23448ff
2024-01-31 11:36:39,564 — __main__ — INFO — Response 74: b6bc7542-f6e7-4179-a7e1-79ce17b2f843
2024-01-31 11:36:39,564 — __main__ — INFO — Response 75: f893bfc7-4415-47da-a8c1-6d4b460703ae
2024-01-31 11:36:39,564 — __main__ — INFO — Response 76: dafd9cc7-86bf-4d0c-aa0f-6665f3a591ef
2024-01-31 11:36:39,564 — __main__ — INFO — Response 77: 33e28222-ce37-4bc0-a495-83100b584707
2024-01-31 11:36:39,564 — __main__ — INFO — Response 78: 7f4558fd-9eb2-4758-a11d-96bb57e2f021
2024-01-31 11:36:39,564 — __main__ — INFO — Response 79: 68b3bf43-abc5-4da8-bbe9-8f1f069a0dfb
2024-01-31 11:36:39,564 — __main__ — INFO — Response 80: acbfa9cd-74ac-4562-9f3a-c9ac294c7747
2024-01-31 11:36:39,564 — __main__ — INFO — Response 81: 6b216d9e-2699-42ff-97a0-4fdd677de2df
2024-01-31 11:36:39,564 — __main__ — INFO — Response 82: eea5bd03-8c99-454b-a788-a804de5356f3
2024-01-31 11:36:39,564 — __main__ — INFO — Response 83: db0d091d-6167-4943-b771-7a6d46592506
2024-01-31 11:36:39,564 — __main__ — INFO — Response 84: 2e1b1f96-8173-4360-9019-81aef3d6e771
2024-01-31 11:36:39,564 — __main__ — INFO — Response 85: 63a610c4-dac8-418e-bc54-53d7e8e27b0c
2024-01-31 11:36:39,564 — __main__ — INFO — Response 86: df1b5bb9-28a5-4692-92ec-5656e2d76c65
2024-01-31 11:36:39,564 — __main__ — INFO — Response 87: 718e5100-ec01-414f-a699-f8b1287425ea
2024-01-31 11:36:39,564 — __main__ — INFO — Response 88: ea2d67af-e41f-4510-8066-460fb7015cf2
2024-01-31 11:36:39,564 — __main__ — INFO — Response 89: 437fd677-342a-4278-b715-e6df2af0b93f
2024-01-31 11:36:39,564 — __main__ — INFO — Response 90: f3315ad1-f610-434c-8d48-029f1138ab2d
2024-01-31 11:36:39,564 — __main__ — INFO — Response 91: 341f96ad-7615-43e2-9c7d-91e646eef365
2024-01-31 11:36:39,564 — __main__ — INFO — Response 92: 4d557f14-f717-40ac-b2dd-b31b5d523fbb
2024-01-31 11:36:39,564 — __main__ — INFO — Response 93: b93e7f9b-8f7f-47ba-b58e-c71d1f291f00
2024-01-31 11:36:39,564 — __main__ — INFO — Response 94: cb0e7068-7551-46eb-930f-51ff9487b76c
2024-01-31 11:36:39,564 — __main__ — INFO — Response 95: 5f2db4b4-979e-486b-9f50-ac702bdf55dc
2024-01-31 11:36:39,564 — __main__ — INFO — Response 96: d0a6f5bd-6145-4335-91d6-40544d0fe3ab
2024-01-31 11:36:39,564 — __main__ — INFO — Response 97: 4b280e34-3e24-4cb4-9abe-2bcaea7139cc
2024-01-31 11:36:39,564 — __main__ — INFO — Response 98: ed61c18f-be5b-42bd-bf88-9e95acef9c52
2024-01-31 11:36:39,564 — __main__ — INFO — Response 99: f746f3e5-4fee-4c7f-83db-cda6d630fe55
2024-01-31 11:36:39,564 — __main__ — INFO — Response 100: d48e64dc-50ed-48c9-bfe4-5d2076303699
2024-01-31 11:36:39,658 — __main__ — INFO — Response 1: (('{"age": "70", "city": "Chennai", "name": "Vidoosh", "salary": "INR2734.2105263157896", "industry": "publiccvb", "client_id": "ecb97c47-2f8e-46ce-8417-22b85d311569"}',),)
2024-01-31 11:36:39,658 — __main__ — INFO — Response 2: (('{"age": "70", "city": "Chennai", "name": "Vidoosh", "salary": "INR2734.2105263157896", "industry": "publiccvb", "client_id": "33e95538-88a5-4c2e-ac2a-04405df4453b"}',),)
2024-01-31 11:36:39,658 — __main__ — INFO — Response 3: (('{"age": "70", "city": "Chennai", "name": "Vidoosh", "salary": "INR2734.2105263157896", "industry": "publiccvb", "client_id": "67f98c3a-ffdf-47ec-8fc9-c2266169c6fe"}',),)
2024-01-31 11:36:39,658 — __main__ — INFO — Response 4: (('{"age": "70", "city": "Chennai", "name": "Vidoosh", "salary": "INR2734.2105263157896", "industry": "publiccvb", "client_id": "5e52645e-d5ff-48aa-ba17-ac6b7f71d809"}',),)
2024-01-31 11:36:39,658 — __main__ — INFO — Response 5: (('{"age": "70", "city": "Chennai", "name": "Vidoosh", "salary": "INR2734.2105263157896", "industry": "publiccvb", "client_id": "da5b5059-81bc-4ab5-af59-a21ca0d695ed"}',),)
2024-01-31 11:36:39,658 — __main__ — INFO — Response 6: (('{"age": "70", "city": "Chennai", "name": "Vidoosh", "salary": "INR2734.2105263157896", "industry": "publiccvb", "client_id": "2ceb4936-c48b-4fe4-9c77-731c74f89baf"}',),)
2024-01-31 11:36:39,658 — __main__ — INFO — Response 7: (('{"age": "70", "city": "Chennai", "name": "Vidoosh", "salary": "INR2734.2105263157896", "industry": "publiccvb", "client_id": "2e0f8364-b835-431f-ba07-b8b23d941860"}',),)
2024-01-31 11:36:39,658 — __main__ — INFO — Response 8: (('{"age": "70", "city": "Chennai", "name": "Vidoosh", "salary": "INR2734.2105263157896", "industry": "publiccvb", "client_id": "493105a6-f6f5-4b97-9301-a2afac3b0daf"}',),)
2024-01-31 11:36:39,658 — __main__ — INFO — Response 9: (('{"age": "70", "city": "Chennai", "name": "Vidoosh", "salary": "INR2734.2105263157896", "industry": "publiccvb", "client_id": "63402194-043c-4480-aa58-f060550ef241"}',),)
2024-01-31 11:36:39,658 — __main__ — INFO — Response 10: (('{"age": "70", "city": "Chennai", "name": "Vidoosh", "salary": "INR2734.2105263157896", "industry": "publiccvb", "client_id": "101e2ef4-e439-4836-a88b-326d344171ce"}',),)
2024-01-31 11:36:39,658 — __main__ — INFO — Response 11: (('{"age": "70", "city": "Chennai", "name": "Vidoosh", "salary": "INR2734.2105263157896", "industry": "publiccvb", "client_id": "b0057add-4277-47c8-b50c-c4b7260c383e"}',),)
2024-01-31 11:36:39,658 — __main__ — INFO — Response 12: (('{"age": "70", "city": "Chennai", "name": "Vidoosh", "salary": "INR2734.2105263157896", "industry": "publiccvb", "client_id": "2a939ca7-ce83-4156-b853-9243ef24056b"}',),)
2024-01-31 11:36:39,658 — __main__ — INFO — Response 13: (('{"age": "70", "city": "Chennai", "name": "Vidoosh", "salary": "INR2734.2105263157896", "industry": "publiccvb", "client_id": "6f024320-e2ce-4511-abcb-75e3017071e8"}',),)
2024-01-31 11:36:39,658 — __main__ — INFO — Response 14: (('{"age": "70", "city": "Chennai", "name": "Vidoosh", "salary": "INR2734.2105263157896", "industry": "publiccvb", "client_id": "393989b8-a8f4-42a3-9040-d874a4dcfda7"}',),)
2024-01-31 11:36:39,658 — __main__ — INFO — Response 15: (('{"age": "70", "city": "Chennai", "name": "Vidoosh", "salary": "INR2734.2105263157896", "industry": "publiccvb", "client_id": "d5ace47d-53c0-42f7-8ba1-2176f532dd5f"}',),)
2024-01-31 11:36:39,659 — __main__ — INFO — Response 16: (('{"age": "70", "city": "Chennai", "name": "Vidoosh", "salary": "INR2734.2105263157896", "industry": "publiccvb", "client_id": "59d0462a-fe5d-4d30-b30b-d20658c10740"}',),)
2024-01-31 11:36:39,659 — __main__ — INFO — Response 17: (('{"age": "70", "city": "Chennai", "name": "Vidoosh", "salary": "INR2734.2105263157896", "industry": "publiccvb", "client_id": "c59b2ddc-5afb-43f2-9c12-43b508393e39"}',),)
2024-01-31 11:36:39,659 — __main__ — INFO — Response 18: (('{"age": "70", "city": "Chennai", "name": "Vidoosh", "salary": "INR2734.2105263157896", "industry": "publiccvb", "client_id": "5710d895-3301-42dd-8408-b3cd92175c39"}',),)
2024-01-31 11:36:39,659 — __main__ — INFO — Response 19: (('{"age": "70", "city": "Chennai", "name": "Vidoosh", "salary": "INR2734.2105263157896", "industry": "publiccvb", "client_id": "c055060e-ae14-4de8-b689-d59431896e5f"}',),)
2024-01-31 11:36:39,659 — __main__ — INFO — Response 20: (('{"age": "70", "city": "Chennai", "name": "Vidoosh", "salary": "INR2734.2105263157896", "industry": "publiccvb", "client_id": "fc7e9037-f1df-4243-a051-834616be5df1"}',),)
2024-01-31 11:36:39,659 — __main__ — INFO — Response 21: (('{"age": "70", "city": "Chennai", "name": "Vidoosh", "salary": "INR2734.2105263157896", "industry": "publiccvb", "client_id": "01abf4be-d1d8-44c3-ba44-cc741f3b0e7f"}',),)
2024-01-31 11:36:39,659 — __main__ — INFO — Response 22: (('{"age": "70", "city": "Chennai", "name": "Vidoosh", "salary": "INR2734.2105263157896", "industry": "publiccvb", "client_id": "a5561a5e-6765-4a1f-b899-5bfe545506d3"}',),)
2024-01-31 11:36:39,659 — __main__ — INFO — Response 23: (('{"age": "70", "city": "Chennai", "name": "Vidoosh", "salary": "INR2734.2105263157896", "industry": "publiccvb", "client_id": "f51f4982-3723-4d4b-a9c1-1bf3d2902354"}',),)
2024-01-31 11:36:39,659 — __main__ — INFO — Response 24: (('{"age": "70", "city": "Chennai", "name": "Vidoosh", "salary": "INR2734.2105263157896", "industry": "publiccvb", "client_id": "92c66641-654e-4844-930b-49ad632d6e47"}',),)
2024-01-31 11:36:39,659 — __main__ — INFO — Response 25: (('{"age": "70", "city": "Chennai", "name": "Vidoosh", "salary": "INR2734.2105263157896", "industry": "publiccvb", "client_id": "b9bd16be-8cac-4295-b3fb-f040adcd902a"}',),)
2024-01-31 11:36:39,659 — __main__ — INFO — Response 26: (('{"age": "70", "city": "Chennai", "name": "Vidoosh", "salary": "INR2734.2105263157896", "industry": "publiccvb", "client_id": "8863b263-1801-42ae-8424-0d2b9d4a0a24"}',),)
2024-01-31 11:36:39,659 — __main__ — INFO — Response 27: (('{"age": "70", "city": "Chennai", "name": "Vidoosh", "salary": "INR2734.2105263157896", "industry": "publiccvb", "client_id": "46ecbafd-0040-4d74-a76e-5196981e791c"}',),)
2024-01-31 11:36:39,659 — __main__ — INFO — Response 28: (('{"age": "70", "city": "Chennai", "name": "Vidoosh", "salary": "INR2734.2105263157896", "industry": "publiccvb", "client_id": "890c889d-d55e-465d-8f41-8492f4a6bf1b"}',),)
2024-01-31 11:36:39,659 — __main__ — INFO — Response 29: (('{"age": "70", "city": "Chennai", "name": "Vidoosh", "salary": "INR2734.2105263157896", "industry": "publiccvb", "client_id": "4f301fe5-92f0-468d-a047-2cc716bbd52c"}',),)
2024-01-31 11:36:39,659 — __main__ — INFO — Response 30: (('{"age": "70", "city": "Chennai", "name": "Vidoosh", "salary": "INR2734.2105263157896", "industry": "publiccvb", "client_id": "7e61005c-5d46-4287-87d4-aa05e7635dbc"}',),)
2024-01-31 11:36:39,659 — __main__ — INFO — Response 31: (('{"age": "70", "city": "Chennai", "name": "Vidoosh", "salary": "INR2734.2105263157896", "industry": "publiccvb", "client_id": "3ab3234a-3083-4715-9cf1-3701d4d40430"}',),)
2024-01-31 11:36:39,659 — __main__ — INFO — Response 32: (('{"age": "70", "city": "Chennai", "name": "Vidoosh", "salary": "INR2734.2105263157896", "industry": "publiccvb", "client_id": "a944bd6e-3527-4b5d-9ecc-372b5835a64b"}',),)
2024-01-31 11:36:39,659 — __main__ — INFO — Response 33: (('{"age": "70", "city": "Chennai", "name": "Vidoosh", "salary": "INR2734.2105263157896", "industry": "publiccvb", "client_id": "37ce9aa7-9cfe-4df6-82ec-c9fdd755813a"}',),)
2024-01-31 11:36:39,659 — __main__ — INFO — Response 34: (('{"age": "70", "city": "Chennai", "name": "Vidoosh", "salary": "INR2734.2105263157896", "industry": "publiccvb", "client_id": "cfb967cf-f506-4fb7-b576-dc8bcbd75266"}',),)
2024-01-31 11:36:39,659 — __main__ — INFO — Response 35: (('{"age": "70", "city": "Chennai", "name": "Vidoosh", "salary": "INR2734.2105263157896", "industry": "publiccvb", "client_id": "39f2c12c-df8d-49af-8dc9-066761f75054"}',),)
2024-01-31 11:36:39,659 — __main__ — INFO — Response 36: (('{"age": "70", "city": "Chennai", "name": "Vidoosh", "salary": "INR2734.2105263157896", "industry": "publiccvb", "client_id": "2121ffa8-d046-445e-9408-3d07c545b768"}',),)
2024-01-31 11:36:39,659 — __main__ — INFO — Response 37: (('{"age": "70", "city": "Chennai", "name": "Vidoosh", "salary": "INR2734.2105263157896", "industry": "publiccvb", "client_id": "96870fc1-504a-4056-95d0-6ddbbe566f01"}',),)
2024-01-31 11:36:39,659 — __main__ — INFO — Response 38: (('{"age": "70", "city": "Chennai", "name": "Vidoosh", "salary": "INR2734.2105263157896", "industry": "publiccvb", "client_id": "3f752916-75f3-4608-961c-e6f9484a5a42"}',),)
2024-01-31 11:36:39,659 — __main__ — INFO — Response 39: (('{"age": "70", "city": "Chennai", "name": "Vidoosh", "salary": "INR2734.2105263157896", "industry": "publiccvb", "client_id": "3ec8b534-c16d-45d4-b82f-658d06ec17a0"}',),)
2024-01-31 11:36:39,659 — __main__ — INFO — Response 40: (('{"age": "70", "city": "Chennai", "name": "Vidoosh", "salary": "INR2734.2105263157896", "industry": "publiccvb", "client_id": "0fb78128-a9f9-4063-865f-7e81fb446dd9"}',),)
2024-01-31 11:36:39,659 — __main__ — INFO — Response 41: (('{"age": "70", "city": "Chennai", "name": "Vidoosh", "salary": "INR2734.2105263157896", "industry": "publiccvb", "client_id": "d068c279-fda5-470a-95ac-eadcc3de4421"}',),)
2024-01-31 11:36:39,659 — __main__ — INFO — Response 42: (('{"age": "70", "city": "Chennai", "name": "Vidoosh", "salary": "INR2734.2105263157896", "industry": "publiccvb", "client_id": "25bc2256-2e54-41dc-80af-fe9f075d1c40"}',),)
2024-01-31 11:36:39,659 — __main__ — INFO — Response 43: (('{"age": "70", "city": "Chennai", "name": "Vidoosh", "salary": "INR2734.2105263157896", "industry": "publiccvb", "client_id": "03494373-edd8-471e-9d3b-2f4ffc7078a5"}',),)
2024-01-31 11:36:39,659 — __main__ — INFO — Response 44: (('{"age": "70", "city": "Chennai", "name": "Vidoosh", "salary": "INR2734.2105263157896", "industry": "publiccvb", "client_id": "2b6ddc4c-8ded-45d3-a3a2-23bbaf9aa972"}',),)
2024-01-31 11:36:39,659 — __main__ — INFO — Response 45: (('{"age": "70", "city": "Chennai", "name": "Vidoosh", "salary": "INR2734.2105263157896", "industry": "publiccvb", "client_id": "eb1e21c1-7afc-40fa-b1bd-ea1a0cdfa2ec"}',),)
2024-01-31 11:36:39,659 — __main__ — INFO — Response 46: (('{"age": "70", "city": "Chennai", "name": "Vidoosh", "salary": "INR2734.2105263157896", "industry": "publiccvb", "client_id": "ed37ed72-a851-4beb-9564-8250da4382d8"}',),)
2024-01-31 11:36:39,659 — __main__ — INFO — Response 47: (('{"age": "70", "city": "Chennai", "name": "Vidoosh", "salary": "INR2734.2105263157896", "industry": "publiccvb", "client_id": "40f3fed2-1596-4acf-a8ce-40763d8d62c2"}',),)
2024-01-31 11:36:39,659 — __main__ — INFO — Response 48: (('{"age": "70", "city": "Chennai", "name": "Vidoosh", "salary": "INR2734.2105263157896", "industry": "publiccvb", "client_id": "cf1d5692-ac37-49fc-bb89-c5e386628f9c"}',),)
2024-01-31 11:36:39,659 — __main__ — INFO — Response 49: (('{"age": "70", "city": "Chennai", "name": "Vidoosh", "salary": "INR2734.2105263157896", "industry": "publiccvb", "client_id": "40f61c6a-0f2e-4e76-a2e4-6dc0dc3522f4"}',),)
2024-01-31 11:36:39,659 — __main__ — INFO — Response 50: (('{"age": "70", "city": "Chennai", "name": "Vidoosh", "salary": "INR2734.2105263157896", "industry": "publiccvb", "client_id": "937dad68-ab8e-4500-88e6-54fa5e5b4aeb"}',),)
2024-01-31 11:36:39,659 — __main__ — INFO — Response 51: (('{"age": "70", "city": "Chennai", "name": "Vidoosh", "salary": "INR2734.2105263157896", "industry": "publiccvb", "client_id": "099d956f-fe5d-488f-94dc-59692220b6e1"}',),)
2024-01-31 11:36:39,659 — __main__ — INFO — Response 52: (('{"age": "70", "city": "Chennai", "name": "Vidoosh", "salary": "INR2734.2105263157896", "industry": "publiccvb", "client_id": "6c787492-2820-42ba-89ce-33776c56bcf3"}',),)
2024-01-31 11:36:39,659 — __main__ — INFO — Response 53: (('{"age": "70", "city": "Chennai", "name": "Vidoosh", "salary": "INR2734.2105263157896", "industry": "publiccvb", "client_id": "748c5da7-dbc4-49b0-8674-c61a4f9ca5ec"}',),)
2024-01-31 11:36:39,659 — __main__ — INFO — Response 54: (('{"age": "70", "city": "Chennai", "name": "Vidoosh", "salary": "INR2734.2105263157896", "industry": "publiccvb", "client_id": "7034d356-036c-473a-88fd-314476576742"}',),)
2024-01-31 11:36:39,659 — __main__ — INFO — Response 55: (('{"age": "70", "city": "Chennai", "name": "Vidoosh", "salary": "INR2734.2105263157896", "industry": "publiccvb", "client_id": "222cdd11-3902-4400-b723-a5fc9c35ae13"}',),)
2024-01-31 11:36:39,659 — __main__ — INFO — Response 56: (('{"age": "70", "city": "Chennai", "name": "Vidoosh", "salary": "INR2734.2105263157896", "industry": "publiccvb", "client_id": "a050cf90-810c-4915-81a6-6b4b73d16b04"}',),)
2024-01-31 11:36:39,659 — __main__ — INFO — Response 57: (('{"age": "70", "city": "Chennai", "name": "Vidoosh", "salary": "INR2734.2105263157896", "industry": "publiccvb", "client_id": "de37833c-9835-4878-9f4e-b4e9299900a6"}',),)
2024-01-31 11:36:39,659 — __main__ — INFO — Response 58: (('{"age": "70", "city": "Chennai", "name": "Vidoosh", "salary": "INR2734.2105263157896", "industry": "publiccvb", "client_id": "c8950c74-e86e-4171-9616-ee2a34c8f46b"}',),)
2024-01-31 11:36:39,659 — __main__ — INFO — Response 59: (('{"age": "70", "city": "Chennai", "name": "Vidoosh", "salary": "INR2734.2105263157896", "industry": "publiccvb", "client_id": "3ad716d6-899a-4ab2-ae08-8261482b6ba3"}',),)
2024-01-31 11:36:39,659 — __main__ — INFO — Response 60: (('{"age": "70", "city": "Chennai", "name": "Vidoosh", "salary": "INR2734.2105263157896", "industry": "publiccvb", "client_id": "e9a5a224-94aa-4de4-a90b-99dec120fc5d"}',),)
2024-01-31 11:36:39,659 — __main__ — INFO — Response 61: (('{"age": "70", "city": "Chennai", "name": "Vidoosh", "salary": "INR2734.2105263157896", "industry": "publiccvb", "client_id": "c6a3641c-edc2-46af-a89a-5d26617e2795"}',),)
2024-01-31 11:36:39,659 — __main__ — INFO — Response 62: (('{"age": "70", "city": "Chennai", "name": "Vidoosh", "salary": "INR2734.2105263157896", "industry": "publiccvb", "client_id": "779f53f5-bed6-4527-9292-2cacd03c7ad4"}',),)
2024-01-31 11:36:39,659 — __main__ — INFO — Response 63: (('{"age": "70", "city": "Chennai", "name": "Vidoosh", "salary": "INR2734.2105263157896", "industry": "publiccvb", "client_id": "1b7ef15b-b389-4a48-8607-dea75f58a79b"}',),)
2024-01-31 11:36:39,659 — __main__ — INFO — Response 64: (('{"age": "70", "city": "Chennai", "name": "Vidoosh", "salary": "INR2734.2105263157896", "industry": "publiccvb", "client_id": "f2d38452-1299-43f6-a596-f14e0d3aefc3"}',),)
2024-01-31 11:36:39,659 — __main__ — INFO — Response 65: (('{"age": "70", "city": "Chennai", "name": "Vidoosh", "salary": "INR2734.2105263157896", "industry": "publiccvb", "client_id": "2a47b0c6-a63a-4b86-ae6a-53a8cc9a67da"}',),)
2024-01-31 11:36:39,660 — __main__ — INFO — Response 66: (('{"age": "70", "city": "Chennai", "name": "Vidoosh", "salary": "INR2734.2105263157896", "industry": "publiccvb", "client_id": "8d523295-43bc-4cff-a4a9-302fe21a4e00"}',),)
2024-01-31 11:36:39,660 — __main__ — INFO — Response 67: (('{"age": "70", "city": "Chennai", "name": "Vidoosh", "salary": "INR2734.2105263157896", "industry": "publiccvb", "client_id": "fc7be6b1-0675-4ff2-ad67-87ed155f6b9c"}',),)
2024-01-31 11:36:39,660 — __main__ — INFO — Response 68: (('{"age": "70", "city": "Chennai", "name": "Vidoosh", "salary": "INR2734.2105263157896", "industry": "publiccvb", "client_id": "a03bac68-21ec-41b4-b237-9c16addc9a86"}',),)
2024-01-31 11:36:39,660 — __main__ — INFO — Response 69: (('{"age": "70", "city": "Chennai", "name": "Vidoosh", "salary": "INR2734.2105263157896", "industry": "publiccvb", "client_id": "45eb085a-7aa5-4a5b-89ce-3d04e0dc9d0d"}',),)
2024-01-31 11:36:39,660 — __main__ — INFO — Response 70: (('{"age": "70", "city": "Chennai", "name": "Vidoosh", "salary": "INR2734.2105263157896", "industry": "publiccvb", "client_id": "17a2ac1f-ef54-4695-bc33-5dd17eefa3c9"}',),)
2024-01-31 11:36:39,660 — __main__ — INFO — Response 71: (('{"age": "70", "city": "Chennai", "name": "Vidoosh", "salary": "INR2734.2105263157896", "industry": "publiccvb", "client_id": "4954b71d-cfe6-47a9-b9b6-50cb4627d7f8"}',),)
2024-01-31 11:36:39,660 — __main__ — INFO — Response 72: (('{"age": "70", "city": "Chennai", "name": "Vidoosh", "salary": "INR2734.2105263157896", "industry": "publiccvb", "client_id": "5d7c7150-7788-4a70-b2dc-99e4c3e068eb"}',),)
2024-01-31 11:36:39,660 — __main__ — INFO — Response 73: (('{"age": "70", "city": "Chennai", "name": "Vidoosh", "salary": "INR2734.2105263157896", "industry": "publiccvb", "client_id": "f76f14b4-7eb6-4dfa-bad1-7c74b23448ff"}',),)
2024-01-31 11:36:39,660 — __main__ — INFO — Response 74: (('{"age": "70", "city": "Chennai", "name": "Vidoosh", "salary": "INR2734.2105263157896", "industry": "publiccvb", "client_id": "b6bc7542-f6e7-4179-a7e1-79ce17b2f843"}',),)
2024-01-31 11:36:39,660 — __main__ — INFO — Response 75: (('{"age": "70", "city": "Chennai", "name": "Vidoosh", "salary": "INR2734.2105263157896", "industry": "publiccvb", "client_id": "f893bfc7-4415-47da-a8c1-6d4b460703ae"}',),)
2024-01-31 11:36:39,660 — __main__ — INFO — Response 76: (('{"age": "70", "city": "Chennai", "name": "Vidoosh", "salary": "INR2734.2105263157896", "industry": "publiccvb", "client_id": "dafd9cc7-86bf-4d0c-aa0f-6665f3a591ef"}',),)
2024-01-31 11:36:39,660 — __main__ — INFO — Response 77: (('{"age": "70", "city": "Chennai", "name": "Vidoosh", "salary": "INR2734.2105263157896", "industry": "publiccvb", "client_id": "33e28222-ce37-4bc0-a495-83100b584707"}',),)
2024-01-31 11:36:39,660 — __main__ — INFO — Response 78: (('{"age": "70", "city": "Chennai", "name": "Vidoosh", "salary": "INR2734.2105263157896", "industry": "publiccvb", "client_id": "7f4558fd-9eb2-4758-a11d-96bb57e2f021"}',),)
2024-01-31 11:36:39,660 — __main__ — INFO — Response 79: (('{"age": "70", "city": "Chennai", "name": "Vidoosh", "salary": "INR2734.2105263157896", "industry": "publiccvb", "client_id": "68b3bf43-abc5-4da8-bbe9-8f1f069a0dfb"}',),)
2024-01-31 11:36:39,660 — __main__ — INFO — Response 80: (('{"age": "70", "city": "Chennai", "name": "Vidoosh", "salary": "INR2734.2105263157896", "industry": "publiccvb", "client_id": "acbfa9cd-74ac-4562-9f3a-c9ac294c7747"}',),)
2024-01-31 11:36:39,660 — __main__ — INFO — Response 81: (('{"age": "70", "city": "Chennai", "name": "Vidoosh", "salary": "INR2734.2105263157896", "industry": "publiccvb", "client_id": "6b216d9e-2699-42ff-97a0-4fdd677de2df"}',),)
2024-01-31 11:36:39,660 — __main__ — INFO — Response 82: (('{"age": "70", "city": "Chennai", "name": "Vidoosh", "salary": "INR2734.2105263157896", "industry": "publiccvb", "client_id": "eea5bd03-8c99-454b-a788-a804de5356f3"}',),)
2024-01-31 11:36:39,660 — __main__ — INFO — Response 83: (('{"age": "70", "city": "Chennai", "name": "Vidoosh", "salary": "INR2734.2105263157896", "industry": "publiccvb", "client_id": "db0d091d-6167-4943-b771-7a6d46592506"}',),)
2024-01-31 11:36:39,660 — __main__ — INFO — Response 84: (('{"age": "70", "city": "Chennai", "name": "Vidoosh", "salary": "INR2734.2105263157896", "industry": "publiccvb", "client_id": "2e1b1f96-8173-4360-9019-81aef3d6e771"}',),)
2024-01-31 11:36:39,660 — __main__ — INFO — Response 85: (('{"age": "70", "city": "Chennai", "name": "Vidoosh", "salary": "INR2734.2105263157896", "industry": "publiccvb", "client_id": "63a610c4-dac8-418e-bc54-53d7e8e27b0c"}',),)
2024-01-31 11:36:39,660 — __main__ — INFO — Response 86: (('{"age": "70", "city": "Chennai", "name": "Vidoosh", "salary": "INR2734.2105263157896", "industry": "publiccvb", "client_id": "df1b5bb9-28a5-4692-92ec-5656e2d76c65"}',),)
2024-01-31 11:36:39,660 — __main__ — INFO — Response 87: (('{"age": "70", "city": "Chennai", "name": "Vidoosh", "salary": "INR2734.2105263157896", "industry": "publiccvb", "client_id": "718e5100-ec01-414f-a699-f8b1287425ea"}',),)
2024-01-31 11:36:39,660 — __main__ — INFO — Response 88: (('{"age": "70", "city": "Chennai", "name": "Vidoosh", "salary": "INR2734.2105263157896", "industry": "publiccvb", "client_id": "ea2d67af-e41f-4510-8066-460fb7015cf2"}',),)
2024-01-31 11:36:39,660 — __main__ — INFO — Response 89: (('{"age": "70", "city": "Chennai", "name": "Vidoosh", "salary": "INR2734.2105263157896", "industry": "publiccvb", "client_id": "437fd677-342a-4278-b715-e6df2af0b93f"}',),)
2024-01-31 11:36:39,660 — __main__ — INFO — Response 90: (('{"age": "70", "city": "Chennai", "name": "Vidoosh", "salary": "INR2734.2105263157896", "industry": "publiccvb", "client_id": "f3315ad1-f610-434c-8d48-029f1138ab2d"}',),)
2024-01-31 11:36:39,660 — __main__ — INFO — Response 91: (('{"age": "70", "city": "Chennai", "name": "Vidoosh", "salary": "INR2734.2105263157896", "industry": "publiccvb", "client_id": "341f96ad-7615-43e2-9c7d-91e646eef365"}',),)
2024-01-31 11:36:39,660 — __main__ — INFO — Response 92: (('{"age": "70", "city": "Chennai", "name": "Vidoosh", "salary": "INR2734.2105263157896", "industry": "publiccvb", "client_id": "4d557f14-f717-40ac-b2dd-b31b5d523fbb"}',),)
2024-01-31 11:36:39,660 — __main__ — INFO — Response 93: (('{"age": "70", "city": "Chennai", "name": "Vidoosh", "salary": "INR2734.2105263157896", "industry": "publiccvb", "client_id": "b93e7f9b-8f7f-47ba-b58e-c71d1f291f00"}',),)
2024-01-31 11:36:39,660 — __main__ — INFO — Response 94: (('{"age": "70", "city": "Chennai", "name": "Vidoosh", "salary": "INR2734.2105263157896", "industry": "publiccvb", "client_id": "cb0e7068-7551-46eb-930f-51ff9487b76c"}',),)
2024-01-31 11:36:39,660 — __main__ — INFO — Response 95: (('{"age": "70", "city": "Chennai", "name": "Vidoosh", "salary": "INR2734.2105263157896", "industry": "publiccvb", "client_id": "5f2db4b4-979e-486b-9f50-ac702bdf55dc"}',),)
2024-01-31 11:36:39,660 — __main__ — INFO — Response 96: (('{"age": "70", "city": "Chennai", "name": "Vidoosh", "salary": "INR2734.2105263157896", "industry": "publiccvb", "client_id": "d0a6f5bd-6145-4335-91d6-40544d0fe3ab"}',),)
2024-01-31 11:36:39,660 — __main__ — INFO — Response 97: (('{"age": "70", "city": "Chennai", "name": "Vidoosh", "salary": "INR2734.2105263157896", "industry": "publiccvb", "client_id": "4b280e34-3e24-4cb4-9abe-2bcaea7139cc"}',),)
2024-01-31 11:36:39,660 — __main__ — INFO — Response 98: (('{"age": "70", "city": "Chennai", "name": "Vidoosh", "salary": "INR2734.2105263157896", "industry": "publiccvb", "client_id": "ed61c18f-be5b-42bd-bf88-9e95acef9c52"}',),)
2024-01-31 11:36:39,660 — __main__ — INFO — Response 99: (('{"age": "70", "city": "Chennai", "name": "Vidoosh", "salary": "INR2734.2105263157896", "industry": "publiccvb", "client_id": "f746f3e5-4fee-4c7f-83db-cda6d630fe55"}',),)
2024-01-31 11:36:39,660 — __main__ — INFO — Response 100: (('{"age": "70", "city": "Chennai", "name": "Vidoosh", "salary": "INR2734.2105263157896", "industry": "publiccvb", "client_id": "d48e64dc-50ed-48c9-bfe4-5d2076303699"}',),)
