2024-02-07 11:44:04,308 — __main__ — INFO — Listening on port 8888
2024-02-07 11:44:16,834 — __main__ — INFO — Response from client 1a3faed4-adf9-4e46-bc21-561bc5e83422: {'client_id': '1a3faed4-adf9-4e46-bc21-561bc5e83422', 'name': 'Vidoosh', 'age': '70', 'industry': 'publiccvb', 'salary': 'INR2734.2105263157896', 'city': 'Chennai'}
2024-02-07 11:44:16,838 — __main__ — INFO — Client_id (1a3faed4-adf9-4e46-bc21-561bc5e83422) sent to the client.
2024-02-07 11:44:16,839 — __main__ — INFO — Response from client eae6e1ff-875b-4800-be44-f01f44fa9d86: {'client_id': 'eae6e1ff-875b-4800-be44-f01f44fa9d86', 'name': 'Vidoosh', 'age': '70', 'industry': 'publiccvb', 'salary': 'INR2734.2105263157896', 'city': 'Chennai'}
2024-02-07 11:44:16,841 — __main__ — INFO — Client_id (eae6e1ff-875b-4800-be44-f01f44fa9d86) sent to the client.
2024-02-07 11:44:16,846 — __main__ — INFO — Response from client 2cf77cd3-e421-479d-bbea-78679d485ac4: {'client_id': '2cf77cd3-e421-479d-bbea-78679d485ac4', 'name': 'Vidoosh', 'age': '70', 'industry': 'publiccvb', 'salary': 'INR2734.2105263157896', 'city': 'Chennai'}
2024-02-07 11:44:16,847 — __main__ — INFO — Client_id (2cf77cd3-e421-479d-bbea-78679d485ac4) sent to the client.
2024-02-07 11:44:16,847 — __main__ — INFO — Response from client b72dfa2e-6fa2-4b46-b7ca-4fc27ec8cae0: {'client_id': 'b72dfa2e-6fa2-4b46-b7ca-4fc27ec8cae0', 'name': 'Vidoosh', 'age': '70', 'industry': 'publiccvb', 'salary': 'INR2734.2105263157896', 'city': 'Chennai'}
2024-02-07 11:44:16,848 — __main__ — INFO — Client_id (b72dfa2e-6fa2-4b46-b7ca-4fc27ec8cae0) sent to the client.
2024-02-07 11:44:16,848 — __main__ — INFO — Response from client 445ba014-1caa-4ac3-ae65-1a7b53d0bcf1: {'client_id': '445ba014-1caa-4ac3-ae65-1a7b53d0bcf1', 'name': 'Vidoosh', 'age': '70', 'industry': 'publiccvb', 'salary': 'INR2734.2105263157896', 'city': 'Chennai'}
2024-02-07 11:44:16,849 — __main__ — INFO — Client_id (445ba014-1caa-4ac3-ae65-1a7b53d0bcf1) sent to the client.
2024-02-07 11:44:16,850 — __main__ — INFO — Response from client f2f2c5f5-ee68-4b7f-a323-e2f603c72ae9: {'client_id': 'f2f2c5f5-ee68-4b7f-a323-e2f603c72ae9', 'name': 'Vidoosh', 'age': '70', 'industry': 'publiccvb', 'salary': 'INR2734.2105263157896', 'city': 'Chennai'}
2024-02-07 11:44:16,851 — __main__ — INFO — Client_id (f2f2c5f5-ee68-4b7f-a323-e2f603c72ae9) sent to the client.
2024-02-07 11:44:16,851 — __main__ — INFO — Response from client 06946ce3-34d7-4ce5-949d-e75c04c5cdd4: {'client_id': '06946ce3-34d7-4ce5-949d-e75c04c5cdd4', 'name': 'Vidoosh', 'age': '70', 'industry': 'publiccvb', 'salary': 'INR2734.2105263157896', 'city': 'Chennai'}
2024-02-07 11:44:16,852 — __main__ — INFO — Client_id (06946ce3-34d7-4ce5-949d-e75c04c5cdd4) sent to the client.
2024-02-07 11:44:16,852 — __main__ — INFO — Response from client 29d2e3c4-9d3f-42a6-b102-72935d47d4e9: {'client_id': '29d2e3c4-9d3f-42a6-b102-72935d47d4e9', 'name': 'Vidoosh', 'age': '70', 'industry': 'publiccvb', 'salary': 'INR2734.2105263157896', 'city': 'Chennai'}
2024-02-07 11:44:16,853 — __main__ — INFO — Client_id (29d2e3c4-9d3f-42a6-b102-72935d47d4e9) sent to the client.
2024-02-07 11:44:16,853 — __main__ — INFO — Response from client e1862e75-8662-4753-a331-a5c858035303: {'client_id': 'e1862e75-8662-4753-a331-a5c858035303', 'name': 'Vidoosh', 'age': '70', 'industry': 'publiccvb', 'salary': 'INR2734.2105263157896', 'city': 'Chennai'}
2024-02-07 11:44:16,854 — __main__ — INFO — Client_id (e1862e75-8662-4753-a331-a5c858035303) sent to the client.
2024-02-07 11:44:16,854 — __main__ — INFO — Response from client e1c7a3a8-cf4c-4a02-b7b2-be26dd432257: {'client_id': 'e1c7a3a8-cf4c-4a02-b7b2-be26dd432257', 'name': 'Vidoosh', 'age': '70', 'industry': 'publiccvb', 'salary': 'INR2734.2105263157896', 'city': 'Chennai'}
2024-02-07 11:44:16,855 — __main__ — INFO — Client_id (e1c7a3a8-cf4c-4a02-b7b2-be26dd432257) sent to the client.
2024-02-07 11:44:16,855 — __main__ — INFO — Response from client d9650731-b9b9-4a2c-9fe4-14421cf06d7a: {'client_id': 'd9650731-b9b9-4a2c-9fe4-14421cf06d7a', 'name': 'Vidoosh', 'age': '70', 'industry': 'publiccvb', 'salary': 'INR2734.2105263157896', 'city': 'Chennai'}
2024-02-07 11:44:16,856 — __main__ — INFO — Client_id (d9650731-b9b9-4a2c-9fe4-14421cf06d7a) sent to the client.
2024-02-07 11:44:16,857 — __main__ — INFO — Response from client 8f1fa9d6-b12a-4e8e-86e0-74b73bbb366d: {'client_id': '8f1fa9d6-b12a-4e8e-86e0-74b73bbb366d', 'name': 'Vidoosh', 'age': '70', 'industry': 'publiccvb', 'salary': 'INR2734.2105263157896', 'city': 'Chennai'}
2024-02-07 11:44:16,857 — __main__ — INFO — Client_id (8f1fa9d6-b12a-4e8e-86e0-74b73bbb366d) sent to the client.
2024-02-07 11:44:16,858 — __main__ — INFO — Response from client 4b0cf7d2-2bdd-4621-b8b0-c377a570dbe1: {'client_id': '4b0cf7d2-2bdd-4621-b8b0-c377a570dbe1', 'name': 'Vidoosh', 'age': '70', 'industry': 'publiccvb', 'salary': 'INR2734.2105263157896', 'city': 'Chennai'}
2024-02-07 11:44:16,858 — __main__ — INFO — Client_id (4b0cf7d2-2bdd-4621-b8b0-c377a570dbe1) sent to the client.
2024-02-07 11:44:16,859 — __main__ — INFO — Response from client aee67048-1e72-4786-9b04-9deb764d71e6: {'client_id': 'aee67048-1e72-4786-9b04-9deb764d71e6', 'name': 'Vidoosh', 'age': '70', 'industry': 'publiccvb', 'salary': 'INR2734.2105263157896', 'city': 'Chennai'}
2024-02-07 11:44:16,859 — __main__ — INFO — Client_id (aee67048-1e72-4786-9b04-9deb764d71e6) sent to the client.
2024-02-07 11:44:16,860 — __main__ — INFO — Response from client 35c22ed8-ab31-44c9-8225-8ff8496adf05: {'client_id': '35c22ed8-ab31-44c9-8225-8ff8496adf05', 'name': 'Vidoosh', 'age': '70', 'industry': 'publiccvb', 'salary': 'INR2734.2105263157896', 'city': 'Chennai'}
2024-02-07 11:44:16,861 — __main__ — INFO — Client_id (35c22ed8-ab31-44c9-8225-8ff8496adf05) sent to the client.
2024-02-07 11:44:16,861 — __main__ — INFO — Response from client 15083dd2-2b3c-4321-9394-6a663706bb1e: {'client_id': '15083dd2-2b3c-4321-9394-6a663706bb1e', 'name': 'Vidoosh', 'age': '70', 'industry': 'publiccvb', 'salary': 'INR2734.2105263157896', 'city': 'Chennai'}
2024-02-07 11:44:16,862 — __main__ — INFO — Client_id (15083dd2-2b3c-4321-9394-6a663706bb1e) sent to the client.
2024-02-07 11:44:16,862 — __main__ — INFO — Response from client 09f45c84-fcca-4e28-980a-c7ccb5708ea7: {'client_id': '09f45c84-fcca-4e28-980a-c7ccb5708ea7', 'name': 'Vidoosh', 'age': '70', 'industry': 'publiccvb', 'salary': 'INR2734.2105263157896', 'city': 'Chennai'}
2024-02-07 11:44:16,863 — __main__ — INFO — Client_id (09f45c84-fcca-4e28-980a-c7ccb5708ea7) sent to the client.
2024-02-07 11:44:16,863 — __main__ — INFO — Response from client a6d71117-0575-4d26-9d1d-d81ef57639e6: {'client_id': 'a6d71117-0575-4d26-9d1d-d81ef57639e6', 'name': 'Vidoosh', 'age': '70', 'industry': 'publiccvb', 'salary': 'INR2734.2105263157896', 'city': 'Chennai'}
2024-02-07 11:44:16,864 — __main__ — INFO — Client_id (a6d71117-0575-4d26-9d1d-d81ef57639e6) sent to the client.
2024-02-07 11:44:16,864 — __main__ — INFO — Response from client dae38bd2-d2fb-4a05-852b-6344c642f7c4: {'client_id': 'dae38bd2-d2fb-4a05-852b-6344c642f7c4', 'name': 'Vidoosh', 'age': '70', 'industry': 'publiccvb', 'salary': 'INR2734.2105263157896', 'city': 'Chennai'}
2024-02-07 11:44:16,865 — __main__ — INFO — Client_id (dae38bd2-d2fb-4a05-852b-6344c642f7c4) sent to the client.
2024-02-07 11:44:16,865 — __main__ — INFO — Response from client 87afc42e-6f24-4f5b-b556-97a20cbeb46d: {'client_id': '87afc42e-6f24-4f5b-b556-97a20cbeb46d', 'name': 'Vidoosh', 'age': '70', 'industry': 'publiccvb', 'salary': 'INR2734.2105263157896', 'city': 'Chennai'}
2024-02-07 11:44:16,866 — __main__ — INFO — Client_id (87afc42e-6f24-4f5b-b556-97a20cbeb46d) sent to the client.
2024-02-07 11:44:16,866 — __main__ — INFO — Response from client f60a08b3-d5f1-4c3d-ab36-32ed9f4bb8c2: {'client_id': 'f60a08b3-d5f1-4c3d-ab36-32ed9f4bb8c2', 'name': 'Vidoosh', 'age': '70', 'industry': 'publiccvb', 'salary': 'INR2734.2105263157896', 'city': 'Chennai'}
2024-02-07 11:44:16,867 — __main__ — INFO — Client_id (f60a08b3-d5f1-4c3d-ab36-32ed9f4bb8c2) sent to the client.
2024-02-07 11:44:16,867 — __main__ — INFO — Response from client 0749abd6-fd14-4d39-91e9-bf0c0dc64357: {'client_id': '0749abd6-fd14-4d39-91e9-bf0c0dc64357', 'name': 'Vidoosh', 'age': '70', 'industry': 'publiccvb', 'salary': 'INR2734.2105263157896', 'city': 'Chennai'}
2024-02-07 11:44:16,868 — __main__ — INFO — Client_id (0749abd6-fd14-4d39-91e9-bf0c0dc64357) sent to the client.
2024-02-07 11:44:16,868 — __main__ — INFO — Response from client 849924fa-2cdd-4cf0-85da-865d7e358bd7: {'client_id': '849924fa-2cdd-4cf0-85da-865d7e358bd7', 'name': 'Vidoosh', 'age': '70', 'industry': 'publiccvb', 'salary': 'INR2734.2105263157896', 'city': 'Chennai'}
2024-02-07 11:44:16,869 — __main__ — INFO — Client_id (849924fa-2cdd-4cf0-85da-865d7e358bd7) sent to the client.
2024-02-07 11:44:16,869 — __main__ — INFO — Response from client 63395b45-5874-467b-aa80-49ca3b8b9179: {'client_id': '63395b45-5874-467b-aa80-49ca3b8b9179', 'name': 'Vidoosh', 'age': '70', 'industry': 'publiccvb', 'salary': 'INR2734.2105263157896', 'city': 'Chennai'}
2024-02-07 11:44:16,870 — __main__ — INFO — Client_id (63395b45-5874-467b-aa80-49ca3b8b9179) sent to the client.
2024-02-07 11:44:16,870 — __main__ — INFO — Response from client 7e84c4bd-0d1c-4391-b450-8a5d925dc126: {'client_id': '7e84c4bd-0d1c-4391-b450-8a5d925dc126', 'name': 'Vidoosh', 'age': '70', 'industry': 'publiccvb', 'salary': 'INR2734.2105263157896', 'city': 'Chennai'}
2024-02-07 11:44:16,871 — __main__ — INFO — Client_id (7e84c4bd-0d1c-4391-b450-8a5d925dc126) sent to the client.
2024-02-07 11:44:16,871 — __main__ — INFO — Response from client 45dc2fd8-0974-4e44-a23d-a2256c66f5ef: {'client_id': '45dc2fd8-0974-4e44-a23d-a2256c66f5ef', 'name': 'Vidoosh', 'age': '70', 'industry': 'publiccvb', 'salary': 'INR2734.2105263157896', 'city': 'Chennai'}
2024-02-07 11:44:16,872 — __main__ — INFO — Client_id (45dc2fd8-0974-4e44-a23d-a2256c66f5ef) sent to the client.
2024-02-07 11:44:16,872 — __main__ — INFO — Response from client 27824488-f031-4aa7-8fea-21f1f52eb95e: {'client_id': '27824488-f031-4aa7-8fea-21f1f52eb95e', 'name': 'Vidoosh', 'age': '70', 'industry': 'publiccvb', 'salary': 'INR2734.2105263157896', 'city': 'Chennai'}
2024-02-07 11:44:16,872 — __main__ — INFO — Client_id (27824488-f031-4aa7-8fea-21f1f52eb95e) sent to the client.
2024-02-07 11:44:16,873 — __main__ — INFO — Response from client e4157559-1917-478d-b432-5e1e1f0e2147: {'client_id': 'e4157559-1917-478d-b432-5e1e1f0e2147', 'name': 'Vidoosh', 'age': '70', 'industry': 'publiccvb', 'salary': 'INR2734.2105263157896', 'city': 'Chennai'}
2024-02-07 11:44:16,873 — __main__ — INFO — Client_id (e4157559-1917-478d-b432-5e1e1f0e2147) sent to the client.
2024-02-07 11:44:16,873 — __main__ — INFO — Response from client d168314f-933f-4c16-818b-890411d7405b: {'client_id': 'd168314f-933f-4c16-818b-890411d7405b', 'name': 'Vidoosh', 'age': '70', 'industry': 'publiccvb', 'salary': 'INR2734.2105263157896', 'city': 'Chennai'}
2024-02-07 11:44:16,874 — __main__ — INFO — Client_id (d168314f-933f-4c16-818b-890411d7405b) sent to the client.
2024-02-07 11:44:16,874 — __main__ — INFO — Response from client 6c8f3061-6099-4e8d-b7b6-643506fbec32: {'client_id': '6c8f3061-6099-4e8d-b7b6-643506fbec32', 'name': 'Vidoosh', 'age': '70', 'industry': 'publiccvb', 'salary': 'INR2734.2105263157896', 'city': 'Chennai'}
2024-02-07 11:44:16,875 — __main__ — INFO — Client_id (6c8f3061-6099-4e8d-b7b6-643506fbec32) sent to the client.
2024-02-07 11:44:16,875 — __main__ — INFO — Response from client 245f8e1b-25a7-47a0-a2e0-54710813e6bf: {'client_id': '245f8e1b-25a7-47a0-a2e0-54710813e6bf', 'name': 'Vidoosh', 'age': '70', 'industry': 'publiccvb', 'salary': 'INR2734.2105263157896', 'city': 'Chennai'}
2024-02-07 11:44:16,875 — __main__ — INFO — Client_id (245f8e1b-25a7-47a0-a2e0-54710813e6bf) sent to the client.
2024-02-07 11:44:16,875 — __main__ — INFO — Response from client a2bcfc09-a5ac-4345-ad2e-073b6abd0814: {'client_id': 'a2bcfc09-a5ac-4345-ad2e-073b6abd0814', 'name': 'Vidoosh', 'age': '70', 'industry': 'publiccvb', 'salary': 'INR2734.2105263157896', 'city': 'Chennai'}
2024-02-07 11:44:16,876 — __main__ — INFO — Client_id (a2bcfc09-a5ac-4345-ad2e-073b6abd0814) sent to the client.
2024-02-07 11:44:16,876 — __main__ — INFO — Response from client 84828486-4dbe-4676-aa50-ab0c39b473b1: {'client_id': '84828486-4dbe-4676-aa50-ab0c39b473b1', 'name': 'Vidoosh', 'age': '70', 'industry': 'publiccvb', 'salary': 'INR2734.2105263157896', 'city': 'Chennai'}
2024-02-07 11:44:16,877 — __main__ — INFO — Client_id (84828486-4dbe-4676-aa50-ab0c39b473b1) sent to the client.
2024-02-07 11:44:16,877 — __main__ — INFO — Response from client 6deb6b31-d72b-459e-b001-62e0a0edad1d: {'client_id': '6deb6b31-d72b-459e-b001-62e0a0edad1d', 'name': 'Vidoosh', 'age': '70', 'industry': 'publiccvb', 'salary': 'INR2734.2105263157896', 'city': 'Chennai'}
2024-02-07 11:44:16,877 — __main__ — INFO — Client_id (6deb6b31-d72b-459e-b001-62e0a0edad1d) sent to the client.
2024-02-07 11:44:16,877 — __main__ — INFO — Response from client 8d06d112-c2c6-4895-9f6b-d15e4595a096: {'client_id': '8d06d112-c2c6-4895-9f6b-d15e4595a096', 'name': 'Vidoosh', 'age': '70', 'industry': 'publiccvb', 'salary': 'INR2734.2105263157896', 'city': 'Chennai'}
2024-02-07 11:44:16,878 — __main__ — INFO — Client_id (8d06d112-c2c6-4895-9f6b-d15e4595a096) sent to the client.
2024-02-07 11:44:16,878 — __main__ — INFO — Response from client fcbafc20-bd47-4b49-abdf-e9138da9b939: {'client_id': 'fcbafc20-bd47-4b49-abdf-e9138da9b939', 'name': 'Vidoosh', 'age': '70', 'industry': 'publiccvb', 'salary': 'INR2734.2105263157896', 'city': 'Chennai'}
2024-02-07 11:44:16,878 — __main__ — INFO — Client_id (fcbafc20-bd47-4b49-abdf-e9138da9b939) sent to the client.
2024-02-07 11:44:16,878 — __main__ — INFO — Response from client 32c948f4-03f5-4b8d-b2c3-3a07c3934e11: {'client_id': '32c948f4-03f5-4b8d-b2c3-3a07c3934e11', 'name': 'Vidoosh', 'age': '70', 'industry': 'publiccvb', 'salary': 'INR2734.2105263157896', 'city': 'Chennai'}
2024-02-07 11:44:16,879 — __main__ — INFO — Client_id (32c948f4-03f5-4b8d-b2c3-3a07c3934e11) sent to the client.
2024-02-07 11:44:16,879 — __main__ — INFO — Response from client dfd297c9-0450-4e42-a784-550d96ed686d: {'client_id': 'dfd297c9-0450-4e42-a784-550d96ed686d', 'name': 'Vidoosh', 'age': '70', 'industry': 'publiccvb', 'salary': 'INR2734.2105263157896', 'city': 'Chennai'}
2024-02-07 11:44:16,880 — __main__ — INFO — Client_id (dfd297c9-0450-4e42-a784-550d96ed686d) sent to the client.
2024-02-07 11:44:16,880 — __main__ — INFO — Response from client 97b9a5ba-2e54-4e9a-9a5f-1070d58f9d2e: {'client_id': '97b9a5ba-2e54-4e9a-9a5f-1070d58f9d2e', 'name': 'Vidoosh', 'age': '70', 'industry': 'publiccvb', 'salary': 'INR2734.2105263157896', 'city': 'Chennai'}
2024-02-07 11:44:16,880 — __main__ — INFO — Client_id (97b9a5ba-2e54-4e9a-9a5f-1070d58f9d2e) sent to the client.
2024-02-07 11:44:16,881 — __main__ — INFO — Response from client 0a8df3d7-0bd0-4f83-a283-b3717202d278: {'client_id': '0a8df3d7-0bd0-4f83-a283-b3717202d278', 'name': 'Vidoosh', 'age': '70', 'industry': 'publiccvb', 'salary': 'INR2734.2105263157896', 'city': 'Chennai'}
2024-02-07 11:44:16,881 — __main__ — INFO — Client_id (0a8df3d7-0bd0-4f83-a283-b3717202d278) sent to the client.
2024-02-07 11:44:16,882 — __main__ — INFO — Response from client 2f1d4930-3ef6-4c97-890d-f8fd9e06ec7a: {'client_id': '2f1d4930-3ef6-4c97-890d-f8fd9e06ec7a', 'name': 'Vidoosh', 'age': '70', 'industry': 'publiccvb', 'salary': 'INR2734.2105263157896', 'city': 'Chennai'}
2024-02-07 11:44:16,882 — __main__ — INFO — Client_id (2f1d4930-3ef6-4c97-890d-f8fd9e06ec7a) sent to the client.
2024-02-07 11:44:16,882 — __main__ — INFO — Response from client 8ef43642-a80b-4b98-a8f3-64d643d5fa18: {'client_id': '8ef43642-a80b-4b98-a8f3-64d643d5fa18', 'name': 'Vidoosh', 'age': '70', 'industry': 'publiccvb', 'salary': 'INR2734.2105263157896', 'city': 'Chennai'}
2024-02-07 11:44:16,883 — __main__ — INFO — Client_id (8ef43642-a80b-4b98-a8f3-64d643d5fa18) sent to the client.
2024-02-07 11:44:16,883 — __main__ — INFO — Response from client 7ee59bd7-1706-4c4d-a56f-bc62ea6c2f62: {'client_id': '7ee59bd7-1706-4c4d-a56f-bc62ea6c2f62', 'name': 'Vidoosh', 'age': '70', 'industry': 'publiccvb', 'salary': 'INR2734.2105263157896', 'city': 'Chennai'}
2024-02-07 11:44:16,883 — __main__ — INFO — Client_id (7ee59bd7-1706-4c4d-a56f-bc62ea6c2f62) sent to the client.
2024-02-07 11:44:16,883 — __main__ — INFO — Response from client d03ece26-a364-43f6-8387-4980727679dc: {'client_id': 'd03ece26-a364-43f6-8387-4980727679dc', 'name': 'Vidoosh', 'age': '70', 'industry': 'publiccvb', 'salary': 'INR2734.2105263157896', 'city': 'Chennai'}
2024-02-07 11:44:16,884 — __main__ — INFO — Client_id (d03ece26-a364-43f6-8387-4980727679dc) sent to the client.
2024-02-07 11:44:16,884 — __main__ — INFO — Response from client a4943c29-fa24-47e4-823f-38916937a2f7: {'client_id': 'a4943c29-fa24-47e4-823f-38916937a2f7', 'name': 'Vidoosh', 'age': '70', 'industry': 'publiccvb', 'salary': 'INR2734.2105263157896', 'city': 'Chennai'}
2024-02-07 11:44:16,885 — __main__ — INFO — Client_id (a4943c29-fa24-47e4-823f-38916937a2f7) sent to the client.
2024-02-07 11:44:16,885 — __main__ — INFO — Response from client ddd5e82c-30b1-4713-b96f-e15fb7aadf07: {'client_id': 'ddd5e82c-30b1-4713-b96f-e15fb7aadf07', 'name': 'Vidoosh', 'age': '70', 'industry': 'publiccvb', 'salary': 'INR2734.2105263157896', 'city': 'Chennai'}
2024-02-07 11:44:16,885 — __main__ — INFO — Client_id (ddd5e82c-30b1-4713-b96f-e15fb7aadf07) sent to the client.
2024-02-07 11:44:16,885 — __main__ — INFO — Response from client 30be78ef-d0a0-4b01-8c94-eec9ff18bf9b: {'client_id': '30be78ef-d0a0-4b01-8c94-eec9ff18bf9b', 'name': 'Vidoosh', 'age': '70', 'industry': 'publiccvb', 'salary': 'INR2734.2105263157896', 'city': 'Chennai'}
2024-02-07 11:44:16,886 — __main__ — INFO — Client_id (30be78ef-d0a0-4b01-8c94-eec9ff18bf9b) sent to the client.
2024-02-07 11:44:16,886 — __main__ — INFO — Response from client cc4c23bb-351c-4a78-8f39-c6be13bcc558: {'client_id': 'cc4c23bb-351c-4a78-8f39-c6be13bcc558', 'name': 'Vidoosh', 'age': '70', 'industry': 'publiccvb', 'salary': 'INR2734.2105263157896', 'city': 'Chennai'}
2024-02-07 11:44:16,886 — __main__ — INFO — Client_id (cc4c23bb-351c-4a78-8f39-c6be13bcc558) sent to the client.
2024-02-07 11:44:16,886 — __main__ — INFO — Response from client 842d7ecb-b0dc-4376-bfcd-42068e8e873b: {'client_id': '842d7ecb-b0dc-4376-bfcd-42068e8e873b', 'name': 'Vidoosh', 'age': '70', 'industry': 'publiccvb', 'salary': 'INR2734.2105263157896', 'city': 'Chennai'}
2024-02-07 11:44:16,887 — __main__ — INFO — Client_id (842d7ecb-b0dc-4376-bfcd-42068e8e873b) sent to the client.
2024-02-07 11:44:16,887 — __main__ — INFO — Response from client 573647e5-80af-4719-b073-8ca7f800b37e: {'client_id': '573647e5-80af-4719-b073-8ca7f800b37e', 'name': 'Vidoosh', 'age': '70', 'industry': 'publiccvb', 'salary': 'INR2734.2105263157896', 'city': 'Chennai'}
2024-02-07 11:44:16,888 — __main__ — INFO — Client_id (573647e5-80af-4719-b073-8ca7f800b37e) sent to the client.
2024-02-07 11:44:16,888 — __main__ — INFO — Response from client 6d07eb87-484f-4e33-b4ba-a3b064b19523: {'client_id': '6d07eb87-484f-4e33-b4ba-a3b064b19523', 'name': 'Vidoosh', 'age': '70', 'industry': 'publiccvb', 'salary': 'INR2734.2105263157896', 'city': 'Chennai'}
2024-02-07 11:44:16,888 — __main__ — INFO — Client_id (6d07eb87-484f-4e33-b4ba-a3b064b19523) sent to the client.
2024-02-07 11:44:16,888 — __main__ — INFO — Response from client 9bf38c2f-256b-42c3-9243-d122ad79c070: {'client_id': '9bf38c2f-256b-42c3-9243-d122ad79c070', 'name': 'Vidoosh', 'age': '70', 'industry': 'publiccvb', 'salary': 'INR2734.2105263157896', 'city': 'Chennai'}
2024-02-07 11:44:16,889 — __main__ — INFO — Client_id (9bf38c2f-256b-42c3-9243-d122ad79c070) sent to the client.
2024-02-07 11:44:16,889 — __main__ — INFO — Response from client bb402ed4-f659-44ec-8e3e-50bd52cf81b9: {'client_id': 'bb402ed4-f659-44ec-8e3e-50bd52cf81b9', 'name': 'Vidoosh', 'age': '70', 'industry': 'publiccvb', 'salary': 'INR2734.2105263157896', 'city': 'Chennai'}
2024-02-07 11:44:16,890 — __main__ — INFO — Client_id (bb402ed4-f659-44ec-8e3e-50bd52cf81b9) sent to the client.
2024-02-07 11:44:16,890 — __main__ — INFO — Response from client 1d490cf4-3ce2-4e60-8c0b-4e39dde76f93: {'client_id': '1d490cf4-3ce2-4e60-8c0b-4e39dde76f93', 'name': 'Vidoosh', 'age': '70', 'industry': 'publiccvb', 'salary': 'INR2734.2105263157896', 'city': 'Chennai'}
2024-02-07 11:44:16,890 — __main__ — INFO — Client_id (1d490cf4-3ce2-4e60-8c0b-4e39dde76f93) sent to the client.
2024-02-07 11:44:16,890 — __main__ — INFO — Response from client fab66dbe-14c4-4048-927b-97efcbf97c5e: {'client_id': 'fab66dbe-14c4-4048-927b-97efcbf97c5e', 'name': 'Vidoosh', 'age': '70', 'industry': 'publiccvb', 'salary': 'INR2734.2105263157896', 'city': 'Chennai'}
2024-02-07 11:44:16,891 — __main__ — INFO — Client_id (fab66dbe-14c4-4048-927b-97efcbf97c5e) sent to the client.
2024-02-07 11:44:16,891 — __main__ — INFO — Response from client c140cdb0-1dea-48e0-b19c-7f4f11083951: {'client_id': 'c140cdb0-1dea-48e0-b19c-7f4f11083951', 'name': 'Vidoosh', 'age': '70', 'industry': 'publiccvb', 'salary': 'INR2734.2105263157896', 'city': 'Chennai'}
2024-02-07 11:44:16,891 — __main__ — INFO — Client_id (c140cdb0-1dea-48e0-b19c-7f4f11083951) sent to the client.
2024-02-07 11:44:16,892 — __main__ — INFO — Response from client 2ef81f4d-3d5b-4445-b757-24de9b4d9280: {'client_id': '2ef81f4d-3d5b-4445-b757-24de9b4d9280', 'name': 'Vidoosh', 'age': '70', 'industry': 'publiccvb', 'salary': 'INR2734.2105263157896', 'city': 'Chennai'}
2024-02-07 11:44:16,892 — __main__ — INFO — Client_id (2ef81f4d-3d5b-4445-b757-24de9b4d9280) sent to the client.
2024-02-07 11:44:16,892 — __main__ — INFO — Response from client 3120456f-05d2-4dff-b330-594711a1b8c0: {'client_id': '3120456f-05d2-4dff-b330-594711a1b8c0', 'name': 'Vidoosh', 'age': '70', 'industry': 'publiccvb', 'salary': 'INR2734.2105263157896', 'city': 'Chennai'}
2024-02-07 11:44:16,893 — __main__ — INFO — Client_id (3120456f-05d2-4dff-b330-594711a1b8c0) sent to the client.
2024-02-07 11:44:16,893 — __main__ — INFO — Response from client d23d5b60-cc16-48ab-8962-b54ce218b50e: {'client_id': 'd23d5b60-cc16-48ab-8962-b54ce218b50e', 'name': 'Vidoosh', 'age': '70', 'industry': 'publiccvb', 'salary': 'INR2734.2105263157896', 'city': 'Chennai'}
2024-02-07 11:44:16,893 — __main__ — INFO — Client_id (d23d5b60-cc16-48ab-8962-b54ce218b50e) sent to the client.
2024-02-07 11:44:16,893 — __main__ — INFO — Response from client 0034e8fa-d402-4465-bda3-d7c472d2c664: {'client_id': '0034e8fa-d402-4465-bda3-d7c472d2c664', 'name': 'Vidoosh', 'age': '70', 'industry': 'publiccvb', 'salary': 'INR2734.2105263157896', 'city': 'Chennai'}
2024-02-07 11:44:16,894 — __main__ — INFO — Client_id (0034e8fa-d402-4465-bda3-d7c472d2c664) sent to the client.
2024-02-07 11:44:16,894 — __main__ — INFO — Response from client 0a209180-edaa-4185-97c1-65b1ca62ed7e: {'client_id': '0a209180-edaa-4185-97c1-65b1ca62ed7e', 'name': 'Vidoosh', 'age': '70', 'industry': 'publiccvb', 'salary': 'INR2734.2105263157896', 'city': 'Chennai'}
2024-02-07 11:44:16,894 — __main__ — INFO — Client_id (0a209180-edaa-4185-97c1-65b1ca62ed7e) sent to the client.
2024-02-07 11:44:16,895 — __main__ — INFO — Response from client 078503cd-389d-4c8a-9c1e-0340e979ac0b: {'client_id': '078503cd-389d-4c8a-9c1e-0340e979ac0b', 'name': 'Vidoosh', 'age': '70', 'industry': 'publiccvb', 'salary': 'INR2734.2105263157896', 'city': 'Chennai'}
2024-02-07 11:44:16,895 — __main__ — INFO — Client_id (078503cd-389d-4c8a-9c1e-0340e979ac0b) sent to the client.
2024-02-07 11:44:16,895 — __main__ — INFO — Response from client 48114689-3cd7-43a8-ac5d-4693e19b6d84: {'client_id': '48114689-3cd7-43a8-ac5d-4693e19b6d84', 'name': 'Vidoosh', 'age': '70', 'industry': 'publiccvb', 'salary': 'INR2734.2105263157896', 'city': 'Chennai'}
2024-02-07 11:44:16,896 — __main__ — INFO — Client_id (48114689-3cd7-43a8-ac5d-4693e19b6d84) sent to the client.
2024-02-07 11:44:16,896 — __main__ — INFO — Response from client 55d49b94-7cd1-455c-b70a-f02f02044fa4: {'client_id': '55d49b94-7cd1-455c-b70a-f02f02044fa4', 'name': 'Vidoosh', 'age': '70', 'industry': 'publiccvb', 'salary': 'INR2734.2105263157896', 'city': 'Chennai'}
2024-02-07 11:44:16,896 — __main__ — INFO — Client_id (55d49b94-7cd1-455c-b70a-f02f02044fa4) sent to the client.
2024-02-07 11:44:16,896 — __main__ — INFO — Response from client 3e03d9b4-2804-401f-843a-2821790db9fe: {'client_id': '3e03d9b4-2804-401f-843a-2821790db9fe', 'name': 'Vidoosh', 'age': '70', 'industry': 'publiccvb', 'salary': 'INR2734.2105263157896', 'city': 'Chennai'}
2024-02-07 11:44:16,897 — __main__ — INFO — Client_id (3e03d9b4-2804-401f-843a-2821790db9fe) sent to the client.
2024-02-07 11:44:16,897 — __main__ — INFO — Response from client 4b31e505-d25c-4101-8b02-5947e045ccdc: {'client_id': '4b31e505-d25c-4101-8b02-5947e045ccdc', 'name': 'Vidoosh', 'age': '70', 'industry': 'publiccvb', 'salary': 'INR2734.2105263157896', 'city': 'Chennai'}
2024-02-07 11:44:16,897 — __main__ — INFO — Client_id (4b31e505-d25c-4101-8b02-5947e045ccdc) sent to the client.
2024-02-07 11:44:16,898 — __main__ — INFO — Response from client 1e08db82-574c-4076-9d3d-081f12593901: {'client_id': '1e08db82-574c-4076-9d3d-081f12593901', 'name': 'Vidoosh', 'age': '70', 'industry': 'publiccvb', 'salary': 'INR2734.2105263157896', 'city': 'Chennai'}
2024-02-07 11:44:16,898 — __main__ — INFO — Client_id (1e08db82-574c-4076-9d3d-081f12593901) sent to the client.
2024-02-07 11:44:16,898 — __main__ — INFO — Response from client cda2162c-18b1-45e6-818f-ccfb94f5868f: {'client_id': 'cda2162c-18b1-45e6-818f-ccfb94f5868f', 'name': 'Vidoosh', 'age': '70', 'industry': 'publiccvb', 'salary': 'INR2734.2105263157896', 'city': 'Chennai'}
2024-02-07 11:44:16,899 — __main__ — INFO — Client_id (cda2162c-18b1-45e6-818f-ccfb94f5868f) sent to the client.
2024-02-07 11:44:16,899 — __main__ — INFO — Response from client e6cfcb06-859d-42e9-b75f-5e4a42ca97e4: {'client_id': 'e6cfcb06-859d-42e9-b75f-5e4a42ca97e4', 'name': 'Vidoosh', 'age': '70', 'industry': 'publiccvb', 'salary': 'INR2734.2105263157896', 'city': 'Chennai'}
2024-02-07 11:44:16,899 — __main__ — INFO — Client_id (e6cfcb06-859d-42e9-b75f-5e4a42ca97e4) sent to the client.
2024-02-07 11:44:16,899 — __main__ — INFO — Response from client a4aa6f1c-963e-4595-9045-ee4a603adfdc: {'client_id': 'a4aa6f1c-963e-4595-9045-ee4a603adfdc', 'name': 'Vidoosh', 'age': '70', 'industry': 'publiccvb', 'salary': 'INR2734.2105263157896', 'city': 'Chennai'}
2024-02-07 11:44:16,900 — __main__ — INFO — Client_id (a4aa6f1c-963e-4595-9045-ee4a603adfdc) sent to the client.
2024-02-07 11:44:16,900 — __main__ — INFO — Response from client c70e79d8-2eba-44a2-a9e3-82c3e849076e: {'client_id': 'c70e79d8-2eba-44a2-a9e3-82c3e849076e', 'name': 'Vidoosh', 'age': '70', 'industry': 'publiccvb', 'salary': 'INR2734.2105263157896', 'city': 'Chennai'}
2024-02-07 11:44:16,901 — __main__ — INFO — Client_id (c70e79d8-2eba-44a2-a9e3-82c3e849076e) sent to the client.
2024-02-07 11:44:16,901 — __main__ — INFO — Response from client 6d6637d2-0f48-4803-a8f9-77a4b900c0a5: {'client_id': '6d6637d2-0f48-4803-a8f9-77a4b900c0a5', 'name': 'Vidoosh', 'age': '70', 'industry': 'publiccvb', 'salary': 'INR2734.2105263157896', 'city': 'Chennai'}
2024-02-07 11:44:16,902 — __main__ — INFO — Client_id (6d6637d2-0f48-4803-a8f9-77a4b900c0a5) sent to the client.
2024-02-07 11:44:16,902 — __main__ — INFO — Response from client 1b587acc-0522-4410-8258-68abfb28a6a4: {'client_id': '1b587acc-0522-4410-8258-68abfb28a6a4', 'name': 'Vidoosh', 'age': '70', 'industry': 'publiccvb', 'salary': 'INR2734.2105263157896', 'city': 'Chennai'}
2024-02-07 11:44:16,902 — __main__ — INFO — Client_id (1b587acc-0522-4410-8258-68abfb28a6a4) sent to the client.
2024-02-07 11:44:16,902 — __main__ — INFO — Response from client 4dab14ff-017c-4875-928b-c8cb4b3e77e1: {'client_id': '4dab14ff-017c-4875-928b-c8cb4b3e77e1', 'name': 'Vidoosh', 'age': '70', 'industry': 'publiccvb', 'salary': 'INR2734.2105263157896', 'city': 'Chennai'}
2024-02-07 11:44:16,903 — __main__ — INFO — Client_id (4dab14ff-017c-4875-928b-c8cb4b3e77e1) sent to the client.
2024-02-07 11:44:16,903 — __main__ — INFO — Response from client c77bb290-2de7-4a61-a78f-5ff4b223d984: {'client_id': 'c77bb290-2de7-4a61-a78f-5ff4b223d984', 'name': 'Vidoosh', 'age': '70', 'industry': 'publiccvb', 'salary': 'INR2734.2105263157896', 'city': 'Chennai'}
2024-02-07 11:44:16,903 — __main__ — INFO — Client_id (c77bb290-2de7-4a61-a78f-5ff4b223d984) sent to the client.
2024-02-07 11:44:16,903 — __main__ — INFO — Response from client 002b88b5-9eb8-46d9-8917-62f4c4b16800: {'client_id': '002b88b5-9eb8-46d9-8917-62f4c4b16800', 'name': 'Vidoosh', 'age': '70', 'industry': 'publiccvb', 'salary': 'INR2734.2105263157896', 'city': 'Chennai'}
2024-02-07 11:44:16,904 — __main__ — INFO — Client_id (002b88b5-9eb8-46d9-8917-62f4c4b16800) sent to the client.
2024-02-07 11:44:16,904 — __main__ — INFO — Response from client c00c3d5d-91cb-4f5d-b957-67f9062286cc: {'client_id': 'c00c3d5d-91cb-4f5d-b957-67f9062286cc', 'name': 'Vidoosh', 'age': '70', 'industry': 'publiccvb', 'salary': 'INR2734.2105263157896', 'city': 'Chennai'}
2024-02-07 11:44:16,905 — __main__ — INFO — Client_id (c00c3d5d-91cb-4f5d-b957-67f9062286cc) sent to the client.
2024-02-07 11:44:16,905 — __main__ — INFO — Response from client baa9bbac-4073-463a-802d-3735a4fa3117: {'client_id': 'baa9bbac-4073-463a-802d-3735a4fa3117', 'name': 'Vidoosh', 'age': '70', 'industry': 'publiccvb', 'salary': 'INR2734.2105263157896', 'city': 'Chennai'}
2024-02-07 11:44:16,905 — __main__ — INFO — Client_id (baa9bbac-4073-463a-802d-3735a4fa3117) sent to the client.
2024-02-07 11:44:16,905 — __main__ — INFO — Response from client d94eed26-a96b-4181-98c2-93fda5115cb2: {'client_id': 'd94eed26-a96b-4181-98c2-93fda5115cb2', 'name': 'Vidoosh', 'age': '70', 'industry': 'publiccvb', 'salary': 'INR2734.2105263157896', 'city': 'Chennai'}
2024-02-07 11:44:16,906 — __main__ — INFO — Client_id (d94eed26-a96b-4181-98c2-93fda5115cb2) sent to the client.
2024-02-07 11:44:16,906 — __main__ — INFO — Response from client 5bae9e35-8bf7-4f75-8bba-bcec6750a5db: {'client_id': '5bae9e35-8bf7-4f75-8bba-bcec6750a5db', 'name': 'Vidoosh', 'age': '70', 'industry': 'publiccvb', 'salary': 'INR2734.2105263157896', 'city': 'Chennai'}
2024-02-07 11:44:16,906 — __main__ — INFO — Client_id (5bae9e35-8bf7-4f75-8bba-bcec6750a5db) sent to the client.
2024-02-07 11:44:16,906 — __main__ — INFO — Response from client 28671153-33bf-4315-8ea7-6e3373f4e212: {'client_id': '28671153-33bf-4315-8ea7-6e3373f4e212', 'name': 'Vidoosh', 'age': '70', 'industry': 'publiccvb', 'salary': 'INR2734.2105263157896', 'city': 'Chennai'}
2024-02-07 11:44:16,907 — __main__ — INFO — Client_id (28671153-33bf-4315-8ea7-6e3373f4e212) sent to the client.
2024-02-07 11:44:16,907 — __main__ — INFO — Response from client 59fe226d-ccea-4975-9d7e-6c4d71465ef0: {'client_id': '59fe226d-ccea-4975-9d7e-6c4d71465ef0', 'name': 'Vidoosh', 'age': '70', 'industry': 'publiccvb', 'salary': 'INR2734.2105263157896', 'city': 'Chennai'}
2024-02-07 11:44:16,908 — __main__ — INFO — Client_id (59fe226d-ccea-4975-9d7e-6c4d71465ef0) sent to the client.
2024-02-07 11:44:16,908 — __main__ — INFO — Response from client 8219ccbd-578e-4e28-9d6f-58f5b4c4f512: {'client_id': '8219ccbd-578e-4e28-9d6f-58f5b4c4f512', 'name': 'Vidoosh', 'age': '70', 'industry': 'publiccvb', 'salary': 'INR2734.2105263157896', 'city': 'Chennai'}
2024-02-07 11:44:16,908 — __main__ — INFO — Client_id (8219ccbd-578e-4e28-9d6f-58f5b4c4f512) sent to the client.
2024-02-07 11:44:16,908 — __main__ — INFO — Response from client 28eb6a51-3cc3-4eac-9f78-726230676783: {'client_id': '28eb6a51-3cc3-4eac-9f78-726230676783', 'name': 'Vidoosh', 'age': '70', 'industry': 'publiccvb', 'salary': 'INR2734.2105263157896', 'city': 'Chennai'}
2024-02-07 11:44:16,909 — __main__ — INFO — Client_id (28eb6a51-3cc3-4eac-9f78-726230676783) sent to the client.
2024-02-07 11:44:16,909 — __main__ — INFO — Response from client 4ec6b086-b4e1-4853-816a-ac90daeb805a: {'client_id': '4ec6b086-b4e1-4853-816a-ac90daeb805a', 'name': 'Vidoosh', 'age': '70', 'industry': 'publiccvb', 'salary': 'INR2734.2105263157896', 'city': 'Chennai'}
2024-02-07 11:44:16,909 — __main__ — INFO — Client_id (4ec6b086-b4e1-4853-816a-ac90daeb805a) sent to the client.
2024-02-07 11:44:16,909 — __main__ — INFO — Response from client 0a6a3901-3a4a-45eb-a8b6-f1bc5e7aaffe: {'client_id': '0a6a3901-3a4a-45eb-a8b6-f1bc5e7aaffe', 'name': 'Vidoosh', 'age': '70', 'industry': 'publiccvb', 'salary': 'INR2734.2105263157896', 'city': 'Chennai'}
2024-02-07 11:44:16,910 — __main__ — INFO — Client_id (0a6a3901-3a4a-45eb-a8b6-f1bc5e7aaffe) sent to the client.
2024-02-07 11:44:16,910 — __main__ — INFO — Response from client eb002973-dcdb-46f9-8757-05bd0a043ce8: {'client_id': 'eb002973-dcdb-46f9-8757-05bd0a043ce8', 'name': 'Vidoosh', 'age': '70', 'industry': 'publiccvb', 'salary': 'INR2734.2105263157896', 'city': 'Chennai'}
2024-02-07 11:44:16,910 — __main__ — INFO — Client_id (eb002973-dcdb-46f9-8757-05bd0a043ce8) sent to the client.
2024-02-07 11:44:16,911 — __main__ — INFO — Response from client 8f0644ed-0e1b-4653-b621-e219d7ea2fa8: {'client_id': '8f0644ed-0e1b-4653-b621-e219d7ea2fa8', 'name': 'Vidoosh', 'age': '70', 'industry': 'publiccvb', 'salary': 'INR2734.2105263157896', 'city': 'Chennai'}
2024-02-07 11:44:16,911 — __main__ — INFO — Client_id (8f0644ed-0e1b-4653-b621-e219d7ea2fa8) sent to the client.
2024-02-07 11:44:16,912 — __main__ — INFO — Response from client 950e515b-2f12-42eb-9ac8-7b3c2f0fba6c: {'client_id': '950e515b-2f12-42eb-9ac8-7b3c2f0fba6c', 'name': 'Vidoosh', 'age': '70', 'industry': 'publiccvb', 'salary': 'INR2734.2105263157896', 'city': 'Chennai'}
2024-02-07 11:44:16,912 — __main__ — INFO — Client_id (950e515b-2f12-42eb-9ac8-7b3c2f0fba6c) sent to the client.
2024-02-07 11:44:16,912 — __main__ — INFO — Response from client 9dbacc00-5235-4622-be0c-4401fdc460c8: {'client_id': '9dbacc00-5235-4622-be0c-4401fdc460c8', 'name': 'Vidoosh', 'age': '70', 'industry': 'publiccvb', 'salary': 'INR2734.2105263157896', 'city': 'Chennai'}
2024-02-07 11:44:16,913 — __main__ — INFO — Client_id (9dbacc00-5235-4622-be0c-4401fdc460c8) sent to the client.
2024-02-07 11:44:16,913 — __main__ — INFO — Response from client 5d581963-e24a-4b00-bd4e-4833e54b5625: {'client_id': '5d581963-e24a-4b00-bd4e-4833e54b5625', 'name': 'Vidoosh', 'age': '70', 'industry': 'publiccvb', 'salary': 'INR2734.2105263157896', 'city': 'Chennai'}
2024-02-07 11:44:16,914 — __main__ — INFO — Client_id (5d581963-e24a-4b00-bd4e-4833e54b5625) sent to the client.
2024-02-07 11:44:16,914 — __main__ — INFO — Response from client b0fac64a-fc7f-4fbd-ba03-02425639ee77: {'client_id': 'b0fac64a-fc7f-4fbd-ba03-02425639ee77', 'name': 'Vidoosh', 'age': '70', 'industry': 'publiccvb', 'salary': 'INR2734.2105263157896', 'city': 'Chennai'}
2024-02-07 11:44:16,914 — __main__ — INFO — Client_id (b0fac64a-fc7f-4fbd-ba03-02425639ee77) sent to the client.
2024-02-07 11:44:16,914 — __main__ — INFO — Response from client 4bce81bf-caf5-47d0-a837-0f59249eb691: {'client_id': '4bce81bf-caf5-47d0-a837-0f59249eb691', 'name': 'Vidoosh', 'age': '70', 'industry': 'publiccvb', 'salary': 'INR2734.2105263157896', 'city': 'Chennai'}
2024-02-07 11:44:16,915 — __main__ — INFO — Client_id (4bce81bf-caf5-47d0-a837-0f59249eb691) sent to the client.
2024-02-07 11:44:16,916 — __main__ — INFO — Response from client 2b64247d-e85a-42a6-9dd5-8825ce0c8381: {'client_id': '2b64247d-e85a-42a6-9dd5-8825ce0c8381', 'name': 'Vidoosh', 'age': '70', 'industry': 'publiccvb', 'salary': 'INR2734.2105263157896', 'city': 'Chennai'}
2024-02-07 11:44:16,917 — __main__ — INFO — Client_id (2b64247d-e85a-42a6-9dd5-8825ce0c8381) sent to the client.
2024-02-07 11:44:16,917 — __main__ — INFO — Response from client c3f06c9b-b2a9-4840-b5fc-cc6f6df4cf52: {'client_id': 'c3f06c9b-b2a9-4840-b5fc-cc6f6df4cf52', 'name': 'Vidoosh', 'age': '70', 'industry': 'publiccvb', 'salary': 'INR2734.2105263157896', 'city': 'Chennai'}
2024-02-07 11:44:16,917 — __main__ — INFO — Client_id (c3f06c9b-b2a9-4840-b5fc-cc6f6df4cf52) sent to the client.
2024-02-07 11:44:16,918 — __main__ — INFO — Response from client 3ae86f2e-8541-4594-acc2-072078e74b3f: {'client_id': '3ae86f2e-8541-4594-acc2-072078e74b3f', 'name': 'Vidoosh', 'age': '70', 'industry': 'publiccvb', 'salary': 'INR2734.2105263157896', 'city': 'Chennai'}
2024-02-07 11:44:16,918 — __main__ — INFO — Client_id (3ae86f2e-8541-4594-acc2-072078e74b3f) sent to the client.
2024-02-07 11:44:16,918 — __main__ — INFO — Response from client 92cdb85b-fb9b-402f-aeca-acd292498736: {'client_id': '92cdb85b-fb9b-402f-aeca-acd292498736', 'name': 'Vidoosh', 'age': '70', 'industry': 'publiccvb', 'salary': 'INR2734.2105263157896', 'city': 'Chennai'}
2024-02-07 11:44:16,919 — __main__ — INFO — Client_id (92cdb85b-fb9b-402f-aeca-acd292498736) sent to the client.
2024-02-07 11:44:16,919 — __main__ — INFO — Response from client d95b417b-ba32-4a11-82eb-6e663a54fd5e: {'client_id': 'd95b417b-ba32-4a11-82eb-6e663a54fd5e', 'name': 'Vidoosh', 'age': '70', 'industry': 'publiccvb', 'salary': 'INR2734.2105263157896', 'city': 'Chennai'}
2024-02-07 11:44:16,919 — __main__ — INFO — Client_id (d95b417b-ba32-4a11-82eb-6e663a54fd5e) sent to the client.
2024-02-07 11:44:16,919 — __main__ — INFO — Response from client 31236209-6714-4f7f-85ca-bcce75da11bc: {'client_id': '31236209-6714-4f7f-85ca-bcce75da11bc', 'name': 'Vidoosh', 'age': '70', 'industry': 'publiccvb', 'salary': 'INR2734.2105263157896', 'city': 'Chennai'}
2024-02-07 11:44:16,920 — __main__ — INFO — Client_id (31236209-6714-4f7f-85ca-bcce75da11bc) sent to the client.
2024-02-07 11:44:16,920 — __main__ — INFO — Response from client c9d2311c-8b41-4d44-b63d-46873cd55e1f: {'client_id': 'c9d2311c-8b41-4d44-b63d-46873cd55e1f', 'name': 'Vidoosh', 'age': '70', 'industry': 'publiccvb', 'salary': 'INR2734.2105263157896', 'city': 'Chennai'}
2024-02-07 11:44:16,921 — __main__ — INFO — Client_id (c9d2311c-8b41-4d44-b63d-46873cd55e1f) sent to the client.
2024-02-07 11:45:12,486 — __main__ — INFO — Listening on port 8888
2024-02-07 11:45:15,420 — __main__ — INFO — Response from client 45ab8cad-6d03-41f8-bfae-5a52a5b76bb7: {'client_id': '45ab8cad-6d03-41f8-bfae-5a52a5b76bb7', 'name': 'Vidoosh', 'age': '70', 'industry': 'publiccvb', 'salary': 'INR2734.2105263157896', 'city': 'Chennai'}
2024-02-07 11:45:15,423 — __main__ — INFO — Client_id (45ab8cad-6d03-41f8-bfae-5a52a5b76bb7) sent to the client.
2024-02-07 11:45:15,423 — __main__ — INFO — Response from client cf8933cb-1740-4cc6-b31b-445871e2c433: {'client_id': 'cf8933cb-1740-4cc6-b31b-445871e2c433', 'name': 'Vidoosh', 'age': '70', 'industry': 'publiccvb', 'salary': 'INR2734.2105263157896', 'city': 'Chennai'}
2024-02-07 11:45:15,425 — __main__ — INFO — Client_id (cf8933cb-1740-4cc6-b31b-445871e2c433) sent to the client.
2024-02-07 11:45:15,425 — __main__ — INFO — Response from client 2cdf895a-9960-40de-9da6-d47e09f1103a: {'client_id': '2cdf895a-9960-40de-9da6-d47e09f1103a', 'name': 'Vidoosh', 'age': '70', 'industry': 'publiccvb', 'salary': 'INR2734.2105263157896', 'city': 'Chennai'}
2024-02-07 11:45:15,426 — __main__ — INFO — Client_id (2cdf895a-9960-40de-9da6-d47e09f1103a) sent to the client.
2024-02-07 11:45:15,431 — __main__ — INFO — Response from client bbeeccaf-ec68-4376-9d6a-ed039ce2a82c: {'client_id': 'bbeeccaf-ec68-4376-9d6a-ed039ce2a82c', 'name': 'Vidoosh', 'age': '70', 'industry': 'publiccvb', 'salary': 'INR2734.2105263157896', 'city': 'Chennai'}
2024-02-07 11:45:15,433 — __main__ — INFO — Client_id (bbeeccaf-ec68-4376-9d6a-ed039ce2a82c) sent to the client.
2024-02-07 11:45:15,433 — __main__ — INFO — Response from client 5ce077fe-b849-4acb-8322-401f482e84f2: {'client_id': '5ce077fe-b849-4acb-8322-401f482e84f2', 'name': 'Vidoosh', 'age': '70', 'industry': 'publiccvb', 'salary': 'INR2734.2105263157896', 'city': 'Chennai'}
2024-02-07 11:45:15,434 — __main__ — INFO — Client_id (5ce077fe-b849-4acb-8322-401f482e84f2) sent to the client.
2024-02-07 11:45:15,435 — __main__ — INFO — Response from client 2bd7519c-3ac5-42bb-a568-d41a36f5bae1: {'client_id': '2bd7519c-3ac5-42bb-a568-d41a36f5bae1', 'name': 'Vidoosh', 'age': '70', 'industry': 'publiccvb', 'salary': 'INR2734.2105263157896', 'city': 'Chennai'}
2024-02-07 11:45:15,436 — __main__ — INFO — Client_id (2bd7519c-3ac5-42bb-a568-d41a36f5bae1) sent to the client.
2024-02-07 11:45:15,436 — __main__ — INFO — Response from client 669bb24f-9639-4aec-a4de-cb982c02249d: {'client_id': '669bb24f-9639-4aec-a4de-cb982c02249d', 'name': 'Vidoosh', 'age': '70', 'industry': 'publiccvb', 'salary': 'INR2734.2105263157896', 'city': 'Chennai'}
2024-02-07 11:45:15,438 — __main__ — INFO — Client_id (669bb24f-9639-4aec-a4de-cb982c02249d) sent to the client.
2024-02-07 11:45:15,438 — __main__ — INFO — Response from client 5ec0d483-10c1-4549-9c11-91396d00ef49: {'client_id': '5ec0d483-10c1-4549-9c11-91396d00ef49', 'name': 'Vidoosh', 'age': '70', 'industry': 'publiccvb', 'salary': 'INR2734.2105263157896', 'city': 'Chennai'}
2024-02-07 11:45:15,439 — __main__ — INFO — Client_id (5ec0d483-10c1-4549-9c11-91396d00ef49) sent to the client.
2024-02-07 11:45:15,440 — __main__ — INFO — Response from client 03fad2b6-d1dd-4d71-9798-faf216d328b5: {'client_id': '03fad2b6-d1dd-4d71-9798-faf216d328b5', 'name': 'Vidoosh', 'age': '70', 'industry': 'publiccvb', 'salary': 'INR2734.2105263157896', 'city': 'Chennai'}
2024-02-07 11:45:15,441 — __main__ — INFO — Client_id (03fad2b6-d1dd-4d71-9798-faf216d328b5) sent to the client.
2024-02-07 11:45:15,441 — __main__ — INFO — Response from client c6786f62-7f86-4c35-a3b4-cc573a2bdfb9: {'client_id': 'c6786f62-7f86-4c35-a3b4-cc573a2bdfb9', 'name': 'Vidoosh', 'age': '70', 'industry': 'publiccvb', 'salary': 'INR2734.2105263157896', 'city': 'Chennai'}
2024-02-07 11:45:15,443 — __main__ — INFO — Client_id (c6786f62-7f86-4c35-a3b4-cc573a2bdfb9) sent to the client.
2024-02-07 11:45:15,443 — __main__ — INFO — Response from client 8ced5ab1-4124-44ec-b694-403ca6e4a84e: {'client_id': '8ced5ab1-4124-44ec-b694-403ca6e4a84e', 'name': 'Vidoosh', 'age': '70', 'industry': 'publiccvb', 'salary': 'INR2734.2105263157896', 'city': 'Chennai'}
2024-02-07 11:45:15,445 — __main__ — INFO — Client_id (8ced5ab1-4124-44ec-b694-403ca6e4a84e) sent to the client.
2024-02-07 11:45:15,446 — __main__ — INFO — Response from client 84a8257d-61f2-4dea-be51-5f26057eb425: {'client_id': '84a8257d-61f2-4dea-be51-5f26057eb425', 'name': 'Vidoosh', 'age': '70', 'industry': 'publiccvb', 'salary': 'INR2734.2105263157896', 'city': 'Chennai'}
2024-02-07 11:45:15,447 — __main__ — INFO — Client_id (84a8257d-61f2-4dea-be51-5f26057eb425) sent to the client.
2024-02-07 11:45:15,447 — __main__ — INFO — Response from client 7c27f93e-c012-4d77-a775-ea1df31c7f82: {'client_id': '7c27f93e-c012-4d77-a775-ea1df31c7f82', 'name': 'Vidoosh', 'age': '70', 'industry': 'publiccvb', 'salary': 'INR2734.2105263157896', 'city': 'Chennai'}
2024-02-07 11:45:15,448 — __main__ — INFO — Client_id (7c27f93e-c012-4d77-a775-ea1df31c7f82) sent to the client.
2024-02-07 11:45:15,448 — __main__ — INFO — Response from client 7af6ba1d-0174-4b9b-b47d-cdb32bccedc2: {'client_id': '7af6ba1d-0174-4b9b-b47d-cdb32bccedc2', 'name': 'Vidoosh', 'age': '70', 'industry': 'publiccvb', 'salary': 'INR2734.2105263157896', 'city': 'Chennai'}
2024-02-07 11:45:15,449 — __main__ — INFO — Client_id (7af6ba1d-0174-4b9b-b47d-cdb32bccedc2) sent to the client.
2024-02-07 11:45:15,449 — __main__ — INFO — Response from client 9fa70c9c-9ba8-4627-a8fd-5e12999419d7: {'client_id': '9fa70c9c-9ba8-4627-a8fd-5e12999419d7', 'name': 'Vidoosh', 'age': '70', 'industry': 'publiccvb', 'salary': 'INR2734.2105263157896', 'city': 'Chennai'}
2024-02-07 11:45:15,450 — __main__ — INFO — Client_id (9fa70c9c-9ba8-4627-a8fd-5e12999419d7) sent to the client.
2024-02-07 11:45:15,450 — __main__ — INFO — Response from client ec6154ba-a2fb-459c-a4ba-179cb1f4b99d: {'client_id': 'ec6154ba-a2fb-459c-a4ba-179cb1f4b99d', 'name': 'Vidoosh', 'age': '70', 'industry': 'publiccvb', 'salary': 'INR2734.2105263157896', 'city': 'Chennai'}
2024-02-07 11:45:15,451 — __main__ — INFO — Client_id (ec6154ba-a2fb-459c-a4ba-179cb1f4b99d) sent to the client.
2024-02-07 11:45:15,451 — __main__ — INFO — Response from client 6a1f5f93-9cd3-4bde-8c16-40e6855bdfd7: {'client_id': '6a1f5f93-9cd3-4bde-8c16-40e6855bdfd7', 'name': 'Vidoosh', 'age': '70', 'industry': 'publiccvb', 'salary': 'INR2734.2105263157896', 'city': 'Chennai'}
2024-02-07 11:45:15,452 — __main__ — INFO — Client_id (6a1f5f93-9cd3-4bde-8c16-40e6855bdfd7) sent to the client.
2024-02-07 11:45:15,452 — __main__ — INFO — Response from client 177ec610-cf2a-42fb-9fcc-d6d2e8be2225: {'client_id': '177ec610-cf2a-42fb-9fcc-d6d2e8be2225', 'name': 'Vidoosh', 'age': '70', 'industry': 'publiccvb', 'salary': 'INR2734.2105263157896', 'city': 'Chennai'}
2024-02-07 11:45:15,453 — __main__ — INFO — Client_id (177ec610-cf2a-42fb-9fcc-d6d2e8be2225) sent to the client.
2024-02-07 11:45:15,453 — __main__ — INFO — Response from client 024be2a0-6ad8-4c19-9ed9-aff2bf6595e5: {'client_id': '024be2a0-6ad8-4c19-9ed9-aff2bf6595e5', 'name': 'Vidoosh', 'age': '70', 'industry': 'publiccvb', 'salary': 'INR2734.2105263157896', 'city': 'Chennai'}
2024-02-07 11:45:15,454 — __main__ — INFO — Client_id (024be2a0-6ad8-4c19-9ed9-aff2bf6595e5) sent to the client.
2024-02-07 11:45:15,455 — __main__ — INFO — Response from client 83a00bab-ac8e-4fd1-83be-ebfd8caf61f3: {'client_id': '83a00bab-ac8e-4fd1-83be-ebfd8caf61f3', 'name': 'Vidoosh', 'age': '70', 'industry': 'publiccvb', 'salary': 'INR2734.2105263157896', 'city': 'Chennai'}
2024-02-07 11:45:15,455 — __main__ — INFO — Client_id (83a00bab-ac8e-4fd1-83be-ebfd8caf61f3) sent to the client.
2024-02-07 11:45:15,456 — __main__ — INFO — Response from client 94e7e760-ce04-49d6-b3b7-8db17d168d03: {'client_id': '94e7e760-ce04-49d6-b3b7-8db17d168d03', 'name': 'Vidoosh', 'age': '70', 'industry': 'publiccvb', 'salary': 'INR2734.2105263157896', 'city': 'Chennai'}
2024-02-07 11:45:15,456 — __main__ — INFO — Client_id (94e7e760-ce04-49d6-b3b7-8db17d168d03) sent to the client.
2024-02-07 11:45:15,457 — __main__ — INFO — Response from client 3a99d8ae-fdfa-48e7-85a3-047d2e10c13d: {'client_id': '3a99d8ae-fdfa-48e7-85a3-047d2e10c13d', 'name': 'Vidoosh', 'age': '70', 'industry': 'publiccvb', 'salary': 'INR2734.2105263157896', 'city': 'Chennai'}
2024-02-07 11:45:15,458 — __main__ — INFO — Client_id (3a99d8ae-fdfa-48e7-85a3-047d2e10c13d) sent to the client.
2024-02-07 11:45:15,458 — __main__ — INFO — Response from client a02a93c1-25d0-45c7-b661-fbb96b72852a: {'client_id': 'a02a93c1-25d0-45c7-b661-fbb96b72852a', 'name': 'Vidoosh', 'age': '70', 'industry': 'publiccvb', 'salary': 'INR2734.2105263157896', 'city': 'Chennai'}
2024-02-07 11:45:15,459 — __main__ — INFO — Client_id (a02a93c1-25d0-45c7-b661-fbb96b72852a) sent to the client.
2024-02-07 11:45:15,459 — __main__ — INFO — Response from client f7f39d69-5c4b-4d4e-afaf-002fdf3d2d80: {'client_id': 'f7f39d69-5c4b-4d4e-afaf-002fdf3d2d80', 'name': 'Vidoosh', 'age': '70', 'industry': 'publiccvb', 'salary': 'INR2734.2105263157896', 'city': 'Chennai'}
2024-02-07 11:45:15,460 — __main__ — INFO — Client_id (f7f39d69-5c4b-4d4e-afaf-002fdf3d2d80) sent to the client.
2024-02-07 11:45:15,460 — __main__ — INFO — Response from client 345b74fd-1ea9-4e4a-8479-1d24d6e6c47a: {'client_id': '345b74fd-1ea9-4e4a-8479-1d24d6e6c47a', 'name': 'Vidoosh', 'age': '70', 'industry': 'publiccvb', 'salary': 'INR2734.2105263157896', 'city': 'Chennai'}
2024-02-07 11:45:15,461 — __main__ — INFO — Client_id (345b74fd-1ea9-4e4a-8479-1d24d6e6c47a) sent to the client.
2024-02-07 11:45:15,461 — __main__ — INFO — Response from client 2db195de-efdf-4e52-b4e5-d171e51a4ea7: {'client_id': '2db195de-efdf-4e52-b4e5-d171e51a4ea7', 'name': 'Vidoosh', 'age': '70', 'industry': 'publiccvb', 'salary': 'INR2734.2105263157896', 'city': 'Chennai'}
2024-02-07 11:45:15,462 — __main__ — INFO — Client_id (2db195de-efdf-4e52-b4e5-d171e51a4ea7) sent to the client.
2024-02-07 11:45:15,462 — __main__ — INFO — Response from client bd111ba1-c903-48e5-a869-ec735a305c28: {'client_id': 'bd111ba1-c903-48e5-a869-ec735a305c28', 'name': 'Vidoosh', 'age': '70', 'industry': 'publiccvb', 'salary': 'INR2734.2105263157896', 'city': 'Chennai'}
2024-02-07 11:45:15,463 — __main__ — INFO — Client_id (bd111ba1-c903-48e5-a869-ec735a305c28) sent to the client.
2024-02-07 11:45:15,463 — __main__ — INFO — Response from client 45a2e81f-3bfd-41d3-bef0-c9917a67cb3c: {'client_id': '45a2e81f-3bfd-41d3-bef0-c9917a67cb3c', 'name': 'Vidoosh', 'age': '70', 'industry': 'publiccvb', 'salary': 'INR2734.2105263157896', 'city': 'Chennai'}
2024-02-07 11:45:15,464 — __main__ — INFO — Client_id (45a2e81f-3bfd-41d3-bef0-c9917a67cb3c) sent to the client.
2024-02-07 11:45:15,464 — __main__ — INFO — Response from client 7566f4b5-bb6a-4df9-a168-94fd560e48a5: {'client_id': '7566f4b5-bb6a-4df9-a168-94fd560e48a5', 'name': 'Vidoosh', 'age': '70', 'industry': 'publiccvb', 'salary': 'INR2734.2105263157896', 'city': 'Chennai'}
2024-02-07 11:45:15,465 — __main__ — INFO — Client_id (7566f4b5-bb6a-4df9-a168-94fd560e48a5) sent to the client.
2024-02-07 11:45:15,465 — __main__ — INFO — Response from client 7b14cb56-5afa-420c-9a9c-df41a6c33782: {'client_id': '7b14cb56-5afa-420c-9a9c-df41a6c33782', 'name': 'Vidoosh', 'age': '70', 'industry': 'publiccvb', 'salary': 'INR2734.2105263157896', 'city': 'Chennai'}
2024-02-07 11:45:15,466 — __main__ — INFO — Client_id (7b14cb56-5afa-420c-9a9c-df41a6c33782) sent to the client.
2024-02-07 11:45:15,466 — __main__ — INFO — Response from client a1a388cc-8942-4f53-9db2-5859647132cb: {'client_id': 'a1a388cc-8942-4f53-9db2-5859647132cb', 'name': 'Vidoosh', 'age': '70', 'industry': 'publiccvb', 'salary': 'INR2734.2105263157896', 'city': 'Chennai'}
2024-02-07 11:45:15,467 — __main__ — INFO — Client_id (a1a388cc-8942-4f53-9db2-5859647132cb) sent to the client.
2024-02-07 11:45:15,467 — __main__ — INFO — Response from client fee8133f-355e-4fa9-be0f-5e51e6a829f9: {'client_id': 'fee8133f-355e-4fa9-be0f-5e51e6a829f9', 'name': 'Vidoosh', 'age': '70', 'industry': 'publiccvb', 'salary': 'INR2734.2105263157896', 'city': 'Chennai'}
2024-02-07 11:45:15,468 — __main__ — INFO — Client_id (fee8133f-355e-4fa9-be0f-5e51e6a829f9) sent to the client.
2024-02-07 11:45:15,468 — __main__ — INFO — Response from client 9fdc5cfc-32fd-4b53-962b-77705ffb6f72: {'client_id': '9fdc5cfc-32fd-4b53-962b-77705ffb6f72', 'name': 'Vidoosh', 'age': '70', 'industry': 'publiccvb', 'salary': 'INR2734.2105263157896', 'city': 'Chennai'}
2024-02-07 11:45:15,468 — __main__ — INFO — Client_id (9fdc5cfc-32fd-4b53-962b-77705ffb6f72) sent to the client.
2024-02-07 11:45:15,468 — __main__ — INFO — Response from client 2c7b884a-545b-4b8f-9d08-c2e17edeb3e8: {'client_id': '2c7b884a-545b-4b8f-9d08-c2e17edeb3e8', 'name': 'Vidoosh', 'age': '70', 'industry': 'publiccvb', 'salary': 'INR2734.2105263157896', 'city': 'Chennai'}
2024-02-07 11:45:15,469 — __main__ — INFO — Client_id (2c7b884a-545b-4b8f-9d08-c2e17edeb3e8) sent to the client.
2024-02-07 11:45:15,469 — __main__ — INFO — Response from client 50709d35-a52f-42db-9b12-058cf1e98a48: {'client_id': '50709d35-a52f-42db-9b12-058cf1e98a48', 'name': 'Vidoosh', 'age': '70', 'industry': 'publiccvb', 'salary': 'INR2734.2105263157896', 'city': 'Chennai'}
2024-02-07 11:45:15,470 — __main__ — INFO — Client_id (50709d35-a52f-42db-9b12-058cf1e98a48) sent to the client.
2024-02-07 11:45:15,470 — __main__ — INFO — Response from client 2a730aa8-1012-433d-955c-f1acbc2f4862: {'client_id': '2a730aa8-1012-433d-955c-f1acbc2f4862', 'name': 'Vidoosh', 'age': '70', 'industry': 'publiccvb', 'salary': 'INR2734.2105263157896', 'city': 'Chennai'}
2024-02-07 11:45:15,470 — __main__ — INFO — Client_id (2a730aa8-1012-433d-955c-f1acbc2f4862) sent to the client.
2024-02-07 11:45:15,471 — __main__ — INFO — Response from client 7c6c708c-c78a-4ffd-8002-aec882cf168b: {'client_id': '7c6c708c-c78a-4ffd-8002-aec882cf168b', 'name': 'Vidoosh', 'age': '70', 'industry': 'publiccvb', 'salary': 'INR2734.2105263157896', 'city': 'Chennai'}
2024-02-07 11:45:15,471 — __main__ — INFO — Client_id (7c6c708c-c78a-4ffd-8002-aec882cf168b) sent to the client.
2024-02-07 11:45:15,471 — __main__ — INFO — Response from client be11d2d3-6bf4-49fd-b756-0ba687843509: {'client_id': 'be11d2d3-6bf4-49fd-b756-0ba687843509', 'name': 'Vidoosh', 'age': '70', 'industry': 'publiccvb', 'salary': 'INR2734.2105263157896', 'city': 'Chennai'}
2024-02-07 11:45:15,472 — __main__ — INFO — Client_id (be11d2d3-6bf4-49fd-b756-0ba687843509) sent to the client.
2024-02-07 11:45:15,472 — __main__ — INFO — Response from client e6972878-4c31-4c8d-8452-f36ea65a811e: {'client_id': 'e6972878-4c31-4c8d-8452-f36ea65a811e', 'name': 'Vidoosh', 'age': '70', 'industry': 'publiccvb', 'salary': 'INR2734.2105263157896', 'city': 'Chennai'}
2024-02-07 11:45:15,472 — __main__ — INFO — Client_id (e6972878-4c31-4c8d-8452-f36ea65a811e) sent to the client.
2024-02-07 11:45:15,472 — __main__ — INFO — Response from client 79c1d0fc-6e32-4600-879b-95f051e472a2: {'client_id': '79c1d0fc-6e32-4600-879b-95f051e472a2', 'name': 'Vidoosh', 'age': '70', 'industry': 'publiccvb', 'salary': 'INR2734.2105263157896', 'city': 'Chennai'}
2024-02-07 11:45:15,473 — __main__ — INFO — Client_id (79c1d0fc-6e32-4600-879b-95f051e472a2) sent to the client.
2024-02-07 11:45:15,473 — __main__ — INFO — Response from client 8e07bc63-9455-4b28-ac0e-95c4958db9ae: {'client_id': '8e07bc63-9455-4b28-ac0e-95c4958db9ae', 'name': 'Vidoosh', 'age': '70', 'industry': 'publiccvb', 'salary': 'INR2734.2105263157896', 'city': 'Chennai'}
2024-02-07 11:45:15,474 — __main__ — INFO — Client_id (8e07bc63-9455-4b28-ac0e-95c4958db9ae) sent to the client.
2024-02-07 11:45:15,474 — __main__ — INFO — Response from client 095535cc-d24a-42f5-82a4-836a266adb87: {'client_id': '095535cc-d24a-42f5-82a4-836a266adb87', 'name': 'Vidoosh', 'age': '70', 'industry': 'publiccvb', 'salary': 'INR2734.2105263157896', 'city': 'Chennai'}
2024-02-07 11:45:15,474 — __main__ — INFO — Client_id (095535cc-d24a-42f5-82a4-836a266adb87) sent to the client.
2024-02-07 11:45:15,474 — __main__ — INFO — Response from client 41f7056b-d327-43eb-8f32-21bfc55e0506: {'client_id': '41f7056b-d327-43eb-8f32-21bfc55e0506', 'name': 'Vidoosh', 'age': '70', 'industry': 'publiccvb', 'salary': 'INR2734.2105263157896', 'city': 'Chennai'}
2024-02-07 11:45:15,475 — __main__ — INFO — Client_id (41f7056b-d327-43eb-8f32-21bfc55e0506) sent to the client.
2024-02-07 11:45:15,475 — __main__ — INFO — Response from client 6b4d7f5c-fd85-4b05-95f6-ec58fb0f9da6: {'client_id': '6b4d7f5c-fd85-4b05-95f6-ec58fb0f9da6', 'name': 'Vidoosh', 'age': '70', 'industry': 'publiccvb', 'salary': 'INR2734.2105263157896', 'city': 'Chennai'}
2024-02-07 11:45:15,475 — __main__ — INFO — Client_id (6b4d7f5c-fd85-4b05-95f6-ec58fb0f9da6) sent to the client.
2024-02-07 11:45:15,476 — __main__ — INFO — Response from client 9853854f-1277-48c8-93d6-04da523d0656: {'client_id': '9853854f-1277-48c8-93d6-04da523d0656', 'name': 'Vidoosh', 'age': '70', 'industry': 'publiccvb', 'salary': 'INR2734.2105263157896', 'city': 'Chennai'}
2024-02-07 11:45:15,476 — __main__ — INFO — Client_id (9853854f-1277-48c8-93d6-04da523d0656) sent to the client.
2024-02-07 11:45:15,476 — __main__ — INFO — Response from client c642e180-a88d-4e88-95f0-9082f347b38d: {'client_id': 'c642e180-a88d-4e88-95f0-9082f347b38d', 'name': 'Vidoosh', 'age': '70', 'industry': 'publiccvb', 'salary': 'INR2734.2105263157896', 'city': 'Chennai'}
2024-02-07 11:45:15,477 — __main__ — INFO — Client_id (c642e180-a88d-4e88-95f0-9082f347b38d) sent to the client.
2024-02-07 11:45:15,477 — __main__ — INFO — Response from client 2fe90de9-1b3b-4302-9601-8c348e68a263: {'client_id': '2fe90de9-1b3b-4302-9601-8c348e68a263', 'name': 'Vidoosh', 'age': '70', 'industry': 'publiccvb', 'salary': 'INR2734.2105263157896', 'city': 'Chennai'}
2024-02-07 11:45:15,477 — __main__ — INFO — Client_id (2fe90de9-1b3b-4302-9601-8c348e68a263) sent to the client.
2024-02-07 11:45:15,477 — __main__ — INFO — Response from client 12771d04-90bf-48d7-9c90-845a1f02c83c: {'client_id': '12771d04-90bf-48d7-9c90-845a1f02c83c', 'name': 'Vidoosh', 'age': '70', 'industry': 'publiccvb', 'salary': 'INR2734.2105263157896', 'city': 'Chennai'}
2024-02-07 11:45:15,478 — __main__ — INFO — Client_id (12771d04-90bf-48d7-9c90-845a1f02c83c) sent to the client.
2024-02-07 11:45:15,478 — __main__ — INFO — Response from client 0792f1ac-b2d2-4ffc-9989-7ad237651e4a: {'client_id': '0792f1ac-b2d2-4ffc-9989-7ad237651e4a', 'name': 'Vidoosh', 'age': '70', 'industry': 'publiccvb', 'salary': 'INR2734.2105263157896', 'city': 'Chennai'}
2024-02-07 11:45:15,479 — __main__ — INFO — Client_id (0792f1ac-b2d2-4ffc-9989-7ad237651e4a) sent to the client.
2024-02-07 11:45:15,479 — __main__ — INFO — Response from client c5a0d054-7e01-436a-93bf-ab59e6eb315a: {'client_id': 'c5a0d054-7e01-436a-93bf-ab59e6eb315a', 'name': 'Vidoosh', 'age': '70', 'industry': 'publiccvb', 'salary': 'INR2734.2105263157896', 'city': 'Chennai'}
2024-02-07 11:45:15,479 — __main__ — INFO — Client_id (c5a0d054-7e01-436a-93bf-ab59e6eb315a) sent to the client.
2024-02-07 11:45:15,479 — __main__ — INFO — Response from client 022c3333-d431-478a-8cb9-47038fc2a9f9: {'client_id': '022c3333-d431-478a-8cb9-47038fc2a9f9', 'name': 'Vidoosh', 'age': '70', 'industry': 'publiccvb', 'salary': 'INR2734.2105263157896', 'city': 'Chennai'}
2024-02-07 11:45:15,480 — __main__ — INFO — Client_id (022c3333-d431-478a-8cb9-47038fc2a9f9) sent to the client.
2024-02-07 11:45:15,480 — __main__ — INFO — Response from client cadfdaeb-a1a8-4a80-b93c-f39f2940d756: {'client_id': 'cadfdaeb-a1a8-4a80-b93c-f39f2940d756', 'name': 'Vidoosh', 'age': '70', 'industry': 'publiccvb', 'salary': 'INR2734.2105263157896', 'city': 'Chennai'}
2024-02-07 11:45:15,480 — __main__ — INFO — Client_id (cadfdaeb-a1a8-4a80-b93c-f39f2940d756) sent to the client.
2024-02-07 11:45:15,481 — __main__ — INFO — Response from client 09e90276-a43f-4432-9969-b294ee546ecb: {'client_id': '09e90276-a43f-4432-9969-b294ee546ecb', 'name': 'Vidoosh', 'age': '70', 'industry': 'publiccvb', 'salary': 'INR2734.2105263157896', 'city': 'Chennai'}
2024-02-07 11:45:15,481 — __main__ — INFO — Client_id (09e90276-a43f-4432-9969-b294ee546ecb) sent to the client.
2024-02-07 11:45:15,481 — __main__ — INFO — Response from client ca6a1c97-9a8d-4f08-9ab8-05aaeb357051: {'client_id': 'ca6a1c97-9a8d-4f08-9ab8-05aaeb357051', 'name': 'Vidoosh', 'age': '70', 'industry': 'publiccvb', 'salary': 'INR2734.2105263157896', 'city': 'Chennai'}
2024-02-07 11:45:15,482 — __main__ — INFO — Client_id (ca6a1c97-9a8d-4f08-9ab8-05aaeb357051) sent to the client.
2024-02-07 11:45:15,482 — __main__ — INFO — Response from client 5751ab6f-5b99-451e-8d8f-032e86de43af: {'client_id': '5751ab6f-5b99-451e-8d8f-032e86de43af', 'name': 'Vidoosh', 'age': '70', 'industry': 'publiccvb', 'salary': 'INR2734.2105263157896', 'city': 'Chennai'}
2024-02-07 11:45:15,482 — __main__ — INFO — Client_id (5751ab6f-5b99-451e-8d8f-032e86de43af) sent to the client.
2024-02-07 11:45:15,482 — __main__ — INFO — Response from client f3961e0d-abce-481d-80e4-f91666031615: {'client_id': 'f3961e0d-abce-481d-80e4-f91666031615', 'name': 'Vidoosh', 'age': '70', 'industry': 'publiccvb', 'salary': 'INR2734.2105263157896', 'city': 'Chennai'}
2024-02-07 11:45:15,483 — __main__ — INFO — Client_id (f3961e0d-abce-481d-80e4-f91666031615) sent to the client.
2024-02-07 11:45:15,484 — __main__ — INFO — Response from client 54eb5d86-1793-4162-bc6f-750cf4ad156f: {'client_id': '54eb5d86-1793-4162-bc6f-750cf4ad156f', 'name': 'Vidoosh', 'age': '70', 'industry': 'publiccvb', 'salary': 'INR2734.2105263157896', 'city': 'Chennai'}
2024-02-07 11:45:15,485 — __main__ — INFO — Client_id (54eb5d86-1793-4162-bc6f-750cf4ad156f) sent to the client.
2024-02-07 11:45:15,485 — __main__ — INFO — Response from client 559dbf90-04fb-44cf-8dad-0b2a79b162f8: {'client_id': '559dbf90-04fb-44cf-8dad-0b2a79b162f8', 'name': 'Vidoosh', 'age': '70', 'industry': 'publiccvb', 'salary': 'INR2734.2105263157896', 'city': 'Chennai'}
2024-02-07 11:45:15,485 — __main__ — INFO — Client_id (559dbf90-04fb-44cf-8dad-0b2a79b162f8) sent to the client.
2024-02-07 11:45:15,488 — __main__ — INFO — Response from client 9a6414ee-379f-43ed-805d-585044e8ddbb: {'client_id': '9a6414ee-379f-43ed-805d-585044e8ddbb', 'name': 'Vidoosh', 'age': '70', 'industry': 'publiccvb', 'salary': 'INR2734.2105263157896', 'city': 'Chennai'}
2024-02-07 11:45:15,489 — __main__ — INFO — Client_id (9a6414ee-379f-43ed-805d-585044e8ddbb) sent to the client.
2024-02-07 11:45:15,489 — __main__ — INFO — Response from client 09ee2648-eed8-48ee-916f-8c2cfd5473b6: {'client_id': '09ee2648-eed8-48ee-916f-8c2cfd5473b6', 'name': 'Vidoosh', 'age': '70', 'industry': 'publiccvb', 'salary': 'INR2734.2105263157896', 'city': 'Chennai'}
2024-02-07 11:45:15,489 — __main__ — INFO — Client_id (09ee2648-eed8-48ee-916f-8c2cfd5473b6) sent to the client.
2024-02-07 11:45:15,490 — __main__ — INFO — Response from client 2c043582-dce4-4a13-9ef0-65ded8177f85: {'client_id': '2c043582-dce4-4a13-9ef0-65ded8177f85', 'name': 'Vidoosh', 'age': '70', 'industry': 'publiccvb', 'salary': 'INR2734.2105263157896', 'city': 'Chennai'}
2024-02-07 11:45:15,490 — __main__ — INFO — Client_id (2c043582-dce4-4a13-9ef0-65ded8177f85) sent to the client.
2024-02-07 11:45:15,490 — __main__ — INFO — Response from client b0d6bd57-bc28-4a7f-96bd-e34c9c04aa38: {'client_id': 'b0d6bd57-bc28-4a7f-96bd-e34c9c04aa38', 'name': 'Vidoosh', 'age': '70', 'industry': 'publiccvb', 'salary': 'INR2734.2105263157896', 'city': 'Chennai'}
2024-02-07 11:45:15,491 — __main__ — INFO — Client_id (b0d6bd57-bc28-4a7f-96bd-e34c9c04aa38) sent to the client.
2024-02-07 11:45:15,491 — __main__ — INFO — Response from client 7979eef7-6425-4f51-8085-0a01da6c7cab: {'client_id': '7979eef7-6425-4f51-8085-0a01da6c7cab', 'name': 'Vidoosh', 'age': '70', 'industry': 'publiccvb', 'salary': 'INR2734.2105263157896', 'city': 'Chennai'}
2024-02-07 11:45:15,491 — __main__ — INFO — Client_id (7979eef7-6425-4f51-8085-0a01da6c7cab) sent to the client.
2024-02-07 11:45:15,491 — __main__ — INFO — Response from client 208ea43b-a00f-4351-a455-e6cbf3671d86: {'client_id': '208ea43b-a00f-4351-a455-e6cbf3671d86', 'name': 'Vidoosh', 'age': '70', 'industry': 'publiccvb', 'salary': 'INR2734.2105263157896', 'city': 'Chennai'}
2024-02-07 11:45:15,492 — __main__ — INFO — Client_id (208ea43b-a00f-4351-a455-e6cbf3671d86) sent to the client.
2024-02-07 11:45:15,492 — __main__ — INFO — Response from client b9575c95-1209-4997-8427-6e33192fc4a0: {'client_id': 'b9575c95-1209-4997-8427-6e33192fc4a0', 'name': 'Vidoosh', 'age': '70', 'industry': 'publiccvb', 'salary': 'INR2734.2105263157896', 'city': 'Chennai'}
2024-02-07 11:45:15,493 — __main__ — INFO — Client_id (b9575c95-1209-4997-8427-6e33192fc4a0) sent to the client.
2024-02-07 11:45:15,493 — __main__ — INFO — Response from client bfbbd00d-30ec-4c03-a028-f637c2daa918: {'client_id': 'bfbbd00d-30ec-4c03-a028-f637c2daa918', 'name': 'Vidoosh', 'age': '70', 'industry': 'publiccvb', 'salary': 'INR2734.2105263157896', 'city': 'Chennai'}
2024-02-07 11:45:15,493 — __main__ — INFO — Client_id (bfbbd00d-30ec-4c03-a028-f637c2daa918) sent to the client.
2024-02-07 11:45:15,493 — __main__ — INFO — Response from client 43ce1712-5193-4a45-a2d9-22b4ab7f415f: {'client_id': '43ce1712-5193-4a45-a2d9-22b4ab7f415f', 'name': 'Vidoosh', 'age': '70', 'industry': 'publiccvb', 'salary': 'INR2734.2105263157896', 'city': 'Chennai'}
2024-02-07 11:45:15,494 — __main__ — INFO — Client_id (43ce1712-5193-4a45-a2d9-22b4ab7f415f) sent to the client.
2024-02-07 11:45:15,494 — __main__ — INFO — Response from client 10aedcf5-0c87-4850-a0f5-93049df3a3a0: {'client_id': '10aedcf5-0c87-4850-a0f5-93049df3a3a0', 'name': 'Vidoosh', 'age': '70', 'industry': 'publiccvb', 'salary': 'INR2734.2105263157896', 'city': 'Chennai'}
2024-02-07 11:45:15,494 — __main__ — INFO — Client_id (10aedcf5-0c87-4850-a0f5-93049df3a3a0) sent to the client.
2024-02-07 11:45:15,495 — __main__ — INFO — Response from client cac240e3-51d0-42e0-a526-ad36d38a50ad: {'client_id': 'cac240e3-51d0-42e0-a526-ad36d38a50ad', 'name': 'Vidoosh', 'age': '70', 'industry': 'publiccvb', 'salary': 'INR2734.2105263157896', 'city': 'Chennai'}
2024-02-07 11:45:15,495 — __main__ — INFO — Client_id (cac240e3-51d0-42e0-a526-ad36d38a50ad) sent to the client.
2024-02-07 11:45:15,495 — __main__ — INFO — Response from client 85d77c7e-fbfb-4ff5-a449-3c5f94a0c524: {'client_id': '85d77c7e-fbfb-4ff5-a449-3c5f94a0c524', 'name': 'Vidoosh', 'age': '70', 'industry': 'publiccvb', 'salary': 'INR2734.2105263157896', 'city': 'Chennai'}
2024-02-07 11:45:15,496 — __main__ — INFO — Client_id (85d77c7e-fbfb-4ff5-a449-3c5f94a0c524) sent to the client.
2024-02-07 11:45:15,496 — __main__ — INFO — Response from client 5501f356-7b16-43a1-b138-26f1f11daece: {'client_id': '5501f356-7b16-43a1-b138-26f1f11daece', 'name': 'Vidoosh', 'age': '70', 'industry': 'publiccvb', 'salary': 'INR2734.2105263157896', 'city': 'Chennai'}
2024-02-07 11:45:15,496 — __main__ — INFO — Client_id (5501f356-7b16-43a1-b138-26f1f11daece) sent to the client.
2024-02-07 11:45:15,496 — __main__ — INFO — Response from client f42cc97b-f821-48d3-bc70-97926b97ad28: {'client_id': 'f42cc97b-f821-48d3-bc70-97926b97ad28', 'name': 'Vidoosh', 'age': '70', 'industry': 'publiccvb', 'salary': 'INR2734.2105263157896', 'city': 'Chennai'}
2024-02-07 11:45:15,497 — __main__ — INFO — Client_id (f42cc97b-f821-48d3-bc70-97926b97ad28) sent to the client.
2024-02-07 11:45:15,497 — __main__ — INFO — Response from client d469428e-7020-41c1-84a3-485e5dad39fb: {'client_id': 'd469428e-7020-41c1-84a3-485e5dad39fb', 'name': 'Vidoosh', 'age': '70', 'industry': 'publiccvb', 'salary': 'INR2734.2105263157896', 'city': 'Chennai'}
2024-02-07 11:45:15,498 — __main__ — INFO — Client_id (d469428e-7020-41c1-84a3-485e5dad39fb) sent to the client.
2024-02-07 11:45:15,498 — __main__ — INFO — Response from client 5589bb93-d607-4c3e-9a6a-b9be94a45360: {'client_id': '5589bb93-d607-4c3e-9a6a-b9be94a45360', 'name': 'Vidoosh', 'age': '70', 'industry': 'publiccvb', 'salary': 'INR2734.2105263157896', 'city': 'Chennai'}
2024-02-07 11:45:15,498 — __main__ — INFO — Client_id (5589bb93-d607-4c3e-9a6a-b9be94a45360) sent to the client.
2024-02-07 11:45:15,498 — __main__ — INFO — Response from client b67bc468-06e8-47bd-8b65-35704e68fc56: {'client_id': 'b67bc468-06e8-47bd-8b65-35704e68fc56', 'name': 'Vidoosh', 'age': '70', 'industry': 'publiccvb', 'salary': 'INR2734.2105263157896', 'city': 'Chennai'}
2024-02-07 11:45:15,499 — __main__ — INFO — Client_id (b67bc468-06e8-47bd-8b65-35704e68fc56) sent to the client.
2024-02-07 11:45:15,499 — __main__ — INFO — Response from client 306fcbd2-67fc-44ad-b35c-3e731a78bb08: {'client_id': '306fcbd2-67fc-44ad-b35c-3e731a78bb08', 'name': 'Vidoosh', 'age': '70', 'industry': 'publiccvb', 'salary': 'INR2734.2105263157896', 'city': 'Chennai'}
2024-02-07 11:45:15,499 — __main__ — INFO — Client_id (306fcbd2-67fc-44ad-b35c-3e731a78bb08) sent to the client.
2024-02-07 11:45:15,499 — __main__ — INFO — Response from client b77393d6-409f-4767-990f-43725f0e8ad1: {'client_id': 'b77393d6-409f-4767-990f-43725f0e8ad1', 'name': 'Vidoosh', 'age': '70', 'industry': 'publiccvb', 'salary': 'INR2734.2105263157896', 'city': 'Chennai'}
2024-02-07 11:45:15,500 — __main__ — INFO — Client_id (b77393d6-409f-4767-990f-43725f0e8ad1) sent to the client.
2024-02-07 11:45:15,500 — __main__ — INFO — Response from client 43555652-dddb-4791-9954-5879d8586387: {'client_id': '43555652-dddb-4791-9954-5879d8586387', 'name': 'Vidoosh', 'age': '70', 'industry': 'publiccvb', 'salary': 'INR2734.2105263157896', 'city': 'Chennai'}
2024-02-07 11:45:15,501 — __main__ — INFO — Client_id (43555652-dddb-4791-9954-5879d8586387) sent to the client.
2024-02-07 11:45:15,501 — __main__ — INFO — Response from client ecb9e769-fffb-44eb-add2-18e49a7e125c: {'client_id': 'ecb9e769-fffb-44eb-add2-18e49a7e125c', 'name': 'Vidoosh', 'age': '70', 'industry': 'publiccvb', 'salary': 'INR2734.2105263157896', 'city': 'Chennai'}
2024-02-07 11:45:15,501 — __main__ — INFO — Client_id (ecb9e769-fffb-44eb-add2-18e49a7e125c) sent to the client.
2024-02-07 11:45:15,501 — __main__ — INFO — Response from client bdc27ae7-5e06-4d83-95a1-34e3dacb2861: {'client_id': 'bdc27ae7-5e06-4d83-95a1-34e3dacb2861', 'name': 'Vidoosh', 'age': '70', 'industry': 'publiccvb', 'salary': 'INR2734.2105263157896', 'city': 'Chennai'}
2024-02-07 11:45:15,502 — __main__ — INFO — Client_id (bdc27ae7-5e06-4d83-95a1-34e3dacb2861) sent to the client.
2024-02-07 11:45:15,502 — __main__ — INFO — Response from client f5e9cb8b-fba6-461c-bbb5-124c8812baf8: {'client_id': 'f5e9cb8b-fba6-461c-bbb5-124c8812baf8', 'name': 'Vidoosh', 'age': '70', 'industry': 'publiccvb', 'salary': 'INR2734.2105263157896', 'city': 'Chennai'}
2024-02-07 11:45:15,502 — __main__ — INFO — Client_id (f5e9cb8b-fba6-461c-bbb5-124c8812baf8) sent to the client.
2024-02-07 11:45:15,503 — __main__ — INFO — Response from client c5d9e8d9-c9e8-4e3e-bfa0-9fee4b82ac1f: {'client_id': 'c5d9e8d9-c9e8-4e3e-bfa0-9fee4b82ac1f', 'name': 'Vidoosh', 'age': '70', 'industry': 'publiccvb', 'salary': 'INR2734.2105263157896', 'city': 'Chennai'}
2024-02-07 11:45:15,503 — __main__ — INFO — Client_id (c5d9e8d9-c9e8-4e3e-bfa0-9fee4b82ac1f) sent to the client.
2024-02-07 11:45:15,503 — __main__ — INFO — Response from client ceeab11b-7125-474c-bbdf-dd10d1ec00c2: {'client_id': 'ceeab11b-7125-474c-bbdf-dd10d1ec00c2', 'name': 'Vidoosh', 'age': '70', 'industry': 'publiccvb', 'salary': 'INR2734.2105263157896', 'city': 'Chennai'}
2024-02-07 11:45:15,504 — __main__ — INFO — Client_id (ceeab11b-7125-474c-bbdf-dd10d1ec00c2) sent to the client.
2024-02-07 11:45:15,504 — __main__ — INFO — Response from client 280f77e5-42d8-4020-b4a4-69cf75939e7b: {'client_id': '280f77e5-42d8-4020-b4a4-69cf75939e7b', 'name': 'Vidoosh', 'age': '70', 'industry': 'publiccvb', 'salary': 'INR2734.2105263157896', 'city': 'Chennai'}
2024-02-07 11:45:15,504 — __main__ — INFO — Client_id (280f77e5-42d8-4020-b4a4-69cf75939e7b) sent to the client.
2024-02-07 11:45:15,504 — __main__ — INFO — Response from client 85eb160a-bdda-4e36-985f-5ad333c4c16b: {'client_id': '85eb160a-bdda-4e36-985f-5ad333c4c16b', 'name': 'Vidoosh', 'age': '70', 'industry': 'publiccvb', 'salary': 'INR2734.2105263157896', 'city': 'Chennai'}
2024-02-07 11:45:15,505 — __main__ — INFO — Client_id (85eb160a-bdda-4e36-985f-5ad333c4c16b) sent to the client.
2024-02-07 11:45:15,505 — __main__ — INFO — Response from client 3a85c473-f34e-480c-ba20-556ecd5d8d37: {'client_id': '3a85c473-f34e-480c-ba20-556ecd5d8d37', 'name': 'Vidoosh', 'age': '70', 'industry': 'publiccvb', 'salary': 'INR2734.2105263157896', 'city': 'Chennai'}
2024-02-07 11:45:15,506 — __main__ — INFO — Client_id (3a85c473-f34e-480c-ba20-556ecd5d8d37) sent to the client.
2024-02-07 11:45:15,506 — __main__ — INFO — Response from client aa2ae988-5571-4456-b9cf-38b3a4b51204: {'client_id': 'aa2ae988-5571-4456-b9cf-38b3a4b51204', 'name': 'Vidoosh', 'age': '70', 'industry': 'publiccvb', 'salary': 'INR2734.2105263157896', 'city': 'Chennai'}
2024-02-07 11:45:15,506 — __main__ — INFO — Client_id (aa2ae988-5571-4456-b9cf-38b3a4b51204) sent to the client.
2024-02-07 11:45:15,506 — __main__ — INFO — Response from client c52df6ab-b993-438f-820c-681fad66a5ba: {'client_id': 'c52df6ab-b993-438f-820c-681fad66a5ba', 'name': 'Vidoosh', 'age': '70', 'industry': 'publiccvb', 'salary': 'INR2734.2105263157896', 'city': 'Chennai'}
2024-02-07 11:45:15,507 — __main__ — INFO — Client_id (c52df6ab-b993-438f-820c-681fad66a5ba) sent to the client.
2024-02-07 11:45:15,507 — __main__ — INFO — Response from client ecde2975-7f32-4ce3-bf73-0e538256d801: {'client_id': 'ecde2975-7f32-4ce3-bf73-0e538256d801', 'name': 'Vidoosh', 'age': '70', 'industry': 'publiccvb', 'salary': 'INR2734.2105263157896', 'city': 'Chennai'}
2024-02-07 11:45:15,507 — __main__ — INFO — Client_id (ecde2975-7f32-4ce3-bf73-0e538256d801) sent to the client.
2024-02-07 11:45:15,507 — __main__ — INFO — Response from client 11a3118d-bbba-45dd-9d79-a1ead41d0300: {'client_id': '11a3118d-bbba-45dd-9d79-a1ead41d0300', 'name': 'Vidoosh', 'age': '70', 'industry': 'publiccvb', 'salary': 'INR2734.2105263157896', 'city': 'Chennai'}
2024-02-07 11:45:15,508 — __main__ — INFO — Client_id (11a3118d-bbba-45dd-9d79-a1ead41d0300) sent to the client.
2024-02-07 11:45:15,508 — __main__ — INFO — Response from client de62e563-ef1b-4ee1-ae11-c7c8e49e8209: {'client_id': 'de62e563-ef1b-4ee1-ae11-c7c8e49e8209', 'name': 'Vidoosh', 'age': '70', 'industry': 'publiccvb', 'salary': 'INR2734.2105263157896', 'city': 'Chennai'}
2024-02-07 11:45:15,509 — __main__ — INFO — Client_id (de62e563-ef1b-4ee1-ae11-c7c8e49e8209) sent to the client.
2024-02-07 11:45:15,509 — __main__ — INFO — Response from client e405b834-0ba6-4969-b6cf-9151663019ff: {'client_id': 'e405b834-0ba6-4969-b6cf-9151663019ff', 'name': 'Vidoosh', 'age': '70', 'industry': 'publiccvb', 'salary': 'INR2734.2105263157896', 'city': 'Chennai'}
2024-02-07 11:45:15,509 — __main__ — INFO — Client_id (e405b834-0ba6-4969-b6cf-9151663019ff) sent to the client.
2024-02-07 11:45:15,509 — __main__ — INFO — Response from client 2325044d-d155-459e-b77f-719faf94b2d8: {'client_id': '2325044d-d155-459e-b77f-719faf94b2d8', 'name': 'Vidoosh', 'age': '70', 'industry': 'publiccvb', 'salary': 'INR2734.2105263157896', 'city': 'Chennai'}
2024-02-07 11:45:15,510 — __main__ — INFO — Client_id (2325044d-d155-459e-b77f-719faf94b2d8) sent to the client.
2024-02-07 11:45:15,510 — __main__ — INFO — Response from client 15c66b03-1e9a-49e1-8eeb-741f9165a4de: {'client_id': '15c66b03-1e9a-49e1-8eeb-741f9165a4de', 'name': 'Vidoosh', 'age': '70', 'industry': 'publiccvb', 'salary': 'INR2734.2105263157896', 'city': 'Chennai'}
2024-02-07 11:45:15,510 — __main__ — INFO — Client_id (15c66b03-1e9a-49e1-8eeb-741f9165a4de) sent to the client.
2024-02-07 11:45:15,510 — __main__ — INFO — Response from client 16fa3c57-7ff8-4ec5-a7f6-67c1e69e2469: {'client_id': '16fa3c57-7ff8-4ec5-a7f6-67c1e69e2469', 'name': 'Vidoosh', 'age': '70', 'industry': 'publiccvb', 'salary': 'INR2734.2105263157896', 'city': 'Chennai'}
2024-02-07 11:45:15,511 — __main__ — INFO — Client_id (16fa3c57-7ff8-4ec5-a7f6-67c1e69e2469) sent to the client.
2024-02-07 11:45:15,511 — __main__ — INFO — Response from client d510cca0-f2da-4bd1-ae1d-a27855c8f1c4: {'client_id': 'd510cca0-f2da-4bd1-ae1d-a27855c8f1c4', 'name': 'Vidoosh', 'age': '70', 'industry': 'publiccvb', 'salary': 'INR2734.2105263157896', 'city': 'Chennai'}
2024-02-07 11:45:15,512 — __main__ — INFO — Client_id (d510cca0-f2da-4bd1-ae1d-a27855c8f1c4) sent to the client.
2024-02-07 11:45:15,512 — __main__ — INFO — Response from client c498e513-47ed-4aec-8ac0-ee1d62d072af: {'client_id': 'c498e513-47ed-4aec-8ac0-ee1d62d072af', 'name': 'Vidoosh', 'age': '70', 'industry': 'publiccvb', 'salary': 'INR2734.2105263157896', 'city': 'Chennai'}
2024-02-07 11:45:15,512 — __main__ — INFO — Client_id (c498e513-47ed-4aec-8ac0-ee1d62d072af) sent to the client.
2024-02-07 11:45:15,513 — __main__ — INFO — Response from client 8b3839b5-8b03-4f60-b55e-760ae5c7e139: {'client_id': '8b3839b5-8b03-4f60-b55e-760ae5c7e139', 'name': 'Vidoosh', 'age': '70', 'industry': 'publiccvb', 'salary': 'INR2734.2105263157896', 'city': 'Chennai'}
2024-02-07 11:45:15,513 — __main__ — INFO — Client_id (8b3839b5-8b03-4f60-b55e-760ae5c7e139) sent to the client.
2024-02-07 11:45:15,514 — __main__ — INFO — Response from client 79b5f26e-3072-4037-9f7a-b6711f9cdf1d: {'client_id': '79b5f26e-3072-4037-9f7a-b6711f9cdf1d', 'name': 'Vidoosh', 'age': '70', 'industry': 'publiccvb', 'salary': 'INR2734.2105263157896', 'city': 'Chennai'}
2024-02-07 11:45:15,514 — __main__ — INFO — Client_id (79b5f26e-3072-4037-9f7a-b6711f9cdf1d) sent to the client.
2024-02-07 11:45:15,514 — __main__ — INFO — Response from client b07d1563-52d3-433b-89ae-6cc715aa5dc9: {'client_id': 'b07d1563-52d3-433b-89ae-6cc715aa5dc9', 'name': 'Vidoosh', 'age': '70', 'industry': 'publiccvb', 'salary': 'INR2734.2105263157896', 'city': 'Chennai'}
2024-02-07 11:45:15,515 — __main__ — INFO — Client_id (b07d1563-52d3-433b-89ae-6cc715aa5dc9) sent to the client.
2024-02-07 11:45:15,523 — __main__ — INFO — Data with client_id - 5ce077fe-b849-4acb-8322-401f482e84f2 sent.
2024-02-07 11:45:15,524 — __main__ — INFO — Data with client_id - cf8933cb-1740-4cc6-b31b-445871e2c433 sent.
2024-02-07 11:45:15,525 — __main__ — INFO — Data with client_id - 559dbf90-04fb-44cf-8dad-0b2a79b162f8 sent.
2024-02-07 11:45:15,526 — __main__ — INFO — Data with client_id - 03fad2b6-d1dd-4d71-9798-faf216d328b5 sent.
2024-02-07 11:45:15,527 — __main__ — INFO — Data with client_id - c6786f62-7f86-4c35-a3b4-cc573a2bdfb9 sent.
2024-02-07 11:45:15,529 — __main__ — INFO — Data with client_id - 8ced5ab1-4124-44ec-b694-403ca6e4a84e sent.
2024-02-07 11:45:15,530 — __main__ — INFO — Data with client_id - 6a1f5f93-9cd3-4bde-8c16-40e6855bdfd7 sent.
2024-02-07 11:45:15,531 — __main__ — INFO — Data with client_id - 83a00bab-ac8e-4fd1-83be-ebfd8caf61f3 sent.
2024-02-07 11:45:15,532 — __main__ — INFO — Data with client_id - a02a93c1-25d0-45c7-b661-fbb96b72852a sent.
2024-02-07 11:45:15,533 — __main__ — INFO — Data with client_id - 2db195de-efdf-4e52-b4e5-d171e51a4ea7 sent.
2024-02-07 11:45:15,534 — __main__ — INFO — Data with client_id - 7566f4b5-bb6a-4df9-a168-94fd560e48a5 sent.
2024-02-07 11:45:15,536 — __main__ — INFO — Data with client_id - fee8133f-355e-4fa9-be0f-5e51e6a829f9 sent.
2024-02-07 11:45:15,537 — __main__ — INFO — Data with client_id - 50709d35-a52f-42db-9b12-058cf1e98a48 sent.
2024-02-07 11:45:15,538 — __main__ — INFO — Data with client_id - be11d2d3-6bf4-49fd-b756-0ba687843509 sent.
2024-02-07 11:45:15,539 — __main__ — INFO — Data with client_id - 8e07bc63-9455-4b28-ac0e-95c4958db9ae sent.
2024-02-07 11:45:15,540 — __main__ — INFO — Data with client_id - 6b4d7f5c-fd85-4b05-95f6-ec58fb0f9da6 sent.
2024-02-07 11:45:15,541 — __main__ — INFO — Data with client_id - 2fe90de9-1b3b-4302-9601-8c348e68a263 sent.
2024-02-07 11:45:15,543 — __main__ — INFO — Data with client_id - c5a0d054-7e01-436a-93bf-ab59e6eb315a sent.
2024-02-07 11:45:15,544 — __main__ — INFO — Data with client_id - 09e90276-a43f-4432-9969-b294ee546ecb sent.
2024-02-07 11:45:15,545 — __main__ — INFO — Data with client_id - f3961e0d-abce-481d-80e4-f91666031615 sent.
2024-02-07 11:45:15,546 — __main__ — INFO — Data with client_id - b07d1563-52d3-433b-89ae-6cc715aa5dc9 sent.
2024-02-07 11:45:15,548 — __main__ — INFO — Data with client_id - 2c043582-dce4-4a13-9ef0-65ded8177f85 sent.
2024-02-07 11:45:15,549 — __main__ — INFO — Data with client_id - 7979eef7-6425-4f51-8085-0a01da6c7cab sent.
2024-02-07 11:45:15,550 — __main__ — INFO — Data with client_id - bfbbd00d-30ec-4c03-a028-f637c2daa918 sent.
2024-02-07 11:45:15,552 — __main__ — INFO — Data with client_id - cac240e3-51d0-42e0-a526-ad36d38a50ad sent.
2024-02-07 11:45:15,553 — __main__ — INFO — Data with client_id - d469428e-7020-41c1-84a3-485e5dad39fb sent.
2024-02-07 11:45:15,554 — __main__ — INFO — Data with client_id - b67bc468-06e8-47bd-8b65-35704e68fc56 sent.
2024-02-07 11:45:15,555 — __main__ — INFO — Data with client_id - 43555652-dddb-4791-9954-5879d8586387 sent.
2024-02-07 11:45:15,557 — __main__ — INFO — Data with client_id - f5e9cb8b-fba6-461c-bbb5-124c8812baf8 sent.
2024-02-07 11:45:15,558 — __main__ — INFO — Data with client_id - 280f77e5-42d8-4020-b4a4-69cf75939e7b sent.
2024-02-07 11:45:15,559 — __main__ — INFO — Data with client_id - aa2ae988-5571-4456-b9cf-38b3a4b51204 sent.
2024-02-07 11:45:15,560 — __main__ — INFO — Data with client_id - 11a3118d-bbba-45dd-9d79-a1ead41d0300 sent.
2024-02-07 11:45:15,562 — __main__ — INFO — Data with client_id - 2325044d-d155-459e-b77f-719faf94b2d8 sent.
2024-02-07 11:45:15,562 — __main__ — INFO — Data with client_id - d510cca0-f2da-4bd1-ae1d-a27855c8f1c4 sent.
2024-02-07 11:45:15,563 — __main__ — INFO — Data with client_id - 669bb24f-9639-4aec-a4de-cb982c02249d sent.
2024-02-07 11:45:15,563 — __main__ — INFO — Data with client_id - 2bd7519c-3ac5-42bb-a568-d41a36f5bae1 sent.
2024-02-07 11:45:15,564 — __main__ — INFO — Data with client_id - 7c27f93e-c012-4d77-a775-ea1df31c7f82 sent.
2024-02-07 11:45:15,565 — __main__ — INFO — Data with client_id - 84a8257d-61f2-4dea-be51-5f26057eb425 sent.
2024-02-07 11:45:15,565 — __main__ — INFO — Data with client_id - ec6154ba-a2fb-459c-a4ba-179cb1f4b99d sent.
2024-02-07 11:45:15,566 — __main__ — INFO — Data with client_id - 024be2a0-6ad8-4c19-9ed9-aff2bf6595e5 sent.
2024-02-07 11:45:15,567 — __main__ — INFO — Data with client_id - 3a99d8ae-fdfa-48e7-85a3-047d2e10c13d sent.
2024-02-07 11:45:15,568 — __main__ — INFO — Data with client_id - 345b74fd-1ea9-4e4a-8479-1d24d6e6c47a sent.
2024-02-07 11:45:15,568 — __main__ — INFO — Data with client_id - 45a2e81f-3bfd-41d3-bef0-c9917a67cb3c sent.
2024-02-07 11:45:15,569 — __main__ — INFO — Data with client_id - 7b14cb56-5afa-420c-9a9c-df41a6c33782 sent.
2024-02-07 11:45:15,570 — __main__ — INFO — Data with client_id - 2c7b884a-545b-4b8f-9d08-c2e17edeb3e8 sent.
2024-02-07 11:45:15,570 — __main__ — INFO — Data with client_id - 7c6c708c-c78a-4ffd-8002-aec882cf168b sent.
2024-02-07 11:45:15,571 — __main__ — INFO — Data with client_id - 79c1d0fc-6e32-4600-879b-95f051e472a2 sent.
2024-02-07 11:45:15,572 — __main__ — INFO — Data with client_id - 41f7056b-d327-43eb-8f32-21bfc55e0506 sent.
2024-02-07 11:45:15,572 — __main__ — INFO — Data with client_id - c642e180-a88d-4e88-95f0-9082f347b38d sent.
2024-02-07 11:45:15,573 — __main__ — INFO — Data with client_id - 0792f1ac-b2d2-4ffc-9989-7ad237651e4a sent.
2024-02-07 11:45:15,574 — __main__ — INFO — Data with client_id - cadfdaeb-a1a8-4a80-b93c-f39f2940d756 sent.
2024-02-07 11:45:15,574 — __main__ — INFO — Data with client_id - 5751ab6f-5b99-451e-8d8f-032e86de43af sent.
2024-02-07 11:45:15,575 — __main__ — INFO — Data with client_id - 79b5f26e-3072-4037-9f7a-b6711f9cdf1d sent.
2024-02-07 11:45:15,576 — __main__ — INFO — Data with client_id - 09ee2648-eed8-48ee-916f-8c2cfd5473b6 sent.
2024-02-07 11:45:15,577 — __main__ — INFO — Data with client_id - c498e513-47ed-4aec-8ac0-ee1d62d072af sent.
2024-02-07 11:45:15,577 — __main__ — INFO — Data with client_id - b9575c95-1209-4997-8427-6e33192fc4a0 sent.
2024-02-07 11:45:15,578 — __main__ — INFO — Data with client_id - 10aedcf5-0c87-4850-a0f5-93049df3a3a0 sent.
2024-02-07 11:45:15,579 — __main__ — INFO — Data with client_id - 5501f356-7b16-43a1-b138-26f1f11daece sent.
2024-02-07 11:45:15,579 — __main__ — INFO — Data with client_id - 5589bb93-d607-4c3e-9a6a-b9be94a45360 sent.
2024-02-07 11:45:15,580 — __main__ — INFO — Data with client_id - b77393d6-409f-4767-990f-43725f0e8ad1 sent.
2024-02-07 11:45:15,581 — __main__ — INFO — Data with client_id - bdc27ae7-5e06-4d83-95a1-34e3dacb2861 sent.
2024-02-07 11:45:15,581 — __main__ — INFO — Data with client_id - ceeab11b-7125-474c-bbdf-dd10d1ec00c2 sent.
2024-02-07 11:45:15,582 — __main__ — INFO — Data with client_id - 3a85c473-f34e-480c-ba20-556ecd5d8d37 sent.
2024-02-07 11:45:15,583 — __main__ — INFO — Data with client_id - ecde2975-7f32-4ce3-bf73-0e538256d801 sent.
2024-02-07 11:45:15,583 — __main__ — INFO — Data with client_id - e405b834-0ba6-4969-b6cf-9151663019ff sent.
2024-02-07 11:45:15,584 — __main__ — INFO — Data with client_id - 16fa3c57-7ff8-4ec5-a7f6-67c1e69e2469 sent.
2024-02-07 11:45:15,585 — __main__ — INFO — Data with client_id - 45ab8cad-6d03-41f8-bfae-5a52a5b76bb7 sent.
2024-02-07 11:45:15,586 — __main__ — INFO — Data with client_id - bbeeccaf-ec68-4376-9d6a-ed039ce2a82c sent.
2024-02-07 11:45:15,587 — __main__ — INFO — Data with client_id - 5ec0d483-10c1-4549-9c11-91396d00ef49 sent.
2024-02-07 11:45:15,588 — __main__ — INFO — Data with client_id - 177ec610-cf2a-42fb-9fcc-d6d2e8be2225 sent.
2024-02-07 11:45:15,589 — __main__ — INFO — Data with client_id - f7f39d69-5c4b-4d4e-afaf-002fdf3d2d80 sent.
2024-02-07 11:45:15,590 — __main__ — INFO — Data with client_id - a1a388cc-8942-4f53-9db2-5859647132cb sent.
2024-02-07 11:45:15,591 — __main__ — INFO — Data with client_id - 2a730aa8-1012-433d-955c-f1acbc2f4862 sent.
2024-02-07 11:45:15,592 — __main__ — INFO — Data with client_id - 095535cc-d24a-42f5-82a4-836a266adb87 sent.
2024-02-07 11:45:15,593 — __main__ — INFO — Data with client_id - 12771d04-90bf-48d7-9c90-845a1f02c83c sent.
2024-02-07 11:45:15,594 — __main__ — INFO — Data with client_id - ca6a1c97-9a8d-4f08-9ab8-05aaeb357051 sent.
2024-02-07 11:45:15,595 — __main__ — INFO — Data with client_id - 9a6414ee-379f-43ed-805d-585044e8ddbb sent.
2024-02-07 11:45:15,596 — __main__ — INFO — Data with client_id - 208ea43b-a00f-4351-a455-e6cbf3671d86 sent.
2024-02-07 11:45:15,597 — __main__ — INFO — Data with client_id - 85d77c7e-fbfb-4ff5-a449-3c5f94a0c524 sent.
2024-02-07 11:45:15,598 — __main__ — INFO — Data with client_id - 306fcbd2-67fc-44ad-b35c-3e731a78bb08 sent.
2024-02-07 11:45:15,599 — __main__ — INFO — Data with client_id - c5d9e8d9-c9e8-4e3e-bfa0-9fee4b82ac1f sent.
2024-02-07 11:45:15,600 — __main__ — INFO — Data with client_id - c52df6ab-b993-438f-820c-681fad66a5ba sent.
2024-02-07 11:45:15,601 — __main__ — INFO — Data with client_id - 15c66b03-1e9a-49e1-8eeb-741f9165a4de sent.
2024-02-07 11:45:15,602 — __main__ — INFO — Data with client_id - 2cdf895a-9960-40de-9da6-d47e09f1103a sent.
2024-02-07 11:45:15,602 — __main__ — INFO — Data with client_id - 7af6ba1d-0174-4b9b-b47d-cdb32bccedc2 sent.
2024-02-07 11:45:15,603 — __main__ — INFO — Data with client_id - 94e7e760-ce04-49d6-b3b7-8db17d168d03 sent.
2024-02-07 11:45:15,604 — __main__ — INFO — Data with client_id - 9fdc5cfc-32fd-4b53-962b-77705ffb6f72 sent.
2024-02-07 11:45:15,605 — __main__ — INFO — Data with client_id - 9853854f-1277-48c8-93d6-04da523d0656 sent.
2024-02-07 11:45:15,606 — __main__ — INFO — Data with client_id - 8b3839b5-8b03-4f60-b55e-760ae5c7e139 sent.
2024-02-07 11:45:15,607 — __main__ — INFO — Data with client_id - 43ce1712-5193-4a45-a2d9-22b4ab7f415f sent.
2024-02-07 11:45:15,608 — __main__ — INFO — Data with client_id - ecb9e769-fffb-44eb-add2-18e49a7e125c sent.
2024-02-07 11:45:15,609 — __main__ — INFO — Data with client_id - de62e563-ef1b-4ee1-ae11-c7c8e49e8209 sent.
2024-02-07 11:45:15,611 — __main__ — INFO — Data with client_id - 9fa70c9c-9ba8-4627-a8fd-5e12999419d7 sent.
2024-02-07 11:45:15,611 — __main__ — INFO — Data with client_id - e6972878-4c31-4c8d-8452-f36ea65a811e sent.
2024-02-07 11:45:15,612 — __main__ — INFO — Data with client_id - b0d6bd57-bc28-4a7f-96bd-e34c9c04aa38 sent.
2024-02-07 11:45:15,613 — __main__ — INFO — Data with client_id - 85eb160a-bdda-4e36-985f-5ad333c4c16b sent.
2024-02-07 11:45:15,615 — __main__ — INFO — Data with client_id - bd111ba1-c903-48e5-a869-ec735a305c28 sent.
2024-02-07 11:45:15,615 — __main__ — INFO — Data with client_id - f42cc97b-f821-48d3-bc70-97926b97ad28 sent.
2024-02-07 11:45:15,617 — __main__ — INFO — Data with client_id - 022c3333-d431-478a-8cb9-47038fc2a9f9 sent.
2024-02-07 11:45:15,617 — __main__ — INFO — Data with client_id - 54eb5d86-1793-4162-bc6f-750cf4ad156f sent.
